[0.160s] DEBUG:colcon:Command line arguments: ['/usr/bin/colcon', 'build', '--packages-select', 'multi_robot_exploration']
[0.160s] DEBUG:colcon:Parsed command line arguments: Namespace(log_base=None, log_level=None, verb_name='build', build_base='build', install_base='install', merge_install=False, symlink_install=False, test_result_base=None, continue_on_error=False, executor='parallel', parallel_workers=8, event_handlers=None, ignore_user_meta=False, metas=['./colcon.meta'], base_paths=['.'], packages_ignore=None, packages_ignore_regex=None, paths=None, packages_up_to=None, packages_up_to_regex=None, packages_above=None, packages_above_and_dependencies=None, packages_above_depth=None, packages_select_by_dep=None, packages_skip_by_dep=None, packages_skip_up_to=None, packages_select_build_failed=False, packages_skip_build_finished=False, packages_select_test_failures=False, packages_skip_test_passed=False, packages_select=['multi_robot_exploration'], packages_skip=None, packages_select_regex=None, packages_skip_regex=None, packages_start=None, packages_end=None, allow_overriding=[], cmake_args=None, cmake_target=None, cmake_target_skip_unavailable=False, cmake_clean_cache=False, cmake_clean_first=False, cmake_force_configure=False, ament_cmake_args=None, catkin_cmake_args=None, catkin_skip_building_tests=False, verb_parser=<colcon_defaults.argument_parser.defaults.DefaultArgumentsDecorator object at 0x73e362858310>, verb_extension=<colcon_core.verb.build.BuildVerb object at 0x73e362823df0>, main=<bound method BuildVerb.main of <colcon_core.verb.build.BuildVerb object at 0x73e362823df0>>)
[0.351s] Level 1:colcon.colcon_core.package_discovery:discover_packages(colcon_meta) check parameters
[0.351s] Level 1:colcon.colcon_core.package_discovery:discover_packages(recursive) check parameters
[0.351s] Level 1:colcon.colcon_core.package_discovery:discover_packages(ignore) check parameters
[0.351s] Level 1:colcon.colcon_core.package_discovery:discover_packages(path) check parameters
[0.351s] Level 1:colcon.colcon_core.package_discovery:discover_packages(colcon_meta) discover
[0.351s] Level 1:colcon.colcon_core.package_discovery:discover_packages(recursive) discover
[0.351s] INFO:colcon.colcon_core.package_discovery:Crawling recursively for packages in '/home/nangao/multi_explore/multi-robot-slam'
[0.352s] Level 1:colcon.colcon_core.package_identification:_identify(.) by extensions ['ignore', 'ignore_ament_install']
[0.352s] Level 1:colcon.colcon_core.package_identification:_identify(.) by extension 'ignore'
[0.352s] Level 1:colcon.colcon_core.package_identification:_identify(.) by extension 'ignore_ament_install'
[0.352s] Level 1:colcon.colcon_core.package_identification:_identify(.) by extensions ['colcon_pkg']
[0.352s] Level 1:colcon.colcon_core.package_identification:_identify(.) by extension 'colcon_pkg'
[0.352s] Level 1:colcon.colcon_core.package_identification:_identify(.) by extensions ['colcon_meta']
[0.352s] Level 1:colcon.colcon_core.package_identification:_identify(.) by extension 'colcon_meta'
[0.352s] Level 1:colcon.colcon_core.package_identification:_identify(.) by extensions ['ros']
[0.352s] Level 1:colcon.colcon_core.package_identification:_identify(.) by extension 'ros'
[0.362s] Level 1:colcon.colcon_core.package_identification:_identify(.) by extensions ['cmake', 'python']
[0.362s] Level 1:colcon.colcon_core.package_identification:_identify(.) by extension 'cmake'
[0.362s] Level 1:colcon.colcon_core.package_identification:_identify(.) by extension 'python'
[0.363s] Level 1:colcon.colcon_core.package_identification:_identify(.) by extensions ['python_setup_py']
[0.363s] Level 1:colcon.colcon_core.package_identification:_identify(.) by extension 'python_setup_py'
[0.363s] Level 1:colcon.colcon_core.package_identification:_identify(build) by extensions ['ignore', 'ignore_ament_install']
[0.363s] Level 1:colcon.colcon_core.package_identification:_identify(build) by extension 'ignore'
[0.363s] Level 1:colcon.colcon_core.package_identification:_identify(build) ignored
[0.363s] Level 1:colcon.colcon_core.package_identification:_identify(install) by extensions ['ignore', 'ignore_ament_install']
[0.363s] Level 1:colcon.colcon_core.package_identification:_identify(install) by extension 'ignore'
[0.363s] Level 1:colcon.colcon_core.package_identification:_identify(install) ignored
[0.363s] Level 1:colcon.colcon_core.package_identification:_identify(log) by extensions ['ignore', 'ignore_ament_install']
[0.363s] Level 1:colcon.colcon_core.package_identification:_identify(log) by extension 'ignore'
[0.363s] Level 1:colcon.colcon_core.package_identification:_identify(log) ignored
[0.363s] Level 1:colcon.colcon_core.package_identification:_identify(src) by extensions ['ignore', 'ignore_ament_install']
[0.363s] Level 1:colcon.colcon_core.package_identification:_identify(src) by extension 'ignore'
[0.363s] Level 1:colcon.colcon_core.package_identification:_identify(src) by extension 'ignore_ament_install'
[0.363s] Level 1:colcon.colcon_core.package_identification:_identify(src) by extensions ['colcon_pkg']
[0.363s] Level 1:colcon.colcon_core.package_identification:_identify(src) by extension 'colcon_pkg'
[0.363s] Level 1:colcon.colcon_core.package_identification:_identify(src) by extensions ['colcon_meta']
[0.363s] Level 1:colcon.colcon_core.package_identification:_identify(src) by extension 'colcon_meta'
[0.363s] Level 1:colcon.colcon_core.package_identification:_identify(src) by extensions ['ros']
[0.363s] Level 1:colcon.colcon_core.package_identification:_identify(src) by extension 'ros'
[0.363s] Level 1:colcon.colcon_core.package_identification:_identify(src) by extensions ['cmake', 'python']
[0.363s] Level 1:colcon.colcon_core.package_identification:_identify(src) by extension 'cmake'
[0.363s] Level 1:colcon.colcon_core.package_identification:_identify(src) by extension 'python'
[0.363s] Level 1:colcon.colcon_core.package_identification:_identify(src) by extensions ['python_setup_py']
[0.363s] Level 1:colcon.colcon_core.package_identification:_identify(src) by extension 'python_setup_py'
[0.363s] Level 1:colcon.colcon_core.package_identification:_identify(src/multi_robot_exploration) by extensions ['ignore', 'ignore_ament_install']
[0.364s] Level 1:colcon.colcon_core.package_identification:_identify(src/multi_robot_exploration) by extension 'ignore'
[0.364s] Level 1:colcon.colcon_core.package_identification:_identify(src/multi_robot_exploration) by extension 'ignore_ament_install'
[0.364s] Level 1:colcon.colcon_core.package_identification:_identify(src/multi_robot_exploration) by extensions ['colcon_pkg']
[0.364s] Level 1:colcon.colcon_core.package_identification:_identify(src/multi_robot_exploration) by extension 'colcon_pkg'
[0.364s] Level 1:colcon.colcon_core.package_identification:_identify(src/multi_robot_exploration) by extensions ['colcon_meta']
[0.364s] Level 1:colcon.colcon_core.package_identification:_identify(src/multi_robot_exploration) by extension 'colcon_meta'
[0.364s] Level 1:colcon.colcon_core.package_identification:_identify(src/multi_robot_exploration) by extensions ['ros']
[0.364s] Level 1:colcon.colcon_core.package_identification:_identify(src/multi_robot_exploration) by extension 'ros'
[0.367s] DEBUG:colcon.colcon_core.package_identification:Package 'src/multi_robot_exploration' with type 'ros.ament_cmake' and name 'multi_robot_exploration'
[0.367s] Level 1:colcon.colcon_core.package_identification:_identify(src/multi_robot_slam) by extensions ['ignore', 'ignore_ament_install']
[0.367s] Level 1:colcon.colcon_core.package_identification:_identify(src/multi_robot_slam) by extension 'ignore'
[0.367s] Level 1:colcon.colcon_core.package_identification:_identify(src/multi_robot_slam) by extension 'ignore_ament_install'
[0.367s] Level 1:colcon.colcon_core.package_identification:_identify(src/multi_robot_slam) by extensions ['colcon_pkg']
[0.367s] Level 1:colcon.colcon_core.package_identification:_identify(src/multi_robot_slam) by extension 'colcon_pkg'
[0.367s] Level 1:colcon.colcon_core.package_identification:_identify(src/multi_robot_slam) by extensions ['colcon_meta']
[0.367s] Level 1:colcon.colcon_core.package_identification:_identify(src/multi_robot_slam) by extension 'colcon_meta'
[0.367s] Level 1:colcon.colcon_core.package_identification:_identify(src/multi_robot_slam) by extensions ['ros']
[0.367s] Level 1:colcon.colcon_core.package_identification:_identify(src/multi_robot_slam) by extension 'ros'
[0.368s] DEBUG:colcon.colcon_core.package_identification:Package 'src/multi_robot_slam' with type 'ros.ament_cmake' and name 'multi_robot_slam'
[0.368s] Level 1:colcon.colcon_core.package_identification:_identify(src/robot_description) by extensions ['ignore', 'ignore_ament_install']
[0.368s] Level 1:colcon.colcon_core.package_identification:_identify(src/robot_description) by extension 'ignore'
[0.368s] Level 1:colcon.colcon_core.package_identification:_identify(src/robot_description) by extension 'ignore_ament_install'
[0.368s] Level 1:colcon.colcon_core.package_identification:_identify(src/robot_description) by extensions ['colcon_pkg']
[0.368s] Level 1:colcon.colcon_core.package_identification:_identify(src/robot_description) by extension 'colcon_pkg'
[0.368s] Level 1:colcon.colcon_core.package_identification:_identify(src/robot_description) by extensions ['colcon_meta']
[0.368s] Level 1:colcon.colcon_core.package_identification:_identify(src/robot_description) by extension 'colcon_meta'
[0.368s] Level 1:colcon.colcon_core.package_identification:_identify(src/robot_description) by extensions ['ros']
[0.368s] Level 1:colcon.colcon_core.package_identification:_identify(src/robot_description) by extension 'ros'
[0.370s] DEBUG:colcon.colcon_core.package_identification:Package 'src/robot_description' with type 'ros.ament_cmake' and name 'robot_description'
[0.371s] Level 1:colcon.colcon_core.package_identification:_identify(src/uwb_simulation) by extensions ['ignore', 'ignore_ament_install']
[0.371s] Level 1:colcon.colcon_core.package_identification:_identify(src/uwb_simulation) by extension 'ignore'
[0.371s] Level 1:colcon.colcon_core.package_identification:_identify(src/uwb_simulation) by extension 'ignore_ament_install'
[0.371s] Level 1:colcon.colcon_core.package_identification:_identify(src/uwb_simulation) by extensions ['colcon_pkg']
[0.371s] Level 1:colcon.colcon_core.package_identification:_identify(src/uwb_simulation) by extension 'colcon_pkg'
[0.371s] Level 1:colcon.colcon_core.package_identification:_identify(src/uwb_simulation) by extensions ['colcon_meta']
[0.371s] Level 1:colcon.colcon_core.package_identification:_identify(src/uwb_simulation) by extension 'colcon_meta'
[0.371s] Level 1:colcon.colcon_core.package_identification:_identify(src/uwb_simulation) by extensions ['ros']
[0.371s] Level 1:colcon.colcon_core.package_identification:_identify(src/uwb_simulation) by extension 'ros'
[0.372s] DEBUG:colcon.colcon_core.package_identification:Package 'src/uwb_simulation' with type 'ros.ament_cmake' and name 'uwb_simulation'
[0.372s] Level 1:colcon.colcon_core.package_discovery:discover_packages(recursive) using defaults
[0.372s] Level 1:colcon.colcon_core.package_discovery:discover_packages(ignore) discover
[0.372s] Level 1:colcon.colcon_core.package_discovery:discover_packages(ignore) using defaults
[0.372s] Level 1:colcon.colcon_core.package_discovery:discover_packages(path) discover
[0.372s] Level 1:colcon.colcon_core.package_discovery:discover_packages(path) using defaults
[0.400s] INFO:colcon.colcon_core.package_selection:Skipping not selected package 'multi_robot_slam' in 'src/multi_robot_slam'
[0.400s] INFO:colcon.colcon_core.package_selection:Skipping not selected package 'robot_description' in 'src/robot_description'
[0.400s] INFO:colcon.colcon_core.package_selection:Skipping not selected package 'uwb_simulation' in 'src/uwb_simulation'
[0.401s] Level 1:colcon.colcon_core.package_discovery:discover_packages(prefix_path) check parameters
[0.401s] Level 1:colcon.colcon_core.package_discovery:discover_packages(prefix_path) discover
[0.402s] DEBUG:colcon.colcon_installed_package_information.package_discovery:Found 4 installed packages in /home/nangao/multi_explore/multi-robot-slam/install
[0.404s] DEBUG:colcon.colcon_installed_package_information.package_discovery:Found 370 installed packages in /opt/ros/humble
[0.405s] Level 1:colcon.colcon_core.package_discovery:discover_packages(prefix_path) using defaults
[0.491s] Level 5:colcon.colcon_core.verb:set package 'multi_robot_exploration' build argument 'cmake_args' from command line to 'None'
[0.491s] Level 5:colcon.colcon_core.verb:set package 'multi_robot_exploration' build argument 'cmake_target' from command line to 'None'
[0.491s] Level 5:colcon.colcon_core.verb:set package 'multi_robot_exploration' build argument 'cmake_target_skip_unavailable' from command line to 'False'
[0.491s] Level 5:colcon.colcon_core.verb:set package 'multi_robot_exploration' build argument 'cmake_clean_cache' from command line to 'False'
[0.491s] Level 5:colcon.colcon_core.verb:set package 'multi_robot_exploration' build argument 'cmake_clean_first' from command line to 'False'
[0.491s] Level 5:colcon.colcon_core.verb:set package 'multi_robot_exploration' build argument 'cmake_force_configure' from command line to 'False'
[0.491s] Level 5:colcon.colcon_core.verb:set package 'multi_robot_exploration' build argument 'ament_cmake_args' from command line to 'None'
[0.491s] Level 5:colcon.colcon_core.verb:set package 'multi_robot_exploration' build argument 'catkin_cmake_args' from command line to 'None'
[0.491s] Level 5:colcon.colcon_core.verb:set package 'multi_robot_exploration' build argument 'catkin_skip_building_tests' from command line to 'False'
[0.491s] DEBUG:colcon.colcon_core.verb:Building package 'multi_robot_exploration' with the following arguments: {'ament_cmake_args': None, 'build_base': '/home/nangao/multi_explore/multi-robot-slam/build/multi_robot_exploration', 'catkin_cmake_args': None, 'catkin_skip_building_tests': False, 'cmake_args': None, 'cmake_clean_cache': False, 'cmake_clean_first': False, 'cmake_force_configure': False, 'cmake_target': None, 'cmake_target_skip_unavailable': False, 'install_base': '/home/nangao/multi_explore/multi-robot-slam/install/multi_robot_exploration', 'merge_install': False, 'path': '/home/nangao/multi_explore/multi-robot-slam/src/multi_robot_exploration', 'symlink_install': False, 'test_result_base': None}
[0.491s] INFO:colcon.colcon_core.executor:Executing jobs using 'parallel' executor
[0.492s] DEBUG:colcon.colcon_parallel_executor.executor.parallel:run_until_complete
[0.492s] INFO:colcon.colcon_ros.task.ament_cmake.build:Building ROS package in '/home/nangao/multi_explore/multi-robot-slam/src/multi_robot_exploration' with build type 'ament_cmake'
[0.493s] INFO:colcon.colcon_cmake.task.cmake.build:Building CMake package in '/home/nangao/multi_explore/multi-robot-slam/src/multi_robot_exploration'
[0.495s] INFO:colcon.colcon_core.plugin_system:Skipping extension 'colcon_core.shell.bat': Not used on non-Windows systems
[0.496s] INFO:colcon.colcon_core.shell:Skip shell extension 'powershell' for command environment: Not usable outside of PowerShell
[0.496s] DEBUG:colcon.colcon_core.shell:Skip shell extension 'dsv' for command environment
[0.517s] DEBUG:colcon.colcon_core.event_handler.log_command:Invoking command in '/home/nangao/multi_explore/multi-robot-slam/build/multi_robot_exploration': CMAKE_PREFIX_PATH=${CMAKE_PREFIX_PATH}:/opt/ros/humble /usr/bin/cmake --build /home/nangao/multi_explore/multi-robot-slam/build/multi_robot_exploration -- -j8 -l8
[0.704s] DEBUG:colcon.colcon_core.event_handler.log_command:Invoked command in '/home/nangao/multi_explore/multi-robot-slam/build/multi_robot_exploration' returned '0': CMAKE_PREFIX_PATH=${CMAKE_PREFIX_PATH}:/opt/ros/humble /usr/bin/cmake --build /home/nangao/multi_explore/multi-robot-slam/build/multi_robot_exploration -- -j8 -l8
[0.764s] DEBUG:colcon.colcon_core.event_handler.log_command:Invoking command in '/home/nangao/multi_explore/multi-robot-slam/build/multi_robot_exploration': CMAKE_PREFIX_PATH=${CMAKE_PREFIX_PATH}:/opt/ros/humble /usr/bin/cmake --install /home/nangao/multi_explore/multi-robot-slam/build/multi_robot_exploration
[0.775s] Level 1:colcon.colcon_core.environment:create_environment_scripts_only(multi_robot_exploration)
[0.776s] DEBUG:colcon.colcon_core.event_handler.log_command:Invoked command in '/home/nangao/multi_explore/multi-robot-slam/build/multi_robot_exploration' returned '0': CMAKE_PREFIX_PATH=${CMAKE_PREFIX_PATH}:/opt/ros/humble /usr/bin/cmake --install /home/nangao/multi_explore/multi-robot-slam/build/multi_robot_exploration
[0.780s] Level 1:colcon.colcon_core.environment:checking '/home/nangao/multi_explore/multi-robot-slam/install/multi_robot_exploration' for CMake module files
[0.781s] Level 1:colcon.colcon_core.environment:checking '/home/nangao/multi_explore/multi-robot-slam/install/multi_robot_exploration' for CMake config files
[0.782s] Level 1:colcon.colcon_core.shell:create_environment_hook('multi_robot_exploration', 'cmake_prefix_path')
[0.782s] INFO:colcon.colcon_core.shell:Creating environment hook '/home/nangao/multi_explore/multi-robot-slam/install/multi_robot_exploration/share/multi_robot_exploration/hook/cmake_prefix_path.ps1'
[0.783s] INFO:colcon.colcon_core.shell:Creating environment descriptor '/home/nangao/multi_explore/multi-robot-slam/install/multi_robot_exploration/share/multi_robot_exploration/hook/cmake_prefix_path.dsv'
[0.783s] INFO:colcon.colcon_core.shell:Creating environment hook '/home/nangao/multi_explore/multi-robot-slam/install/multi_robot_exploration/share/multi_robot_exploration/hook/cmake_prefix_path.sh'
[0.785s] Level 1:colcon.colcon_core.environment:checking '/home/nangao/multi_explore/multi-robot-slam/install/multi_robot_exploration/lib'
[0.785s] Level 1:colcon.colcon_core.environment:checking '/home/nangao/multi_explore/multi-robot-slam/install/multi_robot_exploration/bin'
[0.785s] Level 1:colcon.colcon_core.environment:checking '/home/nangao/multi_explore/multi-robot-slam/install/multi_robot_exploration/lib/pkgconfig/multi_robot_exploration.pc'
[0.785s] Level 1:colcon.colcon_core.environment:checking '/home/nangao/multi_explore/multi-robot-slam/install/multi_robot_exploration/lib/python3.10/site-packages'
[0.785s] Level 1:colcon.colcon_core.environment:checking '/home/nangao/multi_explore/multi-robot-slam/install/multi_robot_exploration/bin'
[0.786s] INFO:colcon.colcon_core.shell:Creating package script '/home/nangao/multi_explore/multi-robot-slam/install/multi_robot_exploration/share/multi_robot_exploration/package.ps1'
[0.787s] INFO:colcon.colcon_core.shell:Creating package descriptor '/home/nangao/multi_explore/multi-robot-slam/install/multi_robot_exploration/share/multi_robot_exploration/package.dsv'
[0.787s] INFO:colcon.colcon_core.shell:Creating package script '/home/nangao/multi_explore/multi-robot-slam/install/multi_robot_exploration/share/multi_robot_exploration/package.sh'
[0.788s] INFO:colcon.colcon_core.shell:Creating package script '/home/nangao/multi_explore/multi-robot-slam/install/multi_robot_exploration/share/multi_robot_exploration/package.bash'
[0.788s] INFO:colcon.colcon_core.shell:Creating package script '/home/nangao/multi_explore/multi-robot-slam/install/multi_robot_exploration/share/multi_robot_exploration/package.zsh'
[0.790s] Level 1:colcon.colcon_core.environment:create_file_with_runtime_dependencies(/home/nangao/multi_explore/multi-robot-slam/install/multi_robot_exploration/share/colcon-core/packages/multi_robot_exploration)
[0.791s] Level 1:colcon.colcon_core.environment:create_environment_scripts_only(multi_robot_exploration)
[0.791s] Level 1:colcon.colcon_core.environment:checking '/home/nangao/multi_explore/multi-robot-slam/install/multi_robot_exploration' for CMake module files
[0.791s] Level 1:colcon.colcon_core.environment:checking '/home/nangao/multi_explore/multi-robot-slam/install/multi_robot_exploration' for CMake config files
[0.792s] Level 1:colcon.colcon_core.shell:create_environment_hook('multi_robot_exploration', 'cmake_prefix_path')
[0.792s] INFO:colcon.colcon_core.shell:Creating environment hook '/home/nangao/multi_explore/multi-robot-slam/install/multi_robot_exploration/share/multi_robot_exploration/hook/cmake_prefix_path.ps1'
[0.792s] INFO:colcon.colcon_core.shell:Creating environment descriptor '/home/nangao/multi_explore/multi-robot-slam/install/multi_robot_exploration/share/multi_robot_exploration/hook/cmake_prefix_path.dsv'
[0.793s] INFO:colcon.colcon_core.shell:Creating environment hook '/home/nangao/multi_explore/multi-robot-slam/install/multi_robot_exploration/share/multi_robot_exploration/hook/cmake_prefix_path.sh'
[0.794s] Level 1:colcon.colcon_core.environment:checking '/home/nangao/multi_explore/multi-robot-slam/install/multi_robot_exploration/lib'
[0.794s] Level 1:colcon.colcon_core.environment:checking '/home/nangao/multi_explore/multi-robot-slam/install/multi_robot_exploration/bin'
[0.794s] Level 1:colcon.colcon_core.environment:checking '/home/nangao/multi_explore/multi-robot-slam/install/multi_robot_exploration/lib/pkgconfig/multi_robot_exploration.pc'
[0.794s] Level 1:colcon.colcon_core.environment:checking '/home/nangao/multi_explore/multi-robot-slam/install/multi_robot_exploration/lib/python3.10/site-packages'
[0.795s] Level 1:colcon.colcon_core.environment:checking '/home/nangao/multi_explore/multi-robot-slam/install/multi_robot_exploration/bin'
[0.795s] INFO:colcon.colcon_core.shell:Creating package script '/home/nangao/multi_explore/multi-robot-slam/install/multi_robot_exploration/share/multi_robot_exploration/package.ps1'
[0.796s] INFO:colcon.colcon_core.shell:Creating package descriptor '/home/nangao/multi_explore/multi-robot-slam/install/multi_robot_exploration/share/multi_robot_exploration/package.dsv'
[0.796s] INFO:colcon.colcon_core.shell:Creating package script '/home/nangao/multi_explore/multi-robot-slam/install/multi_robot_exploration/share/multi_robot_exploration/package.sh'
[0.797s] INFO:colcon.colcon_core.shell:Creating package script '/home/nangao/multi_explore/multi-robot-slam/install/multi_robot_exploration/share/multi_robot_exploration/package.bash'
[0.797s] INFO:colcon.colcon_core.shell:Creating package script '/home/nangao/multi_explore/multi-robot-slam/install/multi_robot_exploration/share/multi_robot_exploration/package.zsh'
[0.797s] Level 1:colcon.colcon_core.environment:create_file_with_runtime_dependencies(/home/nangao/multi_explore/multi-robot-slam/install/multi_robot_exploration/share/colcon-core/packages/multi_robot_exploration)
[0.798s] DEBUG:colcon.colcon_parallel_executor.executor.parallel:closing loop
[0.798s] DEBUG:colcon.colcon_parallel_executor.executor.parallel:loop closed
[0.798s] DEBUG:colcon.colcon_parallel_executor.executor.parallel:run_until_complete finished with '0'
[0.798s] DEBUG:colcon.colcon_core.event_reactor:joining thread
[0.804s] INFO:colcon.colcon_core.plugin_system:Skipping extension 'colcon_notification.desktop_notification.terminal_notifier': Not used on non-Darwin systems
[0.804s] INFO:colcon.colcon_core.plugin_system:Skipping extension 'colcon_notification.desktop_notification.win32': Not used on non-Windows systems
[0.804s] INFO:colcon.colcon_notification.desktop_notification:Sending desktop notification using 'notify2'
[0.825s] DEBUG:colcon.colcon_core.event_reactor:joined thread
[0.825s] INFO:colcon.colcon_core.shell:Creating prefix script '/home/nangao/multi_explore/multi-robot-slam/install/local_setup.ps1'
[0.826s] INFO:colcon.colcon_core.shell:Creating prefix util module '/home/nangao/multi_explore/multi-robot-slam/install/_local_setup_util_ps1.py'
[0.828s] INFO:colcon.colcon_core.shell:Creating prefix chain script '/home/nangao/multi_explore/multi-robot-slam/install/setup.ps1'
[0.829s] INFO:colcon.colcon_core.shell:Creating prefix script '/home/nangao/multi_explore/multi-robot-slam/install/local_setup.sh'
[0.830s] INFO:colcon.colcon_core.shell:Creating prefix util module '/home/nangao/multi_explore/multi-robot-slam/install/_local_setup_util_sh.py'
[0.830s] INFO:colcon.colcon_core.shell:Creating prefix chain script '/home/nangao/multi_explore/multi-robot-slam/install/setup.sh'
[0.831s] INFO:colcon.colcon_core.shell:Creating prefix script '/home/nangao/multi_explore/multi-robot-slam/install/local_setup.bash'
[0.832s] INFO:colcon.colcon_core.shell:Creating prefix chain script '/home/nangao/multi_explore/multi-robot-slam/install/setup.bash'
[0.833s] INFO:colcon.colcon_core.shell:Creating prefix script '/home/nangao/multi_explore/multi-robot-slam/install/local_setup.zsh'
[0.833s] INFO:colcon.colcon_core.shell:Creating prefix chain script '/home/nangao/multi_explore/multi-robot-slam/install/setup.zsh'
