[0.107s] Invoking command in '/home/nangao/multi_explore/multi-robot-slam/build/multi_robot_exploration': CMAKE_PREFIX_PATH=${CMAKE_PREFIX_PATH}:/opt/ros/humble /usr/bin/cmake --build /home/nangao/multi_explore/multi-robot-slam/build/multi_robot_exploration -- -j8 -l8
[0.162s] Invoked command in '/home/nangao/multi_explore/multi-robot-slam/build/multi_robot_exploration' returned '0': CMAKE_PREFIX_PATH=${CMAKE_PREFIX_PATH}:/opt/ros/humble /usr/bin/cmake --build /home/nangao/multi_explore/multi-robot-slam/build/multi_robot_exploration -- -j8 -l8
[0.175s] Invoking command in '/home/nangao/multi_explore/multi-robot-slam/build/multi_robot_exploration': CMAKE_PREFIX_PATH=${CMAKE_PREFIX_PATH}:/opt/ros/humble /usr/bin/cmake --install /home/nangao/multi_explore/multi-robot-slam/build/multi_robot_exploration
[0.182s] -- Install configuration: ""
[0.182s] -- Up-to-date: /home/nangao/multi_explore/multi-robot-slam/install/multi_robot_exploration/lib/multi_robot_exploration/frontier_explorer.py
[0.183s] -- Up-to-date: /home/nangao/multi_explore/multi-robot-slam/install/multi_robot_exploration/lib/multi_robot_exploration/task_allocator.py
[0.183s] -- Up-to-date: /home/nangao/multi_explore/multi-robot-slam/install/multi_robot_exploration/lib/multi_robot_exploration/collision_avoider.py
[0.184s] -- Up-to-date: /home/nangao/multi_explore/multi-robot-slam/install/multi_robot_exploration/lib/multi_robot_exploration/exploration_coordinator.py
[0.184s] -- Installing: /home/nangao/multi_explore/multi-robot-slam/install/multi_robot_exploration/lib/multi_robot_exploration/simple_explorer.py
[0.184s] -- Up-to-date: /home/nangao/multi_explore/multi-robot-slam/install/multi_robot_exploration/share/multi_robot_exploration/launch
[0.184s] -- Up-to-date: /home/nangao/multi_explore/multi-robot-slam/install/multi_robot_exploration/share/multi_robot_exploration/launch/exploration.launch.py
[0.184s] -- Up-to-date: /home/nangao/multi_explore/multi-robot-slam/install/multi_robot_exploration/share/multi_robot_exploration/config
[0.184s] -- Up-to-date: /home/nangao/multi_explore/multi-robot-slam/install/multi_robot_exploration/share/multi_robot_exploration/config/nav2_params.yaml
[0.184s] -- Up-to-date: /home/nangao/multi_explore/multi-robot-slam/install/multi_robot_exploration/share/ament_index/resource_index/package_run_dependencies/multi_robot_exploration
[0.184s] -- Up-to-date: /home/nangao/multi_explore/multi-robot-slam/install/multi_robot_exploration/share/ament_index/resource_index/parent_prefix_path/multi_robot_exploration
[0.184s] -- Up-to-date: /home/nangao/multi_explore/multi-robot-slam/install/multi_robot_exploration/share/multi_robot_exploration/environment/ament_prefix_path.sh
[0.184s] -- Up-to-date: /home/nangao/multi_explore/multi-robot-slam/install/multi_robot_exploration/share/multi_robot_exploration/environment/ament_prefix_path.dsv
[0.184s] -- Up-to-date: /home/nangao/multi_explore/multi-robot-slam/install/multi_robot_exploration/share/multi_robot_exploration/environment/path.sh
[0.184s] -- Up-to-date: /home/nangao/multi_explore/multi-robot-slam/install/multi_robot_exploration/share/multi_robot_exploration/environment/path.dsv
[0.184s] -- Up-to-date: /home/nangao/multi_explore/multi-robot-slam/install/multi_robot_exploration/share/multi_robot_exploration/local_setup.bash
[0.184s] -- Up-to-date: /home/nangao/multi_explore/multi-robot-slam/install/multi_robot_exploration/share/multi_robot_exploration/local_setup.sh
[0.184s] -- Up-to-date: /home/nangao/multi_explore/multi-robot-slam/install/multi_robot_exploration/share/multi_robot_exploration/local_setup.zsh
[0.184s] -- Up-to-date: /home/nangao/multi_explore/multi-robot-slam/install/multi_robot_exploration/share/multi_robot_exploration/local_setup.dsv
[0.184s] -- Installing: /home/nangao/multi_explore/multi-robot-slam/install/multi_robot_exploration/share/multi_robot_exploration/package.dsv
[0.184s] -- Up-to-date: /home/nangao/multi_explore/multi-robot-slam/install/multi_robot_exploration/share/ament_index/resource_index/packages/multi_robot_exploration
[0.184s] -- Up-to-date: /home/nangao/multi_explore/multi-robot-slam/install/multi_robot_exploration/share/multi_robot_exploration/cmake/multi_robot_explorationConfig.cmake
[0.184s] -- Up-to-date: /home/nangao/multi_explore/multi-robot-slam/install/multi_robot_exploration/share/multi_robot_exploration/cmake/multi_robot_explorationConfig-version.cmake
[0.184s] -- Up-to-date: /home/nangao/multi_explore/multi-robot-slam/install/multi_robot_exploration/share/multi_robot_exploration/package.xml
[0.187s] Invoked command in '/home/nangao/multi_explore/multi-robot-slam/build/multi_robot_exploration' returned '0': CMAKE_PREFIX_PATH=${CMAKE_PREFIX_PATH}:/opt/ros/humble /usr/bin/cmake --install /home/nangao/multi_explore/multi-robot-slam/build/multi_robot_exploration
