[0.052s] Invoking command in '/home/nangao/multi_explore/multi-robot-slam/build/robot_description': CMAKE_PREFIX_PATH=${CMAKE_PREFIX_PATH}:/opt/ros/humble /usr/bin/cmake --build /home/nangao/multi_explore/multi-robot-slam/build/robot_description -- -j8 -l8
[0.161s] Invoked command in '/home/nangao/multi_explore/multi-robot-slam/build/robot_description' returned '0': CMAKE_PREFIX_PATH=${CMAKE_PREFIX_PATH}:/opt/ros/humble /usr/bin/cmake --build /home/nangao/multi_explore/multi-robot-slam/build/robot_description -- -j8 -l8
[0.181s] Invoking command in '/home/nangao/multi_explore/multi-robot-slam/build/robot_description': CMAKE_PREFIX_PATH=${CMAKE_PREFIX_PATH}:/opt/ros/humble /usr/bin/cmake --install /home/nangao/multi_explore/multi-robot-slam/build/robot_description
[0.201s] -- Install configuration: ""
[0.205s] -- Up-to-date: /home/nangao/multi_explore/multi-robot-slam/install/robot_description/share/robot_description/launch
[0.206s] -- Up-to-date: /home/nangao/multi_explore/multi-robot-slam/install/robot_description/share/robot_description/launch/bringup.launch.py
[0.208s] -- Up-to-date: /home/nangao/multi_explore/multi-robot-slam/install/robot_description/share/robot_description/launch/multi_robot_gazebo.launch.py
[0.209s] -- Up-to-date: /home/nangao/multi_explore/multi-robot-slam/install/robot_description/share/robot_description/urdf
[0.210s] -- Up-to-date: /home/nangao/multi_explore/multi-robot-slam/install/robot_description/share/robot_description/urdf/actuator
[0.210s] -- Up-to-date: /home/nangao/multi_explore/multi-robot-slam/install/robot_description/share/robot_description/urdf/actuator/caster.urdf.xacro
[0.211s] -- Up-to-date: /home/nangao/multi_explore/multi-robot-slam/install/robot_description/share/robot_description/urdf/actuator/wheel.urdf.xacro
[0.211s] -- Up-to-date: /home/nangao/multi_explore/multi-robot-slam/install/robot_description/share/robot_description/urdf/plugins
[0.213s] -- Up-to-date: /home/nangao/multi_explore/multi-robot-slam/install/robot_description/share/robot_description/urdf/plugins/gazebo_sensor_plugin.xacro
[0.213s] -- Up-to-date: /home/nangao/multi_explore/multi-robot-slam/install/robot_description/share/robot_description/urdf/plugins/gazebo_control_plugin.xacro
[0.213s] -- Up-to-date: /home/nangao/multi_explore/multi-robot-slam/install/robot_description/share/robot_description/urdf/base.urdf.xacro
[0.213s] -- Up-to-date: /home/nangao/multi_explore/multi-robot-slam/install/robot_description/share/robot_description/urdf/sensor
[0.213s] -- Up-to-date: /home/nangao/multi_explore/multi-robot-slam/install/robot_description/share/robot_description/urdf/sensor/imu.urdf.xacro
[0.215s] -- Up-to-date: /home/nangao/multi_explore/multi-robot-slam/install/robot_description/share/robot_description/urdf/sensor/laser.urdf.xacro
[0.215s] -- Up-to-date: /home/nangao/multi_explore/multi-robot-slam/install/robot_description/share/robot_description/urdf/sensor/uwb.urdf.xacro
[0.215s] -- Up-to-date: /home/nangao/multi_explore/multi-robot-slam/install/robot_description/share/robot_description/urdf/explorer_robot.urdf.xacro
[0.215s] -- Up-to-date: /home/nangao/multi_explore/multi-robot-slam/install/robot_description/share/robot_description/urdf/common_inertial.xacro
[0.215s] -- Up-to-date: /home/nangao/multi_explore/multi-robot-slam/install/robot_description/share/robot_description/config
[0.229s] -- Up-to-date: /home/nangao/multi_explore/multi-robot-slam/install/robot_description/share/robot_description/config/multi_robot.rviz
[0.229s] -- Up-to-date: /home/nangao/multi_explore/multi-robot-slam/install/robot_description/share/robot_description/world
[0.229s] -- Up-to-date: /home/nangao/multi_explore/multi-robot-slam/install/robot_description/share/robot_description/world/exploration_world.world
[0.229s] -- Up-to-date: /home/nangao/multi_explore/multi-robot-slam/install/robot_description/share/ament_index/resource_index/package_run_dependencies/robot_description
[0.229s] -- Up-to-date: /home/nangao/multi_explore/multi-robot-slam/install/robot_description/share/ament_index/resource_index/parent_prefix_path/robot_description
[0.229s] -- Up-to-date: /home/nangao/multi_explore/multi-robot-slam/install/robot_description/share/robot_description/environment/ament_prefix_path.sh
[0.229s] -- Up-to-date: /home/nangao/multi_explore/multi-robot-slam/install/robot_description/share/robot_description/environment/ament_prefix_path.dsv
[0.229s] -- Up-to-date: /home/nangao/multi_explore/multi-robot-slam/install/robot_description/share/robot_description/environment/path.sh
[0.229s] -- Up-to-date: /home/nangao/multi_explore/multi-robot-slam/install/robot_description/share/robot_description/environment/path.dsv
[0.229s] -- Up-to-date: /home/nangao/multi_explore/multi-robot-slam/install/robot_description/share/robot_description/local_setup.bash
[0.229s] -- Up-to-date: /home/nangao/multi_explore/multi-robot-slam/install/robot_description/share/robot_description/local_setup.sh
[0.229s] -- Up-to-date: /home/nangao/multi_explore/multi-robot-slam/install/robot_description/share/robot_description/local_setup.zsh
[0.230s] -- Up-to-date: /home/nangao/multi_explore/multi-robot-slam/install/robot_description/share/robot_description/local_setup.dsv
[0.230s] -- Up-to-date: /home/nangao/multi_explore/multi-robot-slam/install/robot_description/share/robot_description/package.dsv
[0.230s] -- Up-to-date: /home/nangao/multi_explore/multi-robot-slam/install/robot_description/share/ament_index/resource_index/packages/robot_description
[0.230s] -- Up-to-date: /home/nangao/multi_explore/multi-robot-slam/install/robot_description/share/robot_description/cmake/robot_descriptionConfig.cmake
[0.230s] -- Up-to-date: /home/nangao/multi_explore/multi-robot-slam/install/robot_description/share/robot_description/cmake/robot_descriptionConfig-version.cmake
[0.230s] -- Up-to-date: /home/nangao/multi_explore/multi-robot-slam/install/robot_description/share/robot_description/package.xml
[0.345s] Invoked command in '/home/nangao/multi_explore/multi-robot-slam/build/robot_description' returned '0': CMAKE_PREFIX_PATH=${CMAKE_PREFIX_PATH}:/opt/ros/humble /usr/bin/cmake --install /home/nangao/multi_explore/multi-robot-slam/build/robot_description
