[35m[1mConsolidate compiler generated dependencies of target multi_robot_slam__rosidl_generator_c[0m
[  1%] Built target multi_robot_slam__cpp
[ 12%] Built target multi_robot_slam__rosidl_generator_c
[35m[1mConsolidate compiler generated dependencies of target multi_robot_slam__rosidl_typesupport_cpp[0m
[ 12%] Built target ament_cmake_python_copy_multi_robot_slam
[35m[1mConsolidate compiler generated dependencies of target multi_robot_slam__rosidl_typesupport_fastrtps_cpp[0m
[35m[1mConsolidate compiler generated dependencies of target multi_robot_slam__rosidl_typesupport_c[0m
[35m[1mConsolidate compiler generated dependencies of target multi_robot_slam__rosidl_typesupport_introspection_cpp[0m
[35m[1mConsolidate compiler generated dependencies of target multi_robot_slam__rosidl_typesupport_introspection_c[0m
[35m[1mConsolidate compiler generated dependencies of target multi_robot_slam__rosidl_typesupport_fastrtps_c[0m
[ 23%] Built target multi_robot_slam__rosidl_typesupport_cpp
[ 34%] Built target multi_robot_slam__rosidl_typesupport_fastrtps_cpp
[ 45%] Built target multi_robot_slam__rosidl_typesupport_c
[ 56%] Built target multi_robot_slam__rosidl_typesupport_introspection_c
[ 67%] Built target multi_robot_slam__rosidl_typesupport_fastrtps_c
[ 78%] Built target multi_robot_slam__rosidl_typesupport_introspection_cpp
[ 78%] Built target multi_robot_slam
[ 80%] Built target multi_robot_slam__py
[35m[1mConsolidate compiler generated dependencies of target multi_robot_slam__rosidl_generator_py[0m
[ 89%] Built target multi_robot_slam__rosidl_generator_py
[35m[1mConsolidate compiler generated dependencies of target multi_robot_slam__rosidl_typesupport_fastrtps_c__pyext[0m
[35m[1mConsolidate compiler generated dependencies of target multi_robot_slam__rosidl_typesupport_c__pyext[0m
[35m[1mConsolidate compiler generated dependencies of target multi_robot_slam__rosidl_typesupport_introspection_c__pyext[0m
[ 92%] Built target multi_robot_slam__rosidl_typesupport_fastrtps_c__pyext
[ 96%] Built target multi_robot_slam__rosidl_typesupport_c__pyext
[100%] Built target multi_robot_slam__rosidl_typesupport_introspection_c__pyext
running egg_info
writing multi_robot_slam.egg-info/PKG-INFO
writing dependency_links to multi_robot_slam.egg-info/dependency_links.txt
writing top-level names to multi_robot_slam.egg-info/top_level.txt
reading manifest file 'multi_robot_slam.egg-info/SOURCES.txt'
writing manifest file 'multi_robot_slam.egg-info/SOURCES.txt'
[100%] Built target ament_cmake_python_build_multi_robot_slam_egg
-- Install configuration: ""
-- Up-to-date: /home/nangao/multi_explore/multi-robot-slam/install/multi_robot_slam/share/ament_index/resource_index/rosidl_interfaces/multi_robot_slam
-- Up-to-date: /home/nangao/multi_explore/multi-robot-slam/install/multi_robot_slam/include/multi_robot_slam/multi_robot_slam
-- Up-to-date: /home/nangao/multi_explore/multi-robot-slam/install/multi_robot_slam/include/multi_robot_slam/multi_robot_slam/msg
-- Up-to-date: /home/nangao/multi_explore/multi-robot-slam/install/multi_robot_slam/include/multi_robot_slam/multi_robot_slam/msg/rosidl_generator_c__visibility_control.h
-- Up-to-date: /home/nangao/multi_explore/multi-robot-slam/install/multi_robot_slam/include/multi_robot_slam/multi_robot_slam/msg/map_merge_status.h
-- Up-to-date: /home/nangao/multi_explore/multi-robot-slam/install/multi_robot_slam/include/multi_robot_slam/multi_robot_slam/msg/detail
-- Up-to-date: /home/nangao/multi_explore/multi-robot-slam/install/multi_robot_slam/include/multi_robot_slam/multi_robot_slam/msg/detail/pose_graph_edge__functions.c
-- Up-to-date: /home/nangao/multi_explore/multi-robot-slam/install/multi_robot_slam/include/multi_robot_slam/multi_robot_slam/msg/detail/pose_graph_edge__functions.h
-- Up-to-date: /home/nangao/multi_explore/multi-robot-slam/install/multi_robot_slam/include/multi_robot_slam/multi_robot_slam/msg/detail/pose_graph_node__functions.c
-- Up-to-date: /home/nangao/multi_explore/multi-robot-slam/install/multi_robot_slam/include/multi_robot_slam/multi_robot_slam/msg/detail/map_merge_status__functions.h
-- Up-to-date: /home/nangao/multi_explore/multi-robot-slam/install/multi_robot_slam/include/multi_robot_slam/multi_robot_slam/msg/detail/pose_graph_node__functions.h
-- Up-to-date: /home/nangao/multi_explore/multi-robot-slam/install/multi_robot_slam/include/multi_robot_slam/multi_robot_slam/msg/detail/pose_graph_node__type_support.h
-- Up-to-date: /home/nangao/multi_explore/multi-robot-slam/install/multi_robot_slam/include/multi_robot_slam/multi_robot_slam/msg/detail/pose_graph_edge__struct.h
-- Up-to-date: /home/nangao/multi_explore/multi-robot-slam/install/multi_robot_slam/include/multi_robot_slam/multi_robot_slam/msg/detail/pose_graph__functions.h
-- Up-to-date: /home/nangao/multi_explore/multi-robot-slam/install/multi_robot_slam/include/multi_robot_slam/multi_robot_slam/msg/detail/pose_graph__functions.c
-- Up-to-date: /home/nangao/multi_explore/multi-robot-slam/install/multi_robot_slam/include/multi_robot_slam/multi_robot_slam/msg/detail/map_merge_status__struct.h
-- Up-to-date: /home/nangao/multi_explore/multi-robot-slam/install/multi_robot_slam/include/multi_robot_slam/multi_robot_slam/msg/detail/map_merge_status__type_support.h
-- Up-to-date: /home/nangao/multi_explore/multi-robot-slam/install/multi_robot_slam/include/multi_robot_slam/multi_robot_slam/msg/detail/pose_graph__struct.h
-- Up-to-date: /home/nangao/multi_explore/multi-robot-slam/install/multi_robot_slam/include/multi_robot_slam/multi_robot_slam/msg/detail/pose_graph_edge__type_support.h
-- Up-to-date: /home/nangao/multi_explore/multi-robot-slam/install/multi_robot_slam/include/multi_robot_slam/multi_robot_slam/msg/detail/pose_graph_node__struct.h
-- Up-to-date: /home/nangao/multi_explore/multi-robot-slam/install/multi_robot_slam/include/multi_robot_slam/multi_robot_slam/msg/detail/map_merge_status__functions.c
-- Up-to-date: /home/nangao/multi_explore/multi-robot-slam/install/multi_robot_slam/include/multi_robot_slam/multi_robot_slam/msg/detail/pose_graph__type_support.h
-- Up-to-date: /home/nangao/multi_explore/multi-robot-slam/install/multi_robot_slam/include/multi_robot_slam/multi_robot_slam/msg/pose_graph.h
-- Up-to-date: /home/nangao/multi_explore/multi-robot-slam/install/multi_robot_slam/include/multi_robot_slam/multi_robot_slam/msg/pose_graph_node.h
-- Up-to-date: /home/nangao/multi_explore/multi-robot-slam/install/multi_robot_slam/include/multi_robot_slam/multi_robot_slam/msg/pose_graph_edge.h
-- Up-to-date: /home/nangao/multi_explore/multi-robot-slam/install/multi_robot_slam/share/multi_robot_slam/environment/library_path.sh
-- Up-to-date: /home/nangao/multi_explore/multi-robot-slam/install/multi_robot_slam/share/multi_robot_slam/environment/library_path.dsv
-- Up-to-date: /home/nangao/multi_explore/multi-robot-slam/install/multi_robot_slam/lib/libmulti_robot_slam__rosidl_generator_c.so
-- Up-to-date: /home/nangao/multi_explore/multi-robot-slam/install/multi_robot_slam/include/multi_robot_slam/multi_robot_slam
-- Up-to-date: /home/nangao/multi_explore/multi-robot-slam/install/multi_robot_slam/include/multi_robot_slam/multi_robot_slam/msg
-- Up-to-date: /home/nangao/multi_explore/multi-robot-slam/install/multi_robot_slam/include/multi_robot_slam/multi_robot_slam/msg/detail
-- Up-to-date: /home/nangao/multi_explore/multi-robot-slam/install/multi_robot_slam/include/multi_robot_slam/multi_robot_slam/msg/detail/pose_graph_edge__rosidl_typesupport_fastrtps_c.h
-- Up-to-date: /home/nangao/multi_explore/multi-robot-slam/install/multi_robot_slam/include/multi_robot_slam/multi_robot_slam/msg/detail/pose_graph__rosidl_typesupport_fastrtps_c.h
-- Up-to-date: /home/nangao/multi_explore/multi-robot-slam/install/multi_robot_slam/include/multi_robot_slam/multi_robot_slam/msg/detail/pose_graph_node__rosidl_typesupport_fastrtps_c.h
-- Up-to-date: /home/nangao/multi_explore/multi-robot-slam/install/multi_robot_slam/include/multi_robot_slam/multi_robot_slam/msg/detail/map_merge_status__rosidl_typesupport_fastrtps_c.h
-- Up-to-date: /home/nangao/multi_explore/multi-robot-slam/install/multi_robot_slam/include/multi_robot_slam/multi_robot_slam/msg/rosidl_typesupport_fastrtps_c__visibility_control.h
-- Up-to-date: /home/nangao/multi_explore/multi-robot-slam/install/multi_robot_slam/lib/libmulti_robot_slam__rosidl_typesupport_fastrtps_c.so
-- Up-to-date: /home/nangao/multi_explore/multi-robot-slam/install/multi_robot_slam/include/multi_robot_slam/multi_robot_slam
-- Up-to-date: /home/nangao/multi_explore/multi-robot-slam/install/multi_robot_slam/include/multi_robot_slam/multi_robot_slam/msg
-- Up-to-date: /home/nangao/multi_explore/multi-robot-slam/install/multi_robot_slam/include/multi_robot_slam/multi_robot_slam/msg/rosidl_typesupport_introspection_c__visibility_control.h
-- Up-to-date: /home/nangao/multi_explore/multi-robot-slam/install/multi_robot_slam/include/multi_robot_slam/multi_robot_slam/msg/detail
-- Up-to-date: /home/nangao/multi_explore/multi-robot-slam/install/multi_robot_slam/include/multi_robot_slam/multi_robot_slam/msg/detail/pose_graph_node__rosidl_typesupport_introspection_c.h
-- Up-to-date: /home/nangao/multi_explore/multi-robot-slam/install/multi_robot_slam/include/multi_robot_slam/multi_robot_slam/msg/detail/pose_graph_edge__type_support.c
-- Up-to-date: /home/nangao/multi_explore/multi-robot-slam/install/multi_robot_slam/include/multi_robot_slam/multi_robot_slam/msg/detail/pose_graph__rosidl_typesupport_introspection_c.h
-- Up-to-date: /home/nangao/multi_explore/multi-robot-slam/install/multi_robot_slam/include/multi_robot_slam/multi_robot_slam/msg/detail/pose_graph__type_support.c
-- Up-to-date: /home/nangao/multi_explore/multi-robot-slam/install/multi_robot_slam/include/multi_robot_slam/multi_robot_slam/msg/detail/pose_graph_node__type_support.c
-- Up-to-date: /home/nangao/multi_explore/multi-robot-slam/install/multi_robot_slam/include/multi_robot_slam/multi_robot_slam/msg/detail/map_merge_status__type_support.c
-- Up-to-date: /home/nangao/multi_explore/multi-robot-slam/install/multi_robot_slam/include/multi_robot_slam/multi_robot_slam/msg/detail/map_merge_status__rosidl_typesupport_introspection_c.h
-- Up-to-date: /home/nangao/multi_explore/multi-robot-slam/install/multi_robot_slam/include/multi_robot_slam/multi_robot_slam/msg/detail/pose_graph_edge__rosidl_typesupport_introspection_c.h
-- Up-to-date: /home/nangao/multi_explore/multi-robot-slam/install/multi_robot_slam/lib/libmulti_robot_slam__rosidl_typesupport_introspection_c.so
-- Up-to-date: /home/nangao/multi_explore/multi-robot-slam/install/multi_robot_slam/lib/libmulti_robot_slam__rosidl_typesupport_c.so
-- Up-to-date: /home/nangao/multi_explore/multi-robot-slam/install/multi_robot_slam/include/multi_robot_slam/multi_robot_slam
-- Up-to-date: /home/nangao/multi_explore/multi-robot-slam/install/multi_robot_slam/include/multi_robot_slam/multi_robot_slam/msg
-- Up-to-date: /home/nangao/multi_explore/multi-robot-slam/install/multi_robot_slam/include/multi_robot_slam/multi_robot_slam/msg/pose_graph_node.hpp
-- Up-to-date: /home/nangao/multi_explore/multi-robot-slam/install/multi_robot_slam/include/multi_robot_slam/multi_robot_slam/msg/pose_graph_edge.hpp
-- Up-to-date: /home/nangao/multi_explore/multi-robot-slam/install/multi_robot_slam/include/multi_robot_slam/multi_robot_slam/msg/map_merge_status.hpp
-- Up-to-date: /home/nangao/multi_explore/multi-robot-slam/install/multi_robot_slam/include/multi_robot_slam/multi_robot_slam/msg/rosidl_generator_cpp__visibility_control.hpp
-- Up-to-date: /home/nangao/multi_explore/multi-robot-slam/install/multi_robot_slam/include/multi_robot_slam/multi_robot_slam/msg/detail
-- Up-to-date: /home/nangao/multi_explore/multi-robot-slam/install/multi_robot_slam/include/multi_robot_slam/multi_robot_slam/msg/detail/map_merge_status__struct.hpp
-- Up-to-date: /home/nangao/multi_explore/multi-robot-slam/install/multi_robot_slam/include/multi_robot_slam/multi_robot_slam/msg/detail/pose_graph__builder.hpp
-- Up-to-date: /home/nangao/multi_explore/multi-robot-slam/install/multi_robot_slam/include/multi_robot_slam/multi_robot_slam/msg/detail/pose_graph_edge__type_support.hpp
-- Up-to-date: /home/nangao/multi_explore/multi-robot-slam/install/multi_robot_slam/include/multi_robot_slam/multi_robot_slam/msg/detail/pose_graph_node__traits.hpp
-- Up-to-date: /home/nangao/multi_explore/multi-robot-slam/install/multi_robot_slam/include/multi_robot_slam/multi_robot_slam/msg/detail/pose_graph_edge__builder.hpp
-- Up-to-date: /home/nangao/multi_explore/multi-robot-slam/install/multi_robot_slam/include/multi_robot_slam/multi_robot_slam/msg/detail/map_merge_status__traits.hpp
-- Up-to-date: /home/nangao/multi_explore/multi-robot-slam/install/multi_robot_slam/include/multi_robot_slam/multi_robot_slam/msg/detail/pose_graph_node__struct.hpp
-- Up-to-date: /home/nangao/multi_explore/multi-robot-slam/install/multi_robot_slam/include/multi_robot_slam/multi_robot_slam/msg/detail/pose_graph__type_support.hpp
-- Up-to-date: /home/nangao/multi_explore/multi-robot-slam/install/multi_robot_slam/include/multi_robot_slam/multi_robot_slam/msg/detail/pose_graph_node__builder.hpp
-- Up-to-date: /home/nangao/multi_explore/multi-robot-slam/install/multi_robot_slam/include/multi_robot_slam/multi_robot_slam/msg/detail/map_merge_status__type_support.hpp
-- Up-to-date: /home/nangao/multi_explore/multi-robot-slam/install/multi_robot_slam/include/multi_robot_slam/multi_robot_slam/msg/detail/map_merge_status__builder.hpp
-- Up-to-date: /home/nangao/multi_explore/multi-robot-slam/install/multi_robot_slam/include/multi_robot_slam/multi_robot_slam/msg/detail/pose_graph__struct.hpp
-- Up-to-date: /home/nangao/multi_explore/multi-robot-slam/install/multi_robot_slam/include/multi_robot_slam/multi_robot_slam/msg/detail/pose_graph_node__type_support.hpp
-- Up-to-date: /home/nangao/multi_explore/multi-robot-slam/install/multi_robot_slam/include/multi_robot_slam/multi_robot_slam/msg/detail/pose_graph__traits.hpp
-- Up-to-date: /home/nangao/multi_explore/multi-robot-slam/install/multi_robot_slam/include/multi_robot_slam/multi_robot_slam/msg/detail/pose_graph_edge__traits.hpp
-- Up-to-date: /home/nangao/multi_explore/multi-robot-slam/install/multi_robot_slam/include/multi_robot_slam/multi_robot_slam/msg/detail/pose_graph_edge__struct.hpp
-- Up-to-date: /home/nangao/multi_explore/multi-robot-slam/install/multi_robot_slam/include/multi_robot_slam/multi_robot_slam/msg/pose_graph.hpp
-- Up-to-date: /home/nangao/multi_explore/multi-robot-slam/install/multi_robot_slam/include/multi_robot_slam/multi_robot_slam
-- Up-to-date: /home/nangao/multi_explore/multi-robot-slam/install/multi_robot_slam/include/multi_robot_slam/multi_robot_slam/msg
-- Up-to-date: /home/nangao/multi_explore/multi-robot-slam/install/multi_robot_slam/include/multi_robot_slam/multi_robot_slam/msg/detail
-- Up-to-date: /home/nangao/multi_explore/multi-robot-slam/install/multi_robot_slam/include/multi_robot_slam/multi_robot_slam/msg/detail/pose_graph__rosidl_typesupport_fastrtps_cpp.hpp
-- Up-to-date: /home/nangao/multi_explore/multi-robot-slam/install/multi_robot_slam/include/multi_robot_slam/multi_robot_slam/msg/detail/pose_graph_edge__rosidl_typesupport_fastrtps_cpp.hpp
-- Up-to-date: /home/nangao/multi_explore/multi-robot-slam/install/multi_robot_slam/include/multi_robot_slam/multi_robot_slam/msg/detail/dds_fastrtps
-- Up-to-date: /home/nangao/multi_explore/multi-robot-slam/install/multi_robot_slam/include/multi_robot_slam/multi_robot_slam/msg/detail/pose_graph_node__rosidl_typesupport_fastrtps_cpp.hpp
-- Up-to-date: /home/nangao/multi_explore/multi-robot-slam/install/multi_robot_slam/include/multi_robot_slam/multi_robot_slam/msg/detail/map_merge_status__rosidl_typesupport_fastrtps_cpp.hpp
-- Up-to-date: /home/nangao/multi_explore/multi-robot-slam/install/multi_robot_slam/include/multi_robot_slam/multi_robot_slam/msg/rosidl_typesupport_fastrtps_cpp__visibility_control.h
-- Up-to-date: /home/nangao/multi_explore/multi-robot-slam/install/multi_robot_slam/lib/libmulti_robot_slam__rosidl_typesupport_fastrtps_cpp.so
-- Up-to-date: /home/nangao/multi_explore/multi-robot-slam/install/multi_robot_slam/include/multi_robot_slam/multi_robot_slam
-- Up-to-date: /home/nangao/multi_explore/multi-robot-slam/install/multi_robot_slam/include/multi_robot_slam/multi_robot_slam/msg
-- Up-to-date: /home/nangao/multi_explore/multi-robot-slam/install/multi_robot_slam/include/multi_robot_slam/multi_robot_slam/msg/detail
-- Up-to-date: /home/nangao/multi_explore/multi-robot-slam/install/multi_robot_slam/include/multi_robot_slam/multi_robot_slam/msg/detail/pose_graph_edge__rosidl_typesupport_introspection_cpp.hpp
-- Up-to-date: /home/nangao/multi_explore/multi-robot-slam/install/multi_robot_slam/include/multi_robot_slam/multi_robot_slam/msg/detail/pose_graph__type_support.cpp
-- Up-to-date: /home/nangao/multi_explore/multi-robot-slam/install/multi_robot_slam/include/multi_robot_slam/multi_robot_slam/msg/detail/map_merge_status__rosidl_typesupport_introspection_cpp.hpp
-- Up-to-date: /home/nangao/multi_explore/multi-robot-slam/install/multi_robot_slam/include/multi_robot_slam/multi_robot_slam/msg/detail/pose_graph__rosidl_typesupport_introspection_cpp.hpp
-- Up-to-date: /home/nangao/multi_explore/multi-robot-slam/install/multi_robot_slam/include/multi_robot_slam/multi_robot_slam/msg/detail/pose_graph_edge__type_support.cpp
-- Up-to-date: /home/nangao/multi_explore/multi-robot-slam/install/multi_robot_slam/include/multi_robot_slam/multi_robot_slam/msg/detail/map_merge_status__type_support.cpp
-- Up-to-date: /home/nangao/multi_explore/multi-robot-slam/install/multi_robot_slam/include/multi_robot_slam/multi_robot_slam/msg/detail/pose_graph_node__type_support.cpp
-- Up-to-date: /home/nangao/multi_explore/multi-robot-slam/install/multi_robot_slam/include/multi_robot_slam/multi_robot_slam/msg/detail/pose_graph_node__rosidl_typesupport_introspection_cpp.hpp
-- Up-to-date: /home/nangao/multi_explore/multi-robot-slam/install/multi_robot_slam/lib/libmulti_robot_slam__rosidl_typesupport_introspection_cpp.so
-- Up-to-date: /home/nangao/multi_explore/multi-robot-slam/install/multi_robot_slam/lib/libmulti_robot_slam__rosidl_typesupport_cpp.so
-- Up-to-date: /home/nangao/multi_explore/multi-robot-slam/install/multi_robot_slam/share/multi_robot_slam/environment/pythonpath.sh
-- Up-to-date: /home/nangao/multi_explore/multi-robot-slam/install/multi_robot_slam/share/multi_robot_slam/environment/pythonpath.dsv
-- Up-to-date: /home/nangao/multi_explore/multi-robot-slam/install/multi_robot_slam/local/lib/python3.10/dist-packages/multi_robot_slam-0.0.1-py3.10.egg-info
-- Installing: /home/nangao/multi_explore/multi-robot-slam/install/multi_robot_slam/local/lib/python3.10/dist-packages/multi_robot_slam-0.0.1-py3.10.egg-info/dependency_links.txt
-- Installing: /home/nangao/multi_explore/multi-robot-slam/install/multi_robot_slam/local/lib/python3.10/dist-packages/multi_robot_slam-0.0.1-py3.10.egg-info/PKG-INFO
-- Installing: /home/nangao/multi_explore/multi-robot-slam/install/multi_robot_slam/local/lib/python3.10/dist-packages/multi_robot_slam-0.0.1-py3.10.egg-info/SOURCES.txt
-- Installing: /home/nangao/multi_explore/multi-robot-slam/install/multi_robot_slam/local/lib/python3.10/dist-packages/multi_robot_slam-0.0.1-py3.10.egg-info/top_level.txt
-- Up-to-date: /home/nangao/multi_explore/multi-robot-slam/install/multi_robot_slam/local/lib/python3.10/dist-packages/multi_robot_slam
-- Up-to-date: /home/nangao/multi_explore/multi-robot-slam/install/multi_robot_slam/local/lib/python3.10/dist-packages/multi_robot_slam/libmulti_robot_slam__rosidl_generator_py.so
-- Up-to-date: /home/nangao/multi_explore/multi-robot-slam/install/multi_robot_slam/local/lib/python3.10/dist-packages/multi_robot_slam/_multi_robot_slam_s.ep.rosidl_typesupport_introspection_c.c
-- Up-to-date: /home/nangao/multi_explore/multi-robot-slam/install/multi_robot_slam/local/lib/python3.10/dist-packages/multi_robot_slam/_multi_robot_slam_s.ep.rosidl_typesupport_c.c
-- Up-to-date: /home/nangao/multi_explore/multi-robot-slam/install/multi_robot_slam/local/lib/python3.10/dist-packages/multi_robot_slam/multi_robot_slam_s__rosidl_typesupport_fastrtps_c.cpython-310-x86_64-linux-gnu.so
-- Up-to-date: /home/nangao/multi_explore/multi-robot-slam/install/multi_robot_slam/local/lib/python3.10/dist-packages/multi_robot_slam/msg
-- Up-to-date: /home/nangao/multi_explore/multi-robot-slam/install/multi_robot_slam/local/lib/python3.10/dist-packages/multi_robot_slam/msg/_pose_graph_edge_s.c
-- Up-to-date: /home/nangao/multi_explore/multi-robot-slam/install/multi_robot_slam/local/lib/python3.10/dist-packages/multi_robot_slam/msg/_pose_graph_edge.py
-- Up-to-date: /home/nangao/multi_explore/multi-robot-slam/install/multi_robot_slam/local/lib/python3.10/dist-packages/multi_robot_slam/msg/_pose_graph.py
-- Up-to-date: /home/nangao/multi_explore/multi-robot-slam/install/multi_robot_slam/local/lib/python3.10/dist-packages/multi_robot_slam/msg/_map_merge_status_s.c
-- Up-to-date: /home/nangao/multi_explore/multi-robot-slam/install/multi_robot_slam/local/lib/python3.10/dist-packages/multi_robot_slam/msg/_map_merge_status.py
-- Up-to-date: /home/nangao/multi_explore/multi-robot-slam/install/multi_robot_slam/local/lib/python3.10/dist-packages/multi_robot_slam/msg/_pose_graph_node_s.c
-- Up-to-date: /home/nangao/multi_explore/multi-robot-slam/install/multi_robot_slam/local/lib/python3.10/dist-packages/multi_robot_slam/msg/_pose_graph_s.c
-- Up-to-date: /home/nangao/multi_explore/multi-robot-slam/install/multi_robot_slam/local/lib/python3.10/dist-packages/multi_robot_slam/msg/_pose_graph_node.py
-- Up-to-date: /home/nangao/multi_explore/multi-robot-slam/install/multi_robot_slam/local/lib/python3.10/dist-packages/multi_robot_slam/msg/__init__.py
-- Up-to-date: /home/nangao/multi_explore/multi-robot-slam/install/multi_robot_slam/local/lib/python3.10/dist-packages/multi_robot_slam/_multi_robot_slam_s.ep.rosidl_typesupport_fastrtps_c.c
-- Up-to-date: /home/nangao/multi_explore/multi-robot-slam/install/multi_robot_slam/local/lib/python3.10/dist-packages/multi_robot_slam/multi_robot_slam_s__rosidl_typesupport_introspection_c.cpython-310-x86_64-linux-gnu.so
-- Up-to-date: /home/nangao/multi_explore/multi-robot-slam/install/multi_robot_slam/local/lib/python3.10/dist-packages/multi_robot_slam/multi_robot_slam_s__rosidl_typesupport_c.cpython-310-x86_64-linux-gnu.so
-- Up-to-date: /home/nangao/multi_explore/multi-robot-slam/install/multi_robot_slam/local/lib/python3.10/dist-packages/multi_robot_slam/__init__.py
Listing '/home/nangao/multi_explore/multi-robot-slam/install/multi_robot_slam/local/lib/python3.10/dist-packages/multi_robot_slam'...
Listing '/home/nangao/multi_explore/multi-robot-slam/install/multi_robot_slam/local/lib/python3.10/dist-packages/multi_robot_slam/msg'...
-- Up-to-date: /home/nangao/multi_explore/multi-robot-slam/install/multi_robot_slam/local/lib/python3.10/dist-packages/multi_robot_slam/multi_robot_slam_s__rosidl_typesupport_fastrtps_c.cpython-310-x86_64-linux-gnu.so
-- Up-to-date: /home/nangao/multi_explore/multi-robot-slam/install/multi_robot_slam/local/lib/python3.10/dist-packages/multi_robot_slam/multi_robot_slam_s__rosidl_typesupport_introspection_c.cpython-310-x86_64-linux-gnu.so
-- Up-to-date: /home/nangao/multi_explore/multi-robot-slam/install/multi_robot_slam/local/lib/python3.10/dist-packages/multi_robot_slam/multi_robot_slam_s__rosidl_typesupport_c.cpython-310-x86_64-linux-gnu.so
-- Up-to-date: /home/nangao/multi_explore/multi-robot-slam/install/multi_robot_slam/lib/libmulti_robot_slam__rosidl_generator_py.so
-- Up-to-date: /home/nangao/multi_explore/multi-robot-slam/install/multi_robot_slam/share/multi_robot_slam/msg/PoseGraphNode.idl
-- Up-to-date: /home/nangao/multi_explore/multi-robot-slam/install/multi_robot_slam/share/multi_robot_slam/msg/PoseGraphEdge.idl
-- Up-to-date: /home/nangao/multi_explore/multi-robot-slam/install/multi_robot_slam/share/multi_robot_slam/msg/PoseGraph.idl
-- Up-to-date: /home/nangao/multi_explore/multi-robot-slam/install/multi_robot_slam/share/multi_robot_slam/msg/MapMergeStatus.idl
-- Up-to-date: /home/nangao/multi_explore/multi-robot-slam/install/multi_robot_slam/share/multi_robot_slam/msg/PoseGraphNode.msg
-- Up-to-date: /home/nangao/multi_explore/multi-robot-slam/install/multi_robot_slam/share/multi_robot_slam/msg/PoseGraphEdge.msg
-- Up-to-date: /home/nangao/multi_explore/multi-robot-slam/install/multi_robot_slam/share/multi_robot_slam/msg/PoseGraph.msg
-- Up-to-date: /home/nangao/multi_explore/multi-robot-slam/install/multi_robot_slam/share/multi_robot_slam/msg/MapMergeStatus.msg
-- Up-to-date: /home/nangao/multi_explore/multi-robot-slam/install/multi_robot_slam/lib/multi_robot_slam/pose_graph_optimizer.py
-- Up-to-date: /home/nangao/multi_explore/multi-robot-slam/install/multi_robot_slam/lib/multi_robot_slam/map_merger.py
-- Up-to-date: /home/nangao/multi_explore/multi-robot-slam/install/multi_robot_slam/lib/multi_robot_slam/tf_publisher.py
-- Up-to-date: /home/nangao/multi_explore/multi-robot-slam/install/multi_robot_slam/lib/multi_robot_slam/slam_coordinator.py
-- Up-to-date: /home/nangao/multi_explore/multi-robot-slam/install/multi_robot_slam/share/multi_robot_slam/launch
-- Installing: /home/nangao/multi_explore/multi-robot-slam/install/multi_robot_slam/share/multi_robot_slam/launch/multi_robot_slam.launch.py
-- Up-to-date: /home/nangao/multi_explore/multi-robot-slam/install/multi_robot_slam/share/multi_robot_slam/config
-- Up-to-date: /home/nangao/multi_explore/multi-robot-slam/install/multi_robot_slam/share/multi_robot_slam/config/slam_params.yaml
-- Up-to-date: /home/nangao/multi_explore/multi-robot-slam/install/multi_robot_slam/share/multi_robot_slam/config/.gitkeep
-- Up-to-date: /home/nangao/multi_explore/multi-robot-slam/install/multi_robot_slam/share/ament_index/resource_index/package_run_dependencies/multi_robot_slam
-- Up-to-date: /home/nangao/multi_explore/multi-robot-slam/install/multi_robot_slam/share/ament_index/resource_index/parent_prefix_path/multi_robot_slam
-- Up-to-date: /home/nangao/multi_explore/multi-robot-slam/install/multi_robot_slam/share/multi_robot_slam/environment/ament_prefix_path.sh
-- Up-to-date: /home/nangao/multi_explore/multi-robot-slam/install/multi_robot_slam/share/multi_robot_slam/environment/ament_prefix_path.dsv
-- Up-to-date: /home/nangao/multi_explore/multi-robot-slam/install/multi_robot_slam/share/multi_robot_slam/environment/path.sh
-- Up-to-date: /home/nangao/multi_explore/multi-robot-slam/install/multi_robot_slam/share/multi_robot_slam/environment/path.dsv
-- Up-to-date: /home/nangao/multi_explore/multi-robot-slam/install/multi_robot_slam/share/multi_robot_slam/local_setup.bash
-- Up-to-date: /home/nangao/multi_explore/multi-robot-slam/install/multi_robot_slam/share/multi_robot_slam/local_setup.sh
-- Up-to-date: /home/nangao/multi_explore/multi-robot-slam/install/multi_robot_slam/share/multi_robot_slam/local_setup.zsh
-- Up-to-date: /home/nangao/multi_explore/multi-robot-slam/install/multi_robot_slam/share/multi_robot_slam/local_setup.dsv
-- Installing: /home/nangao/multi_explore/multi-robot-slam/install/multi_robot_slam/share/multi_robot_slam/package.dsv
-- Up-to-date: /home/nangao/multi_explore/multi-robot-slam/install/multi_robot_slam/share/ament_index/resource_index/packages/multi_robot_slam
-- Up-to-date: /home/nangao/multi_explore/multi-robot-slam/install/multi_robot_slam/share/multi_robot_slam/cmake/export_multi_robot_slam__rosidl_generator_cExport.cmake
-- Up-to-date: /home/nangao/multi_explore/multi-robot-slam/install/multi_robot_slam/share/multi_robot_slam/cmake/export_multi_robot_slam__rosidl_generator_cExport-noconfig.cmake
-- Up-to-date: /home/nangao/multi_explore/multi-robot-slam/install/multi_robot_slam/share/multi_robot_slam/cmake/export_multi_robot_slam__rosidl_typesupport_fastrtps_cExport.cmake
-- Up-to-date: /home/nangao/multi_explore/multi-robot-slam/install/multi_robot_slam/share/multi_robot_slam/cmake/export_multi_robot_slam__rosidl_typesupport_fastrtps_cExport-noconfig.cmake
-- Up-to-date: /home/nangao/multi_explore/multi-robot-slam/install/multi_robot_slam/share/multi_robot_slam/cmake/multi_robot_slam__rosidl_typesupport_introspection_cExport.cmake
-- Up-to-date: /home/nangao/multi_explore/multi-robot-slam/install/multi_robot_slam/share/multi_robot_slam/cmake/multi_robot_slam__rosidl_typesupport_introspection_cExport-noconfig.cmake
-- Up-to-date: /home/nangao/multi_explore/multi-robot-slam/install/multi_robot_slam/share/multi_robot_slam/cmake/multi_robot_slam__rosidl_typesupport_cExport.cmake
-- Up-to-date: /home/nangao/multi_explore/multi-robot-slam/install/multi_robot_slam/share/multi_robot_slam/cmake/multi_robot_slam__rosidl_typesupport_cExport-noconfig.cmake
-- Up-to-date: /home/nangao/multi_explore/multi-robot-slam/install/multi_robot_slam/share/multi_robot_slam/cmake/export_multi_robot_slam__rosidl_generator_cppExport.cmake
-- Up-to-date: /home/nangao/multi_explore/multi-robot-slam/install/multi_robot_slam/share/multi_robot_slam/cmake/export_multi_robot_slam__rosidl_typesupport_fastrtps_cppExport.cmake
-- Up-to-date: /home/nangao/multi_explore/multi-robot-slam/install/multi_robot_slam/share/multi_robot_slam/cmake/export_multi_robot_slam__rosidl_typesupport_fastrtps_cppExport-noconfig.cmake
-- Up-to-date: /home/nangao/multi_explore/multi-robot-slam/install/multi_robot_slam/share/multi_robot_slam/cmake/multi_robot_slam__rosidl_typesupport_introspection_cppExport.cmake
-- Up-to-date: /home/nangao/multi_explore/multi-robot-slam/install/multi_robot_slam/share/multi_robot_slam/cmake/multi_robot_slam__rosidl_typesupport_introspection_cppExport-noconfig.cmake
-- Up-to-date: /home/nangao/multi_explore/multi-robot-slam/install/multi_robot_slam/share/multi_robot_slam/cmake/multi_robot_slam__rosidl_typesupport_cppExport.cmake
-- Up-to-date: /home/nangao/multi_explore/multi-robot-slam/install/multi_robot_slam/share/multi_robot_slam/cmake/multi_robot_slam__rosidl_typesupport_cppExport-noconfig.cmake
-- Up-to-date: /home/nangao/multi_explore/multi-robot-slam/install/multi_robot_slam/share/multi_robot_slam/cmake/export_multi_robot_slam__rosidl_generator_pyExport.cmake
-- Up-to-date: /home/nangao/multi_explore/multi-robot-slam/install/multi_robot_slam/share/multi_robot_slam/cmake/export_multi_robot_slam__rosidl_generator_pyExport-noconfig.cmake
-- Up-to-date: /home/nangao/multi_explore/multi-robot-slam/install/multi_robot_slam/share/multi_robot_slam/cmake/rosidl_cmake-extras.cmake
-- Up-to-date: /home/nangao/multi_explore/multi-robot-slam/install/multi_robot_slam/share/multi_robot_slam/cmake/ament_cmake_export_dependencies-extras.cmake
-- Up-to-date: /home/nangao/multi_explore/multi-robot-slam/install/multi_robot_slam/share/multi_robot_slam/cmake/ament_cmake_export_include_directories-extras.cmake
-- Up-to-date: /home/nangao/multi_explore/multi-robot-slam/install/multi_robot_slam/share/multi_robot_slam/cmake/ament_cmake_export_libraries-extras.cmake
-- Up-to-date: /home/nangao/multi_explore/multi-robot-slam/install/multi_robot_slam/share/multi_robot_slam/cmake/ament_cmake_export_targets-extras.cmake
-- Up-to-date: /home/nangao/multi_explore/multi-robot-slam/install/multi_robot_slam/share/multi_robot_slam/cmake/rosidl_cmake_export_typesupport_targets-extras.cmake
-- Up-to-date: /home/nangao/multi_explore/multi-robot-slam/install/multi_robot_slam/share/multi_robot_slam/cmake/rosidl_cmake_export_typesupport_libraries-extras.cmake
-- Up-to-date: /home/nangao/multi_explore/multi-robot-slam/install/multi_robot_slam/share/multi_robot_slam/cmake/multi_robot_slamConfig.cmake
-- Up-to-date: /home/nangao/multi_explore/multi-robot-slam/install/multi_robot_slam/share/multi_robot_slam/cmake/multi_robot_slamConfig-version.cmake
-- Up-to-date: /home/nangao/multi_explore/multi-robot-slam/install/multi_robot_slam/share/multi_robot_slam/package.xml
