[35m[1mConsolidate compiler generated dependencies of target uwb_simulation__rosidl_generator_c[0m
[  2%] Built target uwb_simulation__cpp
[35m[1mConsolidate compiler generated dependencies of target uwb_simulation__rosidl_typesupport_cpp[0m
[  2%] Built target ament_cmake_python_copy_uwb_simulation
[35m[1mConsolidate compiler generated dependencies of target uwb_simulation__rosidl_typesupport_fastrtps_cpp[0m
[35m[1mConsolidate compiler generated dependencies of target uwb_simulation__rosidl_typesupport_introspection_cpp[0m
[ 12%] Built target uwb_simulation__rosidl_generator_c
[35m[1mConsolidate compiler generated dependencies of target uwb_simulation__rosidl_typesupport_introspection_c[0m
[35m[1mConsolidate compiler generated dependencies of target uwb_simulation__rosidl_typesupport_fastrtps_c[0m
[ 23%] Built target uwb_simulation__rosidl_typesupport_cpp
[ 33%] Built target uwb_simulation__rosidl_typesupport_fastrtps_cpp
[ 43%] Built target uwb_simulation__rosidl_typesupport_introspection_cpp
[ 53%] Built target uwb_simulation__rosidl_typesupport_fastrtps_c
[ 64%] Built target uwb_simulation__rosidl_typesupport_introspection_c
[35m[1mConsolidate compiler generated dependencies of target uwb_simulation__rosidl_typesupport_c[0m
[ 74%] Built target uwb_simulation__rosidl_typesupport_c
[ 74%] Built target uwb_simulation
[ 76%] Built target uwb_simulation__py
[35m[1mConsolidate compiler generated dependencies of target uwb_simulation__rosidl_generator_py[0m
[ 84%] Built target uwb_simulation__rosidl_generator_py
[35m[1mConsolidate compiler generated dependencies of target uwb_simulation__rosidl_typesupport_fastrtps_c__pyext[0m
[35m[1mConsolidate compiler generated dependencies of target uwb_simulation__rosidl_typesupport_introspection_c__pyext[0m
[35m[1mConsolidate compiler generated dependencies of target uwb_simulation__rosidl_typesupport_c__pyext[0m
[ 89%] Built target uwb_simulation__rosidl_typesupport_fastrtps_c__pyext
[ 94%] Built target uwb_simulation__rosidl_typesupport_introspection_c__pyext
[100%] Built target uwb_simulation__rosidl_typesupport_c__pyext
running egg_info
writing uwb_simulation.egg-info/PKG-INFO
writing dependency_links to uwb_simulation.egg-info/dependency_links.txt
writing top-level names to uwb_simulation.egg-info/top_level.txt
reading manifest file 'uwb_simulation.egg-info/SOURCES.txt'
writing manifest file 'uwb_simulation.egg-info/SOURCES.txt'
[100%] Built target ament_cmake_python_build_uwb_simulation_egg
-- Install configuration: ""
-- Up-to-date: /home/nangao/multi_explore/multi-robot-slam/install/uwb_simulation/share/ament_index/resource_index/rosidl_interfaces/uwb_simulation
-- Up-to-date: /home/nangao/multi_explore/multi-robot-slam/install/uwb_simulation/include/uwb_simulation/uwb_simulation
-- Up-to-date: /home/nangao/multi_explore/multi-robot-slam/install/uwb_simulation/include/uwb_simulation/uwb_simulation/msg
-- Up-to-date: /home/nangao/multi_explore/multi-robot-slam/install/uwb_simulation/include/uwb_simulation/uwb_simulation/msg/rosidl_generator_c__visibility_control.h
-- Up-to-date: /home/nangao/multi_explore/multi-robot-slam/install/uwb_simulation/include/uwb_simulation/uwb_simulation/msg/uwb_range.h
-- Up-to-date: /home/nangao/multi_explore/multi-robot-slam/install/uwb_simulation/include/uwb_simulation/uwb_simulation/msg/uwb_range_array.h
-- Up-to-date: /home/nangao/multi_explore/multi-robot-slam/install/uwb_simulation/include/uwb_simulation/uwb_simulation/msg/detail
-- Up-to-date: /home/nangao/multi_explore/multi-robot-slam/install/uwb_simulation/include/uwb_simulation/uwb_simulation/msg/detail/uwb_range__type_support.h
-- Up-to-date: /home/nangao/multi_explore/multi-robot-slam/install/uwb_simulation/include/uwb_simulation/uwb_simulation/msg/detail/uwb_range__functions.c
-- Up-to-date: /home/nangao/multi_explore/multi-robot-slam/install/uwb_simulation/include/uwb_simulation/uwb_simulation/msg/detail/uwb_range_array__type_support.h
-- Up-to-date: /home/nangao/multi_explore/multi-robot-slam/install/uwb_simulation/include/uwb_simulation/uwb_simulation/msg/detail/uwb_range_array__struct.h
-- Up-to-date: /home/nangao/multi_explore/multi-robot-slam/install/uwb_simulation/include/uwb_simulation/uwb_simulation/msg/detail/uwb_range_array__functions.c
-- Up-to-date: /home/nangao/multi_explore/multi-robot-slam/install/uwb_simulation/include/uwb_simulation/uwb_simulation/msg/detail/uwb_range__struct.h
-- Up-to-date: /home/nangao/multi_explore/multi-robot-slam/install/uwb_simulation/include/uwb_simulation/uwb_simulation/msg/detail/uwb_range__functions.h
-- Up-to-date: /home/nangao/multi_explore/multi-robot-slam/install/uwb_simulation/include/uwb_simulation/uwb_simulation/msg/detail/uwb_range_array__functions.h
-- Up-to-date: /home/nangao/multi_explore/multi-robot-slam/install/uwb_simulation/share/uwb_simulation/environment/library_path.sh
-- Up-to-date: /home/nangao/multi_explore/multi-robot-slam/install/uwb_simulation/share/uwb_simulation/environment/library_path.dsv
-- Up-to-date: /home/nangao/multi_explore/multi-robot-slam/install/uwb_simulation/lib/libuwb_simulation__rosidl_generator_c.so
-- Up-to-date: /home/nangao/multi_explore/multi-robot-slam/install/uwb_simulation/include/uwb_simulation/uwb_simulation
-- Up-to-date: /home/nangao/multi_explore/multi-robot-slam/install/uwb_simulation/include/uwb_simulation/uwb_simulation/msg
-- Up-to-date: /home/nangao/multi_explore/multi-robot-slam/install/uwb_simulation/include/uwb_simulation/uwb_simulation/msg/detail
-- Up-to-date: /home/nangao/multi_explore/multi-robot-slam/install/uwb_simulation/include/uwb_simulation/uwb_simulation/msg/detail/uwb_range_array__rosidl_typesupport_fastrtps_c.h
-- Up-to-date: /home/nangao/multi_explore/multi-robot-slam/install/uwb_simulation/include/uwb_simulation/uwb_simulation/msg/detail/uwb_range__rosidl_typesupport_fastrtps_c.h
-- Up-to-date: /home/nangao/multi_explore/multi-robot-slam/install/uwb_simulation/include/uwb_simulation/uwb_simulation/msg/rosidl_typesupport_fastrtps_c__visibility_control.h
-- Up-to-date: /home/nangao/multi_explore/multi-robot-slam/install/uwb_simulation/lib/libuwb_simulation__rosidl_typesupport_fastrtps_c.so
-- Up-to-date: /home/nangao/multi_explore/multi-robot-slam/install/uwb_simulation/include/uwb_simulation/uwb_simulation
-- Up-to-date: /home/nangao/multi_explore/multi-robot-slam/install/uwb_simulation/include/uwb_simulation/uwb_simulation/msg
-- Up-to-date: /home/nangao/multi_explore/multi-robot-slam/install/uwb_simulation/include/uwb_simulation/uwb_simulation/msg/rosidl_typesupport_introspection_c__visibility_control.h
-- Up-to-date: /home/nangao/multi_explore/multi-robot-slam/install/uwb_simulation/include/uwb_simulation/uwb_simulation/msg/detail
-- Up-to-date: /home/nangao/multi_explore/multi-robot-slam/install/uwb_simulation/include/uwb_simulation/uwb_simulation/msg/detail/uwb_range__type_support.c
-- Up-to-date: /home/nangao/multi_explore/multi-robot-slam/install/uwb_simulation/include/uwb_simulation/uwb_simulation/msg/detail/uwb_range__rosidl_typesupport_introspection_c.h
-- Up-to-date: /home/nangao/multi_explore/multi-robot-slam/install/uwb_simulation/include/uwb_simulation/uwb_simulation/msg/detail/uwb_range_array__rosidl_typesupport_introspection_c.h
-- Up-to-date: /home/nangao/multi_explore/multi-robot-slam/install/uwb_simulation/include/uwb_simulation/uwb_simulation/msg/detail/uwb_range_array__type_support.c
-- Up-to-date: /home/nangao/multi_explore/multi-robot-slam/install/uwb_simulation/lib/libuwb_simulation__rosidl_typesupport_introspection_c.so
-- Up-to-date: /home/nangao/multi_explore/multi-robot-slam/install/uwb_simulation/lib/libuwb_simulation__rosidl_typesupport_c.so
-- Up-to-date: /home/nangao/multi_explore/multi-robot-slam/install/uwb_simulation/include/uwb_simulation/uwb_simulation
-- Up-to-date: /home/nangao/multi_explore/multi-robot-slam/install/uwb_simulation/include/uwb_simulation/uwb_simulation/msg
-- Up-to-date: /home/nangao/multi_explore/multi-robot-slam/install/uwb_simulation/include/uwb_simulation/uwb_simulation/msg/uwb_range.hpp
-- Up-to-date: /home/nangao/multi_explore/multi-robot-slam/install/uwb_simulation/include/uwb_simulation/uwb_simulation/msg/uwb_range_array.hpp
-- Up-to-date: /home/nangao/multi_explore/multi-robot-slam/install/uwb_simulation/include/uwb_simulation/uwb_simulation/msg/rosidl_generator_cpp__visibility_control.hpp
-- Up-to-date: /home/nangao/multi_explore/multi-robot-slam/install/uwb_simulation/include/uwb_simulation/uwb_simulation/msg/detail
-- Up-to-date: /home/nangao/multi_explore/multi-robot-slam/install/uwb_simulation/include/uwb_simulation/uwb_simulation/msg/detail/uwb_range__builder.hpp
-- Up-to-date: /home/nangao/multi_explore/multi-robot-slam/install/uwb_simulation/include/uwb_simulation/uwb_simulation/msg/detail/uwb_range_array__type_support.hpp
-- Up-to-date: /home/nangao/multi_explore/multi-robot-slam/install/uwb_simulation/include/uwb_simulation/uwb_simulation/msg/detail/uwb_range__traits.hpp
-- Up-to-date: /home/nangao/multi_explore/multi-robot-slam/install/uwb_simulation/include/uwb_simulation/uwb_simulation/msg/detail/uwb_range__type_support.hpp
-- Up-to-date: /home/nangao/multi_explore/multi-robot-slam/install/uwb_simulation/include/uwb_simulation/uwb_simulation/msg/detail/uwb_range_array__traits.hpp
-- Up-to-date: /home/nangao/multi_explore/multi-robot-slam/install/uwb_simulation/include/uwb_simulation/uwb_simulation/msg/detail/uwb_range__struct.hpp
-- Up-to-date: /home/nangao/multi_explore/multi-robot-slam/install/uwb_simulation/include/uwb_simulation/uwb_simulation/msg/detail/uwb_range_array__builder.hpp
-- Up-to-date: /home/nangao/multi_explore/multi-robot-slam/install/uwb_simulation/include/uwb_simulation/uwb_simulation/msg/detail/uwb_range_array__struct.hpp
-- Up-to-date: /home/nangao/multi_explore/multi-robot-slam/install/uwb_simulation/include/uwb_simulation/uwb_simulation
-- Up-to-date: /home/nangao/multi_explore/multi-robot-slam/install/uwb_simulation/include/uwb_simulation/uwb_simulation/msg
-- Up-to-date: /home/nangao/multi_explore/multi-robot-slam/install/uwb_simulation/include/uwb_simulation/uwb_simulation/msg/detail
-- Up-to-date: /home/nangao/multi_explore/multi-robot-slam/install/uwb_simulation/include/uwb_simulation/uwb_simulation/msg/detail/uwb_range_array__rosidl_typesupport_fastrtps_cpp.hpp
-- Up-to-date: /home/nangao/multi_explore/multi-robot-slam/install/uwb_simulation/include/uwb_simulation/uwb_simulation/msg/detail/dds_fastrtps
-- Up-to-date: /home/nangao/multi_explore/multi-robot-slam/install/uwb_simulation/include/uwb_simulation/uwb_simulation/msg/detail/uwb_range__rosidl_typesupport_fastrtps_cpp.hpp
-- Up-to-date: /home/nangao/multi_explore/multi-robot-slam/install/uwb_simulation/include/uwb_simulation/uwb_simulation/msg/rosidl_typesupport_fastrtps_cpp__visibility_control.h
-- Up-to-date: /home/nangao/multi_explore/multi-robot-slam/install/uwb_simulation/lib/libuwb_simulation__rosidl_typesupport_fastrtps_cpp.so
-- Up-to-date: /home/nangao/multi_explore/multi-robot-slam/install/uwb_simulation/include/uwb_simulation/uwb_simulation
-- Up-to-date: /home/nangao/multi_explore/multi-robot-slam/install/uwb_simulation/include/uwb_simulation/uwb_simulation/msg
-- Up-to-date: /home/nangao/multi_explore/multi-robot-slam/install/uwb_simulation/include/uwb_simulation/uwb_simulation/msg/detail
-- Up-to-date: /home/nangao/multi_explore/multi-robot-slam/install/uwb_simulation/include/uwb_simulation/uwb_simulation/msg/detail/uwb_range_array__rosidl_typesupport_introspection_cpp.hpp
-- Up-to-date: /home/nangao/multi_explore/multi-robot-slam/install/uwb_simulation/include/uwb_simulation/uwb_simulation/msg/detail/uwb_range_array__type_support.cpp
-- Up-to-date: /home/nangao/multi_explore/multi-robot-slam/install/uwb_simulation/include/uwb_simulation/uwb_simulation/msg/detail/uwb_range__rosidl_typesupport_introspection_cpp.hpp
-- Up-to-date: /home/nangao/multi_explore/multi-robot-slam/install/uwb_simulation/include/uwb_simulation/uwb_simulation/msg/detail/uwb_range__type_support.cpp
-- Up-to-date: /home/nangao/multi_explore/multi-robot-slam/install/uwb_simulation/lib/libuwb_simulation__rosidl_typesupport_introspection_cpp.so
-- Up-to-date: /home/nangao/multi_explore/multi-robot-slam/install/uwb_simulation/lib/libuwb_simulation__rosidl_typesupport_cpp.so
-- Up-to-date: /home/nangao/multi_explore/multi-robot-slam/install/uwb_simulation/share/uwb_simulation/environment/pythonpath.sh
-- Up-to-date: /home/nangao/multi_explore/multi-robot-slam/install/uwb_simulation/share/uwb_simulation/environment/pythonpath.dsv
-- Up-to-date: /home/nangao/multi_explore/multi-robot-slam/install/uwb_simulation/local/lib/python3.10/dist-packages/uwb_simulation-0.0.1-py3.10.egg-info
-- Installing: /home/nangao/multi_explore/multi-robot-slam/install/uwb_simulation/local/lib/python3.10/dist-packages/uwb_simulation-0.0.1-py3.10.egg-info/dependency_links.txt
-- Installing: /home/nangao/multi_explore/multi-robot-slam/install/uwb_simulation/local/lib/python3.10/dist-packages/uwb_simulation-0.0.1-py3.10.egg-info/PKG-INFO
-- Installing: /home/nangao/multi_explore/multi-robot-slam/install/uwb_simulation/local/lib/python3.10/dist-packages/uwb_simulation-0.0.1-py3.10.egg-info/SOURCES.txt
-- Installing: /home/nangao/multi_explore/multi-robot-slam/install/uwb_simulation/local/lib/python3.10/dist-packages/uwb_simulation-0.0.1-py3.10.egg-info/top_level.txt
-- Up-to-date: /home/nangao/multi_explore/multi-robot-slam/install/uwb_simulation/local/lib/python3.10/dist-packages/uwb_simulation
-- Up-to-date: /home/nangao/multi_explore/multi-robot-slam/install/uwb_simulation/local/lib/python3.10/dist-packages/uwb_simulation/libuwb_simulation__rosidl_generator_py.so
-- Up-to-date: /home/nangao/multi_explore/multi-robot-slam/install/uwb_simulation/local/lib/python3.10/dist-packages/uwb_simulation/uwb_simulation_s__rosidl_typesupport_fastrtps_c.cpython-310-x86_64-linux-gnu.so
-- Up-to-date: /home/nangao/multi_explore/multi-robot-slam/install/uwb_simulation/local/lib/python3.10/dist-packages/uwb_simulation/_uwb_simulation_s.ep.rosidl_typesupport_c.c
-- Up-to-date: /home/nangao/multi_explore/multi-robot-slam/install/uwb_simulation/local/lib/python3.10/dist-packages/uwb_simulation/_uwb_simulation_s.ep.rosidl_typesupport_introspection_c.c
-- Up-to-date: /home/nangao/multi_explore/multi-robot-slam/install/uwb_simulation/local/lib/python3.10/dist-packages/uwb_simulation/_uwb_simulation_s.ep.rosidl_typesupport_fastrtps_c.c
-- Up-to-date: /home/nangao/multi_explore/multi-robot-slam/install/uwb_simulation/local/lib/python3.10/dist-packages/uwb_simulation/uwb_simulation_s__rosidl_typesupport_c.cpython-310-x86_64-linux-gnu.so
-- Up-to-date: /home/nangao/multi_explore/multi-robot-slam/install/uwb_simulation/local/lib/python3.10/dist-packages/uwb_simulation/msg
-- Up-to-date: /home/nangao/multi_explore/multi-robot-slam/install/uwb_simulation/local/lib/python3.10/dist-packages/uwb_simulation/msg/_uwb_range_array.py
-- Up-to-date: /home/nangao/multi_explore/multi-robot-slam/install/uwb_simulation/local/lib/python3.10/dist-packages/uwb_simulation/msg/_uwb_range_s.c
-- Up-to-date: /home/nangao/multi_explore/multi-robot-slam/install/uwb_simulation/local/lib/python3.10/dist-packages/uwb_simulation/msg/_uwb_range.py
-- Up-to-date: /home/nangao/multi_explore/multi-robot-slam/install/uwb_simulation/local/lib/python3.10/dist-packages/uwb_simulation/msg/_uwb_range_array_s.c
-- Up-to-date: /home/nangao/multi_explore/multi-robot-slam/install/uwb_simulation/local/lib/python3.10/dist-packages/uwb_simulation/msg/__init__.py
-- Up-to-date: /home/nangao/multi_explore/multi-robot-slam/install/uwb_simulation/local/lib/python3.10/dist-packages/uwb_simulation/__init__.py
-- Up-to-date: /home/nangao/multi_explore/multi-robot-slam/install/uwb_simulation/local/lib/python3.10/dist-packages/uwb_simulation/uwb_simulation_s__rosidl_typesupport_introspection_c.cpython-310-x86_64-linux-gnu.so
Listing '/home/nangao/multi_explore/multi-robot-slam/install/uwb_simulation/local/lib/python3.10/dist-packages/uwb_simulation'...
Listing '/home/nangao/multi_explore/multi-robot-slam/install/uwb_simulation/local/lib/python3.10/dist-packages/uwb_simulation/msg'...
-- Up-to-date: /home/nangao/multi_explore/multi-robot-slam/install/uwb_simulation/local/lib/python3.10/dist-packages/uwb_simulation/uwb_simulation_s__rosidl_typesupport_fastrtps_c.cpython-310-x86_64-linux-gnu.so
-- Up-to-date: /home/nangao/multi_explore/multi-robot-slam/install/uwb_simulation/local/lib/python3.10/dist-packages/uwb_simulation/uwb_simulation_s__rosidl_typesupport_introspection_c.cpython-310-x86_64-linux-gnu.so
-- Up-to-date: /home/nangao/multi_explore/multi-robot-slam/install/uwb_simulation/local/lib/python3.10/dist-packages/uwb_simulation/uwb_simulation_s__rosidl_typesupport_c.cpython-310-x86_64-linux-gnu.so
-- Up-to-date: /home/nangao/multi_explore/multi-robot-slam/install/uwb_simulation/lib/libuwb_simulation__rosidl_generator_py.so
-- Up-to-date: /home/nangao/multi_explore/multi-robot-slam/install/uwb_simulation/share/uwb_simulation/msg/UwbRange.idl
-- Up-to-date: /home/nangao/multi_explore/multi-robot-slam/install/uwb_simulation/share/uwb_simulation/msg/UwbRangeArray.idl
-- Up-to-date: /home/nangao/multi_explore/multi-robot-slam/install/uwb_simulation/share/uwb_simulation/msg/UwbRange.msg
-- Up-to-date: /home/nangao/multi_explore/multi-robot-slam/install/uwb_simulation/share/uwb_simulation/msg/UwbRangeArray.msg
-- Up-to-date: /home/nangao/multi_explore/multi-robot-slam/install/uwb_simulation/lib/uwb_simulation/uwb_range_simulator.py
-- Up-to-date: /home/nangao/multi_explore/multi-robot-slam/install/uwb_simulation/lib/uwb_simulation/uwb_range_publisher.py
-- Up-to-date: /home/nangao/multi_explore/multi-robot-slam/install/uwb_simulation/share/uwb_simulation/launch
-- Up-to-date: /home/nangao/multi_explore/multi-robot-slam/install/uwb_simulation/share/uwb_simulation/launch/uwb_simulation.launch.py
-- Up-to-date: /home/nangao/multi_explore/multi-robot-slam/install/uwb_simulation/share/uwb_simulation/config
-- Up-to-date: /home/nangao/multi_explore/multi-robot-slam/install/uwb_simulation/share/uwb_simulation/config/.gitkeep
-- Up-to-date: /home/nangao/multi_explore/multi-robot-slam/install/uwb_simulation/share/ament_index/resource_index/package_run_dependencies/uwb_simulation
-- Up-to-date: /home/nangao/multi_explore/multi-robot-slam/install/uwb_simulation/share/ament_index/resource_index/parent_prefix_path/uwb_simulation
-- Up-to-date: /home/nangao/multi_explore/multi-robot-slam/install/uwb_simulation/share/uwb_simulation/environment/ament_prefix_path.sh
-- Up-to-date: /home/nangao/multi_explore/multi-robot-slam/install/uwb_simulation/share/uwb_simulation/environment/ament_prefix_path.dsv
-- Up-to-date: /home/nangao/multi_explore/multi-robot-slam/install/uwb_simulation/share/uwb_simulation/environment/path.sh
-- Up-to-date: /home/nangao/multi_explore/multi-robot-slam/install/uwb_simulation/share/uwb_simulation/environment/path.dsv
-- Up-to-date: /home/nangao/multi_explore/multi-robot-slam/install/uwb_simulation/share/uwb_simulation/local_setup.bash
-- Up-to-date: /home/nangao/multi_explore/multi-robot-slam/install/uwb_simulation/share/uwb_simulation/local_setup.sh
-- Up-to-date: /home/nangao/multi_explore/multi-robot-slam/install/uwb_simulation/share/uwb_simulation/local_setup.zsh
-- Up-to-date: /home/nangao/multi_explore/multi-robot-slam/install/uwb_simulation/share/uwb_simulation/local_setup.dsv
-- Installing: /home/nangao/multi_explore/multi-robot-slam/install/uwb_simulation/share/uwb_simulation/package.dsv
-- Up-to-date: /home/nangao/multi_explore/multi-robot-slam/install/uwb_simulation/share/ament_index/resource_index/packages/uwb_simulation
-- Up-to-date: /home/nangao/multi_explore/multi-robot-slam/install/uwb_simulation/share/uwb_simulation/cmake/export_uwb_simulation__rosidl_generator_cExport.cmake
-- Up-to-date: /home/nangao/multi_explore/multi-robot-slam/install/uwb_simulation/share/uwb_simulation/cmake/export_uwb_simulation__rosidl_generator_cExport-noconfig.cmake
-- Up-to-date: /home/nangao/multi_explore/multi-robot-slam/install/uwb_simulation/share/uwb_simulation/cmake/export_uwb_simulation__rosidl_typesupport_fastrtps_cExport.cmake
-- Up-to-date: /home/nangao/multi_explore/multi-robot-slam/install/uwb_simulation/share/uwb_simulation/cmake/export_uwb_simulation__rosidl_typesupport_fastrtps_cExport-noconfig.cmake
-- Up-to-date: /home/nangao/multi_explore/multi-robot-slam/install/uwb_simulation/share/uwb_simulation/cmake/uwb_simulation__rosidl_typesupport_introspection_cExport.cmake
-- Up-to-date: /home/nangao/multi_explore/multi-robot-slam/install/uwb_simulation/share/uwb_simulation/cmake/uwb_simulation__rosidl_typesupport_introspection_cExport-noconfig.cmake
-- Up-to-date: /home/nangao/multi_explore/multi-robot-slam/install/uwb_simulation/share/uwb_simulation/cmake/uwb_simulation__rosidl_typesupport_cExport.cmake
-- Up-to-date: /home/nangao/multi_explore/multi-robot-slam/install/uwb_simulation/share/uwb_simulation/cmake/uwb_simulation__rosidl_typesupport_cExport-noconfig.cmake
-- Up-to-date: /home/nangao/multi_explore/multi-robot-slam/install/uwb_simulation/share/uwb_simulation/cmake/export_uwb_simulation__rosidl_generator_cppExport.cmake
-- Up-to-date: /home/nangao/multi_explore/multi-robot-slam/install/uwb_simulation/share/uwb_simulation/cmake/export_uwb_simulation__rosidl_typesupport_fastrtps_cppExport.cmake
-- Up-to-date: /home/nangao/multi_explore/multi-robot-slam/install/uwb_simulation/share/uwb_simulation/cmake/export_uwb_simulation__rosidl_typesupport_fastrtps_cppExport-noconfig.cmake
-- Up-to-date: /home/nangao/multi_explore/multi-robot-slam/install/uwb_simulation/share/uwb_simulation/cmake/uwb_simulation__rosidl_typesupport_introspection_cppExport.cmake
-- Up-to-date: /home/nangao/multi_explore/multi-robot-slam/install/uwb_simulation/share/uwb_simulation/cmake/uwb_simulation__rosidl_typesupport_introspection_cppExport-noconfig.cmake
-- Up-to-date: /home/nangao/multi_explore/multi-robot-slam/install/uwb_simulation/share/uwb_simulation/cmake/uwb_simulation__rosidl_typesupport_cppExport.cmake
-- Up-to-date: /home/nangao/multi_explore/multi-robot-slam/install/uwb_simulation/share/uwb_simulation/cmake/uwb_simulation__rosidl_typesupport_cppExport-noconfig.cmake
-- Up-to-date: /home/nangao/multi_explore/multi-robot-slam/install/uwb_simulation/share/uwb_simulation/cmake/export_uwb_simulation__rosidl_generator_pyExport.cmake
-- Up-to-date: /home/nangao/multi_explore/multi-robot-slam/install/uwb_simulation/share/uwb_simulation/cmake/export_uwb_simulation__rosidl_generator_pyExport-noconfig.cmake
-- Up-to-date: /home/nangao/multi_explore/multi-robot-slam/install/uwb_simulation/share/uwb_simulation/cmake/rosidl_cmake-extras.cmake
-- Up-to-date: /home/nangao/multi_explore/multi-robot-slam/install/uwb_simulation/share/uwb_simulation/cmake/ament_cmake_export_dependencies-extras.cmake
-- Up-to-date: /home/nangao/multi_explore/multi-robot-slam/install/uwb_simulation/share/uwb_simulation/cmake/ament_cmake_export_include_directories-extras.cmake
-- Up-to-date: /home/nangao/multi_explore/multi-robot-slam/install/uwb_simulation/share/uwb_simulation/cmake/ament_cmake_export_libraries-extras.cmake
-- Up-to-date: /home/nangao/multi_explore/multi-robot-slam/install/uwb_simulation/share/uwb_simulation/cmake/ament_cmake_export_targets-extras.cmake
-- Up-to-date: /home/nangao/multi_explore/multi-robot-slam/install/uwb_simulation/share/uwb_simulation/cmake/rosidl_cmake_export_typesupport_targets-extras.cmake
-- Up-to-date: /home/nangao/multi_explore/multi-robot-slam/install/uwb_simulation/share/uwb_simulation/cmake/rosidl_cmake_export_typesupport_libraries-extras.cmake
-- Up-to-date: /home/nangao/multi_explore/multi-robot-slam/install/uwb_simulation/share/uwb_simulation/cmake/uwb_simulationConfig.cmake
-- Up-to-date: /home/nangao/multi_explore/multi-robot-slam/install/uwb_simulation/share/uwb_simulation/cmake/uwb_simulationConfig-version.cmake
-- Up-to-date: /home/nangao/multi_explore/multi-robot-slam/install/uwb_simulation/share/uwb_simulation/package.xml
