[0.064s] Invoking command in '/home/nangao/multi_explore/multi-robot-slam/build/uwb_simulation': CMAKE_PREFIX_PATH=${CMAKE_PREFIX_PATH}:/opt/ros/humble /usr/bin/cmake --build /home/nangao/multi_explore/multi-robot-slam/build/uwb_simulation -- -j8 -l8
[0.163s] [35m[1mConsolidate compiler generated dependencies of target uwb_simulation__rosidl_generator_c[0m
[0.175s] [  2%] Built target uwb_simulation__cpp
[0.195s] [35m[1mConsolidate compiler generated dependencies of target uwb_simulation__rosidl_typesupport_cpp[0m
[0.200s] [  2%] Built target ament_cmake_python_copy_uwb_simulation
[0.208s] [35m[1mConsolidate compiler generated dependencies of target uwb_simulation__rosidl_typesupport_fastrtps_cpp[0m
[0.223s] [35m[1mConsolidate compiler generated dependencies of target uwb_simulation__rosidl_typesupport_introspection_cpp[0m
[0.223s] [ 12%] Built target uwb_simulation__rosidl_generator_c
[0.248s] [35m[1mConsolidate compiler generated dependencies of target uwb_simulation__rosidl_typesupport_introspection_c[0m
[0.249s] [35m[1mConsolidate compiler generated dependencies of target uwb_simulation__rosidl_typesupport_fastrtps_c[0m
[0.261s] [ 23%] Built target uwb_simulation__rosidl_typesupport_cpp
[0.267s] [ 33%] Built target uwb_simulation__rosidl_typesupport_fastrtps_cpp
[0.277s] [ 43%] Built target uwb_simulation__rosidl_typesupport_introspection_cpp
[0.286s] [ 53%] Built target uwb_simulation__rosidl_typesupport_fastrtps_c
[0.290s] [ 64%] Built target uwb_simulation__rosidl_typesupport_introspection_c
[0.304s] [35m[1mConsolidate compiler generated dependencies of target uwb_simulation__rosidl_typesupport_c[0m
[0.327s] [ 74%] Built target uwb_simulation__rosidl_typesupport_c
[0.357s] [ 74%] Built target uwb_simulation
[0.395s] [ 76%] Built target uwb_simulation__py
[0.422s] [35m[1mConsolidate compiler generated dependencies of target uwb_simulation__rosidl_generator_py[0m
[0.453s] [ 84%] Built target uwb_simulation__rosidl_generator_py
[0.477s] [35m[1mConsolidate compiler generated dependencies of target uwb_simulation__rosidl_typesupport_fastrtps_c__pyext[0m
[0.485s] [35m[1mConsolidate compiler generated dependencies of target uwb_simulation__rosidl_typesupport_introspection_c__pyext[0m
[0.495s] [35m[1mConsolidate compiler generated dependencies of target uwb_simulation__rosidl_typesupport_c__pyext[0m
[0.512s] [ 89%] Built target uwb_simulation__rosidl_typesupport_fastrtps_c__pyext
[0.525s] [ 94%] Built target uwb_simulation__rosidl_typesupport_introspection_c__pyext
[0.525s] [100%] Built target uwb_simulation__rosidl_typesupport_c__pyext
[0.541s] running egg_info
[0.542s] writing uwb_simulation.egg-info/PKG-INFO
[0.542s] writing dependency_links to uwb_simulation.egg-info/dependency_links.txt
[0.543s] writing top-level names to uwb_simulation.egg-info/top_level.txt
[0.546s] reading manifest file 'uwb_simulation.egg-info/SOURCES.txt'
[0.546s] writing manifest file 'uwb_simulation.egg-info/SOURCES.txt'
[0.572s] [100%] Built target ament_cmake_python_build_uwb_simulation_egg
[0.584s] Invoked command in '/home/nangao/multi_explore/multi-robot-slam/build/uwb_simulation' returned '0': CMAKE_PREFIX_PATH=${CMAKE_PREFIX_PATH}:/opt/ros/humble /usr/bin/cmake --build /home/nangao/multi_explore/multi-robot-slam/build/uwb_simulation -- -j8 -l8
[0.590s] Invoking command in '/home/nangao/multi_explore/multi-robot-slam/build/uwb_simulation': CMAKE_PREFIX_PATH=${CMAKE_PREFIX_PATH}:/opt/ros/humble /usr/bin/cmake --install /home/nangao/multi_explore/multi-robot-slam/build/uwb_simulation
[0.604s] -- Install configuration: ""
[0.604s] -- Up-to-date: /home/nangao/multi_explore/multi-robot-slam/install/uwb_simulation/share/ament_index/resource_index/rosidl_interfaces/uwb_simulation
[0.604s] -- Up-to-date: /home/nangao/multi_explore/multi-robot-slam/install/uwb_simulation/include/uwb_simulation/uwb_simulation
[0.605s] -- Up-to-date: /home/nangao/multi_explore/multi-robot-slam/install/uwb_simulation/include/uwb_simulation/uwb_simulation/msg
[0.605s] -- Up-to-date: /home/nangao/multi_explore/multi-robot-slam/install/uwb_simulation/include/uwb_simulation/uwb_simulation/msg/rosidl_generator_c__visibility_control.h
[0.605s] -- Up-to-date: /home/nangao/multi_explore/multi-robot-slam/install/uwb_simulation/include/uwb_simulation/uwb_simulation/msg/uwb_range.h
[0.605s] -- Up-to-date: /home/nangao/multi_explore/multi-robot-slam/install/uwb_simulation/include/uwb_simulation/uwb_simulation/msg/uwb_range_array.h
[0.605s] -- Up-to-date: /home/nangao/multi_explore/multi-robot-slam/install/uwb_simulation/include/uwb_simulation/uwb_simulation/msg/detail
[0.605s] -- Up-to-date: /home/nangao/multi_explore/multi-robot-slam/install/uwb_simulation/include/uwb_simulation/uwb_simulation/msg/detail/uwb_range__type_support.h
[0.605s] -- Up-to-date: /home/nangao/multi_explore/multi-robot-slam/install/uwb_simulation/include/uwb_simulation/uwb_simulation/msg/detail/uwb_range__functions.c
[0.605s] -- Up-to-date: /home/nangao/multi_explore/multi-robot-slam/install/uwb_simulation/include/uwb_simulation/uwb_simulation/msg/detail/uwb_range_array__type_support.h
[0.605s] -- Up-to-date: /home/nangao/multi_explore/multi-robot-slam/install/uwb_simulation/include/uwb_simulation/uwb_simulation/msg/detail/uwb_range_array__struct.h
[0.605s] -- Up-to-date: /home/nangao/multi_explore/multi-robot-slam/install/uwb_simulation/include/uwb_simulation/uwb_simulation/msg/detail/uwb_range_array__functions.c
[0.605s] -- Up-to-date: /home/nangao/multi_explore/multi-robot-slam/install/uwb_simulation/include/uwb_simulation/uwb_simulation/msg/detail/uwb_range__struct.h
[0.605s] -- Up-to-date: /home/nangao/multi_explore/multi-robot-slam/install/uwb_simulation/include/uwb_simulation/uwb_simulation/msg/detail/uwb_range__functions.h
[0.605s] -- Up-to-date: /home/nangao/multi_explore/multi-robot-slam/install/uwb_simulation/include/uwb_simulation/uwb_simulation/msg/detail/uwb_range_array__functions.h
[0.605s] -- Up-to-date: /home/nangao/multi_explore/multi-robot-slam/install/uwb_simulation/share/uwb_simulation/environment/library_path.sh
[0.605s] -- Up-to-date: /home/nangao/multi_explore/multi-robot-slam/install/uwb_simulation/share/uwb_simulation/environment/library_path.dsv
[0.606s] -- Up-to-date: /home/nangao/multi_explore/multi-robot-slam/install/uwb_simulation/lib/libuwb_simulation__rosidl_generator_c.so
[0.607s] -- Up-to-date: /home/nangao/multi_explore/multi-robot-slam/install/uwb_simulation/include/uwb_simulation/uwb_simulation
[0.609s] -- Up-to-date: /home/nangao/multi_explore/multi-robot-slam/install/uwb_simulation/include/uwb_simulation/uwb_simulation/msg
[0.609s] -- Up-to-date: /home/nangao/multi_explore/multi-robot-slam/install/uwb_simulation/include/uwb_simulation/uwb_simulation/msg/detail
[0.609s] -- Up-to-date: /home/nangao/multi_explore/multi-robot-slam/install/uwb_simulation/include/uwb_simulation/uwb_simulation/msg/detail/uwb_range_array__rosidl_typesupport_fastrtps_c.h
[0.609s] -- Up-to-date: /home/nangao/multi_explore/multi-robot-slam/install/uwb_simulation/include/uwb_simulation/uwb_simulation/msg/detail/uwb_range__rosidl_typesupport_fastrtps_c.h
[0.610s] -- Up-to-date: /home/nangao/multi_explore/multi-robot-slam/install/uwb_simulation/include/uwb_simulation/uwb_simulation/msg/rosidl_typesupport_fastrtps_c__visibility_control.h
[0.610s] -- Up-to-date: /home/nangao/multi_explore/multi-robot-slam/install/uwb_simulation/lib/libuwb_simulation__rosidl_typesupport_fastrtps_c.so
[0.610s] -- Up-to-date: /home/nangao/multi_explore/multi-robot-slam/install/uwb_simulation/include/uwb_simulation/uwb_simulation
[0.610s] -- Up-to-date: /home/nangao/multi_explore/multi-robot-slam/install/uwb_simulation/include/uwb_simulation/uwb_simulation/msg
[0.610s] -- Up-to-date: /home/nangao/multi_explore/multi-robot-slam/install/uwb_simulation/include/uwb_simulation/uwb_simulation/msg/rosidl_typesupport_introspection_c__visibility_control.h
[0.610s] -- Up-to-date: /home/nangao/multi_explore/multi-robot-slam/install/uwb_simulation/include/uwb_simulation/uwb_simulation/msg/detail
[0.610s] -- Up-to-date: /home/nangao/multi_explore/multi-robot-slam/install/uwb_simulation/include/uwb_simulation/uwb_simulation/msg/detail/uwb_range__type_support.c
[0.610s] -- Up-to-date: /home/nangao/multi_explore/multi-robot-slam/install/uwb_simulation/include/uwb_simulation/uwb_simulation/msg/detail/uwb_range__rosidl_typesupport_introspection_c.h
[0.610s] -- Up-to-date: /home/nangao/multi_explore/multi-robot-slam/install/uwb_simulation/include/uwb_simulation/uwb_simulation/msg/detail/uwb_range_array__rosidl_typesupport_introspection_c.h
[0.610s] -- Up-to-date: /home/nangao/multi_explore/multi-robot-slam/install/uwb_simulation/include/uwb_simulation/uwb_simulation/msg/detail/uwb_range_array__type_support.c
[0.610s] -- Up-to-date: /home/nangao/multi_explore/multi-robot-slam/install/uwb_simulation/lib/libuwb_simulation__rosidl_typesupport_introspection_c.so
[0.611s] -- Up-to-date: /home/nangao/multi_explore/multi-robot-slam/install/uwb_simulation/lib/libuwb_simulation__rosidl_typesupport_c.so
[0.611s] -- Up-to-date: /home/nangao/multi_explore/multi-robot-slam/install/uwb_simulation/include/uwb_simulation/uwb_simulation
[0.611s] -- Up-to-date: /home/nangao/multi_explore/multi-robot-slam/install/uwb_simulation/include/uwb_simulation/uwb_simulation/msg
[0.611s] -- Up-to-date: /home/nangao/multi_explore/multi-robot-slam/install/uwb_simulation/include/uwb_simulation/uwb_simulation/msg/uwb_range.hpp
[0.612s] -- Up-to-date: /home/nangao/multi_explore/multi-robot-slam/install/uwb_simulation/include/uwb_simulation/uwb_simulation/msg/uwb_range_array.hpp
[0.612s] -- Up-to-date: /home/nangao/multi_explore/multi-robot-slam/install/uwb_simulation/include/uwb_simulation/uwb_simulation/msg/rosidl_generator_cpp__visibility_control.hpp
[0.612s] -- Up-to-date: /home/nangao/multi_explore/multi-robot-slam/install/uwb_simulation/include/uwb_simulation/uwb_simulation/msg/detail
[0.612s] -- Up-to-date: /home/nangao/multi_explore/multi-robot-slam/install/uwb_simulation/include/uwb_simulation/uwb_simulation/msg/detail/uwb_range__builder.hpp
[0.612s] -- Up-to-date: /home/nangao/multi_explore/multi-robot-slam/install/uwb_simulation/include/uwb_simulation/uwb_simulation/msg/detail/uwb_range_array__type_support.hpp
[0.612s] -- Up-to-date: /home/nangao/multi_explore/multi-robot-slam/install/uwb_simulation/include/uwb_simulation/uwb_simulation/msg/detail/uwb_range__traits.hpp
[0.612s] -- Up-to-date: /home/nangao/multi_explore/multi-robot-slam/install/uwb_simulation/include/uwb_simulation/uwb_simulation/msg/detail/uwb_range__type_support.hpp
[0.612s] -- Up-to-date: /home/nangao/multi_explore/multi-robot-slam/install/uwb_simulation/include/uwb_simulation/uwb_simulation/msg/detail/uwb_range_array__traits.hpp
[0.612s] -- Up-to-date: /home/nangao/multi_explore/multi-robot-slam/install/uwb_simulation/include/uwb_simulation/uwb_simulation/msg/detail/uwb_range__struct.hpp
[0.612s] -- Up-to-date: /home/nangao/multi_explore/multi-robot-slam/install/uwb_simulation/include/uwb_simulation/uwb_simulation/msg/detail/uwb_range_array__builder.hpp
[0.612s] -- Up-to-date: /home/nangao/multi_explore/multi-robot-slam/install/uwb_simulation/include/uwb_simulation/uwb_simulation/msg/detail/uwb_range_array__struct.hpp
[0.612s] -- Up-to-date: /home/nangao/multi_explore/multi-robot-slam/install/uwb_simulation/include/uwb_simulation/uwb_simulation
[0.612s] -- Up-to-date: /home/nangao/multi_explore/multi-robot-slam/install/uwb_simulation/include/uwb_simulation/uwb_simulation/msg
[0.612s] -- Up-to-date: /home/nangao/multi_explore/multi-robot-slam/install/uwb_simulation/include/uwb_simulation/uwb_simulation/msg/detail
[0.613s] -- Up-to-date: /home/nangao/multi_explore/multi-robot-slam/install/uwb_simulation/include/uwb_simulation/uwb_simulation/msg/detail/uwb_range_array__rosidl_typesupport_fastrtps_cpp.hpp
[0.613s] -- Up-to-date: /home/nangao/multi_explore/multi-robot-slam/install/uwb_simulation/include/uwb_simulation/uwb_simulation/msg/detail/dds_fastrtps
[0.613s] -- Up-to-date: /home/nangao/multi_explore/multi-robot-slam/install/uwb_simulation/include/uwb_simulation/uwb_simulation/msg/detail/uwb_range__rosidl_typesupport_fastrtps_cpp.hpp
[0.613s] -- Up-to-date: /home/nangao/multi_explore/multi-robot-slam/install/uwb_simulation/include/uwb_simulation/uwb_simulation/msg/rosidl_typesupport_fastrtps_cpp__visibility_control.h
[0.614s] -- Up-to-date: /home/nangao/multi_explore/multi-robot-slam/install/uwb_simulation/lib/libuwb_simulation__rosidl_typesupport_fastrtps_cpp.so
[0.614s] -- Up-to-date: /home/nangao/multi_explore/multi-robot-slam/install/uwb_simulation/include/uwb_simulation/uwb_simulation
[0.614s] -- Up-to-date: /home/nangao/multi_explore/multi-robot-slam/install/uwb_simulation/include/uwb_simulation/uwb_simulation/msg
[0.614s] -- Up-to-date: /home/nangao/multi_explore/multi-robot-slam/install/uwb_simulation/include/uwb_simulation/uwb_simulation/msg/detail
[0.615s] -- Up-to-date: /home/nangao/multi_explore/multi-robot-slam/install/uwb_simulation/include/uwb_simulation/uwb_simulation/msg/detail/uwb_range_array__rosidl_typesupport_introspection_cpp.hpp
[0.615s] -- Up-to-date: /home/nangao/multi_explore/multi-robot-slam/install/uwb_simulation/include/uwb_simulation/uwb_simulation/msg/detail/uwb_range_array__type_support.cpp
[0.615s] -- Up-to-date: /home/nangao/multi_explore/multi-robot-slam/install/uwb_simulation/include/uwb_simulation/uwb_simulation/msg/detail/uwb_range__rosidl_typesupport_introspection_cpp.hpp
[0.615s] -- Up-to-date: /home/nangao/multi_explore/multi-robot-slam/install/uwb_simulation/include/uwb_simulation/uwb_simulation/msg/detail/uwb_range__type_support.cpp
[0.615s] -- Up-to-date: /home/nangao/multi_explore/multi-robot-slam/install/uwb_simulation/lib/libuwb_simulation__rosidl_typesupport_introspection_cpp.so
[0.617s] -- Up-to-date: /home/nangao/multi_explore/multi-robot-slam/install/uwb_simulation/lib/libuwb_simulation__rosidl_typesupport_cpp.so
[0.617s] -- Up-to-date: /home/nangao/multi_explore/multi-robot-slam/install/uwb_simulation/share/uwb_simulation/environment/pythonpath.sh
[0.617s] -- Up-to-date: /home/nangao/multi_explore/multi-robot-slam/install/uwb_simulation/share/uwb_simulation/environment/pythonpath.dsv
[0.617s] -- Up-to-date: /home/nangao/multi_explore/multi-robot-slam/install/uwb_simulation/local/lib/python3.10/dist-packages/uwb_simulation-0.0.1-py3.10.egg-info
[0.617s] -- Installing: /home/nangao/multi_explore/multi-robot-slam/install/uwb_simulation/local/lib/python3.10/dist-packages/uwb_simulation-0.0.1-py3.10.egg-info/dependency_links.txt
[0.618s] -- Installing: /home/nangao/multi_explore/multi-robot-slam/install/uwb_simulation/local/lib/python3.10/dist-packages/uwb_simulation-0.0.1-py3.10.egg-info/PKG-INFO
[0.618s] -- Installing: /home/nangao/multi_explore/multi-robot-slam/install/uwb_simulation/local/lib/python3.10/dist-packages/uwb_simulation-0.0.1-py3.10.egg-info/SOURCES.txt
[0.619s] -- Installing: /home/nangao/multi_explore/multi-robot-slam/install/uwb_simulation/local/lib/python3.10/dist-packages/uwb_simulation-0.0.1-py3.10.egg-info/top_level.txt
[0.621s] -- Up-to-date: /home/nangao/multi_explore/multi-robot-slam/install/uwb_simulation/local/lib/python3.10/dist-packages/uwb_simulation
[0.621s] -- Up-to-date: /home/nangao/multi_explore/multi-robot-slam/install/uwb_simulation/local/lib/python3.10/dist-packages/uwb_simulation/libuwb_simulation__rosidl_generator_py.so
[0.622s] -- Up-to-date: /home/nangao/multi_explore/multi-robot-slam/install/uwb_simulation/local/lib/python3.10/dist-packages/uwb_simulation/uwb_simulation_s__rosidl_typesupport_fastrtps_c.cpython-310-x86_64-linux-gnu.so
[0.622s] -- Up-to-date: /home/nangao/multi_explore/multi-robot-slam/install/uwb_simulation/local/lib/python3.10/dist-packages/uwb_simulation/_uwb_simulation_s.ep.rosidl_typesupport_c.c
[0.622s] -- Up-to-date: /home/nangao/multi_explore/multi-robot-slam/install/uwb_simulation/local/lib/python3.10/dist-packages/uwb_simulation/_uwb_simulation_s.ep.rosidl_typesupport_introspection_c.c
[0.622s] -- Up-to-date: /home/nangao/multi_explore/multi-robot-slam/install/uwb_simulation/local/lib/python3.10/dist-packages/uwb_simulation/_uwb_simulation_s.ep.rosidl_typesupport_fastrtps_c.c
[0.623s] -- Up-to-date: /home/nangao/multi_explore/multi-robot-slam/install/uwb_simulation/local/lib/python3.10/dist-packages/uwb_simulation/uwb_simulation_s__rosidl_typesupport_c.cpython-310-x86_64-linux-gnu.so
[0.623s] -- Up-to-date: /home/nangao/multi_explore/multi-robot-slam/install/uwb_simulation/local/lib/python3.10/dist-packages/uwb_simulation/msg
[0.623s] -- Up-to-date: /home/nangao/multi_explore/multi-robot-slam/install/uwb_simulation/local/lib/python3.10/dist-packages/uwb_simulation/msg/_uwb_range_array.py
[0.623s] -- Up-to-date: /home/nangao/multi_explore/multi-robot-slam/install/uwb_simulation/local/lib/python3.10/dist-packages/uwb_simulation/msg/_uwb_range_s.c
[0.623s] -- Up-to-date: /home/nangao/multi_explore/multi-robot-slam/install/uwb_simulation/local/lib/python3.10/dist-packages/uwb_simulation/msg/_uwb_range.py
[0.623s] -- Up-to-date: /home/nangao/multi_explore/multi-robot-slam/install/uwb_simulation/local/lib/python3.10/dist-packages/uwb_simulation/msg/_uwb_range_array_s.c
[0.623s] -- Up-to-date: /home/nangao/multi_explore/multi-robot-slam/install/uwb_simulation/local/lib/python3.10/dist-packages/uwb_simulation/msg/__init__.py
[0.623s] -- Up-to-date: /home/nangao/multi_explore/multi-robot-slam/install/uwb_simulation/local/lib/python3.10/dist-packages/uwb_simulation/__init__.py
[0.624s] -- Up-to-date: /home/nangao/multi_explore/multi-robot-slam/install/uwb_simulation/local/lib/python3.10/dist-packages/uwb_simulation/uwb_simulation_s__rosidl_typesupport_introspection_c.cpython-310-x86_64-linux-gnu.so
[0.659s] Listing '/home/nangao/multi_explore/multi-robot-slam/install/uwb_simulation/local/lib/python3.10/dist-packages/uwb_simulation'...
[0.659s] Listing '/home/nangao/multi_explore/multi-robot-slam/install/uwb_simulation/local/lib/python3.10/dist-packages/uwb_simulation/msg'...
[0.664s] -- Up-to-date: /home/nangao/multi_explore/multi-robot-slam/install/uwb_simulation/local/lib/python3.10/dist-packages/uwb_simulation/uwb_simulation_s__rosidl_typesupport_fastrtps_c.cpython-310-x86_64-linux-gnu.so
[0.666s] -- Up-to-date: /home/nangao/multi_explore/multi-robot-slam/install/uwb_simulation/local/lib/python3.10/dist-packages/uwb_simulation/uwb_simulation_s__rosidl_typesupport_introspection_c.cpython-310-x86_64-linux-gnu.so
[0.666s] -- Up-to-date: /home/nangao/multi_explore/multi-robot-slam/install/uwb_simulation/local/lib/python3.10/dist-packages/uwb_simulation/uwb_simulation_s__rosidl_typesupport_c.cpython-310-x86_64-linux-gnu.so
[0.667s] -- Up-to-date: /home/nangao/multi_explore/multi-robot-slam/install/uwb_simulation/lib/libuwb_simulation__rosidl_generator_py.so
[0.667s] -- Up-to-date: /home/nangao/multi_explore/multi-robot-slam/install/uwb_simulation/share/uwb_simulation/msg/UwbRange.idl
[0.667s] -- Up-to-date: /home/nangao/multi_explore/multi-robot-slam/install/uwb_simulation/share/uwb_simulation/msg/UwbRangeArray.idl
[0.668s] -- Up-to-date: /home/nangao/multi_explore/multi-robot-slam/install/uwb_simulation/share/uwb_simulation/msg/UwbRange.msg
[0.668s] -- Up-to-date: /home/nangao/multi_explore/multi-robot-slam/install/uwb_simulation/share/uwb_simulation/msg/UwbRangeArray.msg
[0.668s] -- Up-to-date: /home/nangao/multi_explore/multi-robot-slam/install/uwb_simulation/lib/uwb_simulation/uwb_range_simulator.py
[0.668s] -- Up-to-date: /home/nangao/multi_explore/multi-robot-slam/install/uwb_simulation/lib/uwb_simulation/uwb_range_publisher.py
[0.668s] -- Up-to-date: /home/nangao/multi_explore/multi-robot-slam/install/uwb_simulation/share/uwb_simulation/launch
[0.668s] -- Up-to-date: /home/nangao/multi_explore/multi-robot-slam/install/uwb_simulation/share/uwb_simulation/launch/uwb_simulation.launch.py
[0.668s] -- Up-to-date: /home/nangao/multi_explore/multi-robot-slam/install/uwb_simulation/share/uwb_simulation/config
[0.668s] -- Up-to-date: /home/nangao/multi_explore/multi-robot-slam/install/uwb_simulation/share/uwb_simulation/config/.gitkeep
[0.668s] -- Up-to-date: /home/nangao/multi_explore/multi-robot-slam/install/uwb_simulation/share/ament_index/resource_index/package_run_dependencies/uwb_simulation
[0.668s] -- Up-to-date: /home/nangao/multi_explore/multi-robot-slam/install/uwb_simulation/share/ament_index/resource_index/parent_prefix_path/uwb_simulation
[0.668s] -- Up-to-date: /home/nangao/multi_explore/multi-robot-slam/install/uwb_simulation/share/uwb_simulation/environment/ament_prefix_path.sh
[0.668s] -- Up-to-date: /home/nangao/multi_explore/multi-robot-slam/install/uwb_simulation/share/uwb_simulation/environment/ament_prefix_path.dsv
[0.668s] -- Up-to-date: /home/nangao/multi_explore/multi-robot-slam/install/uwb_simulation/share/uwb_simulation/environment/path.sh
[0.669s] -- Up-to-date: /home/nangao/multi_explore/multi-robot-slam/install/uwb_simulation/share/uwb_simulation/environment/path.dsv
[0.669s] -- Up-to-date: /home/nangao/multi_explore/multi-robot-slam/install/uwb_simulation/share/uwb_simulation/local_setup.bash
[0.669s] -- Up-to-date: /home/nangao/multi_explore/multi-robot-slam/install/uwb_simulation/share/uwb_simulation/local_setup.sh
[0.669s] -- Up-to-date: /home/nangao/multi_explore/multi-robot-slam/install/uwb_simulation/share/uwb_simulation/local_setup.zsh
[0.669s] -- Up-to-date: /home/nangao/multi_explore/multi-robot-slam/install/uwb_simulation/share/uwb_simulation/local_setup.dsv
[0.669s] -- Installing: /home/nangao/multi_explore/multi-robot-slam/install/uwb_simulation/share/uwb_simulation/package.dsv
[0.669s] -- Up-to-date: /home/nangao/multi_explore/multi-robot-slam/install/uwb_simulation/share/ament_index/resource_index/packages/uwb_simulation
[0.669s] -- Up-to-date: /home/nangao/multi_explore/multi-robot-slam/install/uwb_simulation/share/uwb_simulation/cmake/export_uwb_simulation__rosidl_generator_cExport.cmake
[0.670s] -- Up-to-date: /home/nangao/multi_explore/multi-robot-slam/install/uwb_simulation/share/uwb_simulation/cmake/export_uwb_simulation__rosidl_generator_cExport-noconfig.cmake
[0.671s] -- Up-to-date: /home/nangao/multi_explore/multi-robot-slam/install/uwb_simulation/share/uwb_simulation/cmake/export_uwb_simulation__rosidl_typesupport_fastrtps_cExport.cmake
[0.671s] -- Up-to-date: /home/nangao/multi_explore/multi-robot-slam/install/uwb_simulation/share/uwb_simulation/cmake/export_uwb_simulation__rosidl_typesupport_fastrtps_cExport-noconfig.cmake
[0.673s] -- Up-to-date: /home/nangao/multi_explore/multi-robot-slam/install/uwb_simulation/share/uwb_simulation/cmake/uwb_simulation__rosidl_typesupport_introspection_cExport.cmake
[0.673s] -- Up-to-date: /home/nangao/multi_explore/multi-robot-slam/install/uwb_simulation/share/uwb_simulation/cmake/uwb_simulation__rosidl_typesupport_introspection_cExport-noconfig.cmake
[0.674s] -- Up-to-date: /home/nangao/multi_explore/multi-robot-slam/install/uwb_simulation/share/uwb_simulation/cmake/uwb_simulation__rosidl_typesupport_cExport.cmake
[0.674s] -- Up-to-date: /home/nangao/multi_explore/multi-robot-slam/install/uwb_simulation/share/uwb_simulation/cmake/uwb_simulation__rosidl_typesupport_cExport-noconfig.cmake
[0.675s] -- Up-to-date: /home/nangao/multi_explore/multi-robot-slam/install/uwb_simulation/share/uwb_simulation/cmake/export_uwb_simulation__rosidl_generator_cppExport.cmake
[0.676s] -- Up-to-date: /home/nangao/multi_explore/multi-robot-slam/install/uwb_simulation/share/uwb_simulation/cmake/export_uwb_simulation__rosidl_typesupport_fastrtps_cppExport.cmake
[0.676s] -- Up-to-date: /home/nangao/multi_explore/multi-robot-slam/install/uwb_simulation/share/uwb_simulation/cmake/export_uwb_simulation__rosidl_typesupport_fastrtps_cppExport-noconfig.cmake
[0.676s] -- Up-to-date: /home/nangao/multi_explore/multi-robot-slam/install/uwb_simulation/share/uwb_simulation/cmake/uwb_simulation__rosidl_typesupport_introspection_cppExport.cmake
[0.676s] -- Up-to-date: /home/nangao/multi_explore/multi-robot-slam/install/uwb_simulation/share/uwb_simulation/cmake/uwb_simulation__rosidl_typesupport_introspection_cppExport-noconfig.cmake
[0.677s] -- Up-to-date: /home/nangao/multi_explore/multi-robot-slam/install/uwb_simulation/share/uwb_simulation/cmake/uwb_simulation__rosidl_typesupport_cppExport.cmake
[0.677s] -- Up-to-date: /home/nangao/multi_explore/multi-robot-slam/install/uwb_simulation/share/uwb_simulation/cmake/uwb_simulation__rosidl_typesupport_cppExport-noconfig.cmake
[0.678s] -- Up-to-date: /home/nangao/multi_explore/multi-robot-slam/install/uwb_simulation/share/uwb_simulation/cmake/export_uwb_simulation__rosidl_generator_pyExport.cmake
[0.679s] -- Up-to-date: /home/nangao/multi_explore/multi-robot-slam/install/uwb_simulation/share/uwb_simulation/cmake/export_uwb_simulation__rosidl_generator_pyExport-noconfig.cmake
[0.679s] -- Up-to-date: /home/nangao/multi_explore/multi-robot-slam/install/uwb_simulation/share/uwb_simulation/cmake/rosidl_cmake-extras.cmake
[0.679s] -- Up-to-date: /home/nangao/multi_explore/multi-robot-slam/install/uwb_simulation/share/uwb_simulation/cmake/ament_cmake_export_dependencies-extras.cmake
[0.679s] -- Up-to-date: /home/nangao/multi_explore/multi-robot-slam/install/uwb_simulation/share/uwb_simulation/cmake/ament_cmake_export_include_directories-extras.cmake
[0.679s] -- Up-to-date: /home/nangao/multi_explore/multi-robot-slam/install/uwb_simulation/share/uwb_simulation/cmake/ament_cmake_export_libraries-extras.cmake
[0.679s] -- Up-to-date: /home/nangao/multi_explore/multi-robot-slam/install/uwb_simulation/share/uwb_simulation/cmake/ament_cmake_export_targets-extras.cmake
[0.679s] -- Up-to-date: /home/nangao/multi_explore/multi-robot-slam/install/uwb_simulation/share/uwb_simulation/cmake/rosidl_cmake_export_typesupport_targets-extras.cmake
[0.680s] -- Up-to-date: /home/nangao/multi_explore/multi-robot-slam/install/uwb_simulation/share/uwb_simulation/cmake/rosidl_cmake_export_typesupport_libraries-extras.cmake
[0.680s] -- Up-to-date: /home/nangao/multi_explore/multi-robot-slam/install/uwb_simulation/share/uwb_simulation/cmake/uwb_simulationConfig.cmake
[0.680s] -- Up-to-date: /home/nangao/multi_explore/multi-robot-slam/install/uwb_simulation/share/uwb_simulation/cmake/uwb_simulationConfig-version.cmake
[0.680s] -- Up-to-date: /home/nangao/multi_explore/multi-robot-slam/install/uwb_simulation/share/uwb_simulation/package.xml
[0.686s] Invoked command in '/home/nangao/multi_explore/multi-robot-slam/build/uwb_simulation' returned '0': CMAKE_PREFIX_PATH=${CMAKE_PREFIX_PATH}:/opt/ros/humble /usr/bin/cmake --install /home/nangao/multi_explore/multi-robot-slam/build/uwb_simulation
