-- The C compiler identification is GNU 11.4.0
-- The CXX compiler identification is GNU 11.4.0
-- Detecting C compiler ABI info
-- Detecting C compiler ABI info - done
-- Check for working C compiler: /usr/bin/cc - skipped
-- Detecting C compile features
-- Detecting C compile features - done
-- Detecting CXX compiler ABI info
-- Detecting CXX compiler ABI info - done
-- Check for working CXX compiler: /usr/bin/c++ - skipped
-- Detecting CXX compile features
-- Detecting CXX compile features - done
-- Found ament_cmake: 1.3.12 (/opt/ros/humble/share/ament_cmake/cmake)
-- Found Python3: /usr/bin/python3 (found version "3.10.12") found components: Interpreter 
-- Found rosidl_default_generators: 1.2.0 (/opt/ros/humble/share/rosidl_default_generators/cmake)
-- Using all available rosidl_typesupport_c: rosidl_typesupport_fastrtps_c;rosidl_typesupport_introspection_c
-- Found rosidl_adapter: 3.1.7 (/opt/ros/humble/share/rosidl_adapter/cmake)
-- Using all available rosidl_typesupport_cpp: rosidl_typesupport_fastrtps_cpp;rosidl_typesupport_introspection_cpp
-- Found std_msgs: 4.9.0 (/opt/ros/humble/share/std_msgs/cmake)
-- Found geometry_msgs: 4.9.0 (/opt/ros/humble/share/geometry_msgs/cmake)
-- Found nav_msgs: 4.9.0 (/opt/ros/humble/share/nav_msgs/cmake)
-- Found ament_cmake_ros: 0.10.0 (/opt/ros/humble/share/ament_cmake_ros/cmake)
-- Using all available rosidl_typesupport_c: rosidl_typesupport_fastrtps_c;rosidl_typesupport_introspection_c
-- Using all available rosidl_typesupport_cpp: rosidl_typesupport_fastrtps_cpp;rosidl_typesupport_introspection_cpp
-- Found PythonInterp: /usr/bin/python3 (found suitable version "3.10.12", minimum required is "3.6") 
-- Found python_cmake_module: 0.10.0 (/opt/ros/humble/share/python_cmake_module/cmake)
-- Found PythonLibs: /usr/lib/x86_64-linux-gnu/libpython3.10.so (found suitable version "3.10.12", minimum required is "3.5") 
-- Using PYTHON_EXECUTABLE: /usr/bin/python3
-- Using PYTHON_INCLUDE_DIRS: /usr/include/python3.10
-- Using PYTHON_LIBRARIES: /usr/lib/x86_64-linux-gnu/libpython3.10.so
-- Found PythonExtra: .so  
-- Found ament_lint_auto: 0.12.14 (/opt/ros/humble/share/ament_lint_auto/cmake)
-- Added test 'flake8' to check Python code syntax and style conventions
-- Added test 'lint_cmake' to check CMake code style
-- Added test 'pep257' to check Python code against some of the docstring style conventions in PEP 257
-- Added test 'xmllint' to check XML markup files
-- Configuring done
-- Generating done
-- Build files have been written to: /home/nangao/multi_explore/multi-robot-slam/build/multi_robot_slam
[  1%] [34m[1mGenerating C code for ROS interfaces[0m
[  3%] [34m[1mGenerating C++ code for ROS interfaces[0m
[  3%] Built target ament_cmake_python_copy_multi_robot_slam
running egg_info
creating multi_robot_slam.egg-info
writing multi_robot_slam.egg-info/PKG-INFO
writing dependency_links to multi_robot_slam.egg-info/dependency_links.txt
writing top-level names to multi_robot_slam.egg-info/top_level.txt
writing manifest file 'multi_robot_slam.egg-info/SOURCES.txt'
reading manifest file 'multi_robot_slam.egg-info/SOURCES.txt'
writing manifest file 'multi_robot_slam.egg-info/SOURCES.txt'
[  3%] Built target ament_cmake_python_build_multi_robot_slam_egg
[  3%] Built target multi_robot_slam__cpp
[  5%] [34m[1mGenerating C++ type support dispatch for ROS interfaces[0m
[  7%] [34m[1mGenerating C++ type support for eProsima Fast-RTPS[0m
[  9%] [34m[1mGenerating C++ introspection for ROS interfaces[0m
[ 10%] [32mBuilding C object CMakeFiles/multi_robot_slam__rosidl_generator_c.dir/rosidl_generator_c/multi_robot_slam/msg/detail/pose_graph__functions.c.o[0m
[ 12%] [32mBuilding C object CMakeFiles/multi_robot_slam__rosidl_generator_c.dir/rosidl_generator_c/multi_robot_slam/msg/detail/pose_graph_node__functions.c.o[0m
[ 14%] [32mBuilding C object CMakeFiles/multi_robot_slam__rosidl_generator_c.dir/rosidl_generator_c/multi_robot_slam/msg/detail/pose_graph_edge__functions.c.o[0m
[ 16%] [32mBuilding C object CMakeFiles/multi_robot_slam__rosidl_generator_c.dir/rosidl_generator_c/multi_robot_slam/msg/detail/map_merge_status__functions.c.o[0m
[ 18%] [32m[1mLinking C shared library libmulti_robot_slam__rosidl_generator_c.so[0m
[ 18%] Built target multi_robot_slam__rosidl_generator_c
[ 20%] [34m[1mGenerating C type support for eProsima Fast-RTPS[0m
[ 21%] [34m[1mGenerating C introspection for ROS interfaces[0m
[ 23%] [34m[1mGenerating C type support dispatch for ROS interfaces[0m
[ 25%] [32mBuilding CXX object CMakeFiles/multi_robot_slam__rosidl_typesupport_cpp.dir/rosidl_typesupport_cpp/multi_robot_slam/msg/pose_graph_node__type_support.cpp.o[0m
[ 27%] [32mBuilding CXX object CMakeFiles/multi_robot_slam__rosidl_typesupport_cpp.dir/rosidl_typesupport_cpp/multi_robot_slam/msg/pose_graph_edge__type_support.cpp.o[0m
[ 29%] [32mBuilding CXX object CMakeFiles/multi_robot_slam__rosidl_typesupport_introspection_cpp.dir/rosidl_typesupport_introspection_cpp/multi_robot_slam/msg/detail/pose_graph_edge__type_support.cpp.o[0m
[ 30%] [32mBuilding CXX object CMakeFiles/multi_robot_slam__rosidl_typesupport_introspection_cpp.dir/rosidl_typesupport_introspection_cpp/multi_robot_slam/msg/detail/pose_graph_node__type_support.cpp.o[0m
[ 32%] [32mBuilding CXX object CMakeFiles/multi_robot_slam__rosidl_typesupport_fastrtps_cpp.dir/rosidl_typesupport_fastrtps_cpp/multi_robot_slam/msg/detail/dds_fastrtps/pose_graph_node__type_support.cpp.o[0m
[ 34%] [32mBuilding CXX object CMakeFiles/multi_robot_slam__rosidl_typesupport_c.dir/rosidl_typesupport_c/multi_robot_slam/msg/pose_graph_node__type_support.cpp.o[0m
[ 36%] [32mBuilding CXX object CMakeFiles/multi_robot_slam__rosidl_typesupport_c.dir/rosidl_typesupport_c/multi_robot_slam/msg/pose_graph_edge__type_support.cpp.o[0m
[ 38%] [32mBuilding CXX object CMakeFiles/multi_robot_slam__rosidl_typesupport_c.dir/rosidl_typesupport_c/multi_robot_slam/msg/pose_graph__type_support.cpp.o[0m
[ 40%] [32mBuilding CXX object CMakeFiles/multi_robot_slam__rosidl_typesupport_introspection_cpp.dir/rosidl_typesupport_introspection_cpp/multi_robot_slam/msg/detail/pose_graph__type_support.cpp.o[0m
[ 41%] [32mBuilding CXX object CMakeFiles/multi_robot_slam__rosidl_typesupport_c.dir/rosidl_typesupport_c/multi_robot_slam/msg/map_merge_status__type_support.cpp.o[0m
[ 43%] [32mBuilding CXX object CMakeFiles/multi_robot_slam__rosidl_typesupport_fastrtps_c.dir/rosidl_typesupport_fastrtps_c/multi_robot_slam/msg/detail/pose_graph_node__type_support_c.cpp.o[0m
[ 45%] [32mBuilding CXX object CMakeFiles/multi_robot_slam__rosidl_typesupport_cpp.dir/rosidl_typesupport_cpp/multi_robot_slam/msg/pose_graph__type_support.cpp.o[0m
[ 47%] [32m[1mLinking CXX shared library libmulti_robot_slam__rosidl_typesupport_c.so[0m
[ 49%] [32mBuilding C object CMakeFiles/multi_robot_slam__rosidl_typesupport_introspection_c.dir/rosidl_typesupport_introspection_c/multi_robot_slam/msg/detail/pose_graph_node__type_support.c.o[0m
[ 49%] Built target multi_robot_slam__rosidl_typesupport_c
[ 50%] [32mBuilding CXX object CMakeFiles/multi_robot_slam__rosidl_typesupport_cpp.dir/rosidl_typesupport_cpp/multi_robot_slam/msg/map_merge_status__type_support.cpp.o[0m
[ 52%] [32mBuilding CXX object CMakeFiles/multi_robot_slam__rosidl_typesupport_fastrtps_cpp.dir/rosidl_typesupport_fastrtps_cpp/multi_robot_slam/msg/detail/dds_fastrtps/pose_graph_edge__type_support.cpp.o[0m
[ 54%] [32mBuilding CXX object CMakeFiles/multi_robot_slam__rosidl_typesupport_fastrtps_cpp.dir/rosidl_typesupport_fastrtps_cpp/multi_robot_slam/msg/detail/dds_fastrtps/pose_graph__type_support.cpp.o[0m
[ 56%] [32mBuilding C object CMakeFiles/multi_robot_slam__rosidl_typesupport_introspection_c.dir/rosidl_typesupport_introspection_c/multi_robot_slam/msg/detail/pose_graph_edge__type_support.c.o[0m
[ 58%] [32mBuilding C object CMakeFiles/multi_robot_slam__rosidl_typesupport_introspection_c.dir/rosidl_typesupport_introspection_c/multi_robot_slam/msg/detail/pose_graph__type_support.c.o[0m
[ 60%] [32mBuilding CXX object CMakeFiles/multi_robot_slam__rosidl_typesupport_fastrtps_c.dir/rosidl_typesupport_fastrtps_c/multi_robot_slam/msg/detail/pose_graph_edge__type_support_c.cpp.o[0m
[ 61%] [32mBuilding C object CMakeFiles/multi_robot_slam__rosidl_typesupport_introspection_c.dir/rosidl_typesupport_introspection_c/multi_robot_slam/msg/detail/map_merge_status__type_support.c.o[0m
[ 63%] [32mBuilding CXX object CMakeFiles/multi_robot_slam__rosidl_typesupport_fastrtps_cpp.dir/rosidl_typesupport_fastrtps_cpp/multi_robot_slam/msg/detail/dds_fastrtps/map_merge_status__type_support.cpp.o[0m
[ 65%] [32m[1mLinking C shared library libmulti_robot_slam__rosidl_typesupport_introspection_c.so[0m
[ 67%] [32mBuilding CXX object CMakeFiles/multi_robot_slam__rosidl_typesupport_fastrtps_c.dir/rosidl_typesupport_fastrtps_c/multi_robot_slam/msg/detail/pose_graph__type_support_c.cpp.o[0m
[ 69%] [32m[1mLinking CXX shared library libmulti_robot_slam__rosidl_typesupport_cpp.so[0m
[ 69%] Built target multi_robot_slam__rosidl_typesupport_introspection_c
[ 70%] [32mBuilding CXX object CMakeFiles/multi_robot_slam__rosidl_typesupport_fastrtps_c.dir/rosidl_typesupport_fastrtps_c/multi_robot_slam/msg/detail/map_merge_status__type_support_c.cpp.o[0m
[ 70%] Built target multi_robot_slam__rosidl_typesupport_cpp
[ 72%] [32mBuilding CXX object CMakeFiles/multi_robot_slam__rosidl_typesupport_introspection_cpp.dir/rosidl_typesupport_introspection_cpp/multi_robot_slam/msg/detail/map_merge_status__type_support.cpp.o[0m
[ 74%] [32m[1mLinking CXX shared library libmulti_robot_slam__rosidl_typesupport_fastrtps_c.so[0m
[ 76%] [32m[1mLinking CXX shared library libmulti_robot_slam__rosidl_typesupport_fastrtps_cpp.so[0m
[ 78%] [32m[1mLinking CXX shared library libmulti_robot_slam__rosidl_typesupport_introspection_cpp.so[0m
[ 78%] Built target multi_robot_slam__rosidl_typesupport_fastrtps_c
[ 78%] Built target multi_robot_slam__rosidl_typesupport_fastrtps_cpp
[ 78%] Built target multi_robot_slam__rosidl_typesupport_introspection_cpp
[ 78%] Built target multi_robot_slam
[ 80%] [34m[1mGenerating Python code for ROS interfaces[0m
[ 80%] Built target multi_robot_slam__py
[ 81%] [32mBuilding C object CMakeFiles/multi_robot_slam__rosidl_generator_py.dir/rosidl_generator_py/multi_robot_slam/msg/_pose_graph_node_s.c.o[0m
[ 87%] [32mBuilding C object CMakeFiles/multi_robot_slam__rosidl_generator_py.dir/rosidl_generator_py/multi_robot_slam/msg/_map_merge_status_s.c.o[0m
[ 87%] [32mBuilding C object CMakeFiles/multi_robot_slam__rosidl_generator_py.dir/rosidl_generator_py/multi_robot_slam/msg/_pose_graph_s.c.o[0m
[ 87%] [32mBuilding C object CMakeFiles/multi_robot_slam__rosidl_generator_py.dir/rosidl_generator_py/multi_robot_slam/msg/_pose_graph_edge_s.c.o[0m
[ 89%] [32m[1mLinking C shared library rosidl_generator_py/multi_robot_slam/libmulti_robot_slam__rosidl_generator_py.so[0m
[ 89%] Built target multi_robot_slam__rosidl_generator_py
[ 90%] [32mBuilding C object CMakeFiles/multi_robot_slam__rosidl_typesupport_fastrtps_c__pyext.dir/rosidl_generator_py/multi_robot_slam/_multi_robot_slam_s.ep.rosidl_typesupport_fastrtps_c.c.o[0m
[ 92%] [32mBuilding C object CMakeFiles/multi_robot_slam__rosidl_typesupport_introspection_c__pyext.dir/rosidl_generator_py/multi_robot_slam/_multi_robot_slam_s.ep.rosidl_typesupport_introspection_c.c.o[0m
[ 94%] [32mBuilding C object CMakeFiles/multi_robot_slam__rosidl_typesupport_c__pyext.dir/rosidl_generator_py/multi_robot_slam/_multi_robot_slam_s.ep.rosidl_typesupport_c.c.o[0m
[ 96%] [32m[1mLinking C shared library rosidl_generator_py/multi_robot_slam/multi_robot_slam_s__rosidl_typesupport_c.cpython-310-x86_64-linux-gnu.so[0m
[ 98%] [32m[1mLinking C shared library rosidl_generator_py/multi_robot_slam/multi_robot_slam_s__rosidl_typesupport_introspection_c.cpython-310-x86_64-linux-gnu.so[0m
[100%] [32m[1mLinking C shared library rosidl_generator_py/multi_robot_slam/multi_robot_slam_s__rosidl_typesupport_fastrtps_c.cpython-310-x86_64-linux-gnu.so[0m
[100%] Built target multi_robot_slam__rosidl_typesupport_c__pyext
[100%] Built target multi_robot_slam__rosidl_typesupport_introspection_c__pyext
[100%] Built target multi_robot_slam__rosidl_typesupport_fastrtps_c__pyext
-- Install configuration: ""
-- Installing: /home/nangao/multi_explore/multi-robot-slam/install/multi_robot_slam/share/ament_index/resource_index/rosidl_interfaces/multi_robot_slam
-- Installing: /home/nangao/multi_explore/multi-robot-slam/install/multi_robot_slam/include/multi_robot_slam/multi_robot_slam
-- Installing: /home/nangao/multi_explore/multi-robot-slam/install/multi_robot_slam/include/multi_robot_slam/multi_robot_slam/msg
-- Installing: /home/nangao/multi_explore/multi-robot-slam/install/multi_robot_slam/include/multi_robot_slam/multi_robot_slam/msg/rosidl_generator_c__visibility_control.h
-- Installing: /home/nangao/multi_explore/multi-robot-slam/install/multi_robot_slam/include/multi_robot_slam/multi_robot_slam/msg/map_merge_status.h
-- Installing: /home/nangao/multi_explore/multi-robot-slam/install/multi_robot_slam/include/multi_robot_slam/multi_robot_slam/msg/detail
-- Installing: /home/nangao/multi_explore/multi-robot-slam/install/multi_robot_slam/include/multi_robot_slam/multi_robot_slam/msg/detail/pose_graph_edge__functions.c
-- Installing: /home/nangao/multi_explore/multi-robot-slam/install/multi_robot_slam/include/multi_robot_slam/multi_robot_slam/msg/detail/pose_graph_edge__functions.h
-- Installing: /home/nangao/multi_explore/multi-robot-slam/install/multi_robot_slam/include/multi_robot_slam/multi_robot_slam/msg/detail/pose_graph_node__functions.c
-- Installing: /home/nangao/multi_explore/multi-robot-slam/install/multi_robot_slam/include/multi_robot_slam/multi_robot_slam/msg/detail/map_merge_status__functions.h
-- Installing: /home/nangao/multi_explore/multi-robot-slam/install/multi_robot_slam/include/multi_robot_slam/multi_robot_slam/msg/detail/pose_graph_node__functions.h
-- Installing: /home/nangao/multi_explore/multi-robot-slam/install/multi_robot_slam/include/multi_robot_slam/multi_robot_slam/msg/detail/pose_graph_node__type_support.h
-- Installing: /home/nangao/multi_explore/multi-robot-slam/install/multi_robot_slam/include/multi_robot_slam/multi_robot_slam/msg/detail/pose_graph_edge__struct.h
-- Installing: /home/nangao/multi_explore/multi-robot-slam/install/multi_robot_slam/include/multi_robot_slam/multi_robot_slam/msg/detail/pose_graph__functions.h
-- Installing: /home/nangao/multi_explore/multi-robot-slam/install/multi_robot_slam/include/multi_robot_slam/multi_robot_slam/msg/detail/pose_graph__functions.c
-- Installing: /home/nangao/multi_explore/multi-robot-slam/install/multi_robot_slam/include/multi_robot_slam/multi_robot_slam/msg/detail/map_merge_status__struct.h
-- Installing: /home/nangao/multi_explore/multi-robot-slam/install/multi_robot_slam/include/multi_robot_slam/multi_robot_slam/msg/detail/map_merge_status__type_support.h
-- Installing: /home/nangao/multi_explore/multi-robot-slam/install/multi_robot_slam/include/multi_robot_slam/multi_robot_slam/msg/detail/pose_graph__struct.h
-- Installing: /home/nangao/multi_explore/multi-robot-slam/install/multi_robot_slam/include/multi_robot_slam/multi_robot_slam/msg/detail/pose_graph_edge__type_support.h
-- Installing: /home/nangao/multi_explore/multi-robot-slam/install/multi_robot_slam/include/multi_robot_slam/multi_robot_slam/msg/detail/pose_graph_node__struct.h
-- Installing: /home/nangao/multi_explore/multi-robot-slam/install/multi_robot_slam/include/multi_robot_slam/multi_robot_slam/msg/detail/map_merge_status__functions.c
-- Installing: /home/nangao/multi_explore/multi-robot-slam/install/multi_robot_slam/include/multi_robot_slam/multi_robot_slam/msg/detail/pose_graph__type_support.h
-- Installing: /home/nangao/multi_explore/multi-robot-slam/install/multi_robot_slam/include/multi_robot_slam/multi_robot_slam/msg/pose_graph.h
-- Installing: /home/nangao/multi_explore/multi-robot-slam/install/multi_robot_slam/include/multi_robot_slam/multi_robot_slam/msg/pose_graph_node.h
-- Installing: /home/nangao/multi_explore/multi-robot-slam/install/multi_robot_slam/include/multi_robot_slam/multi_robot_slam/msg/pose_graph_edge.h
-- Installing: /home/nangao/multi_explore/multi-robot-slam/install/multi_robot_slam/share/multi_robot_slam/environment/library_path.sh
-- Installing: /home/nangao/multi_explore/multi-robot-slam/install/multi_robot_slam/share/multi_robot_slam/environment/library_path.dsv
-- Installing: /home/nangao/multi_explore/multi-robot-slam/install/multi_robot_slam/lib/libmulti_robot_slam__rosidl_generator_c.so
-- Set runtime path of "/home/nangao/multi_explore/multi-robot-slam/install/multi_robot_slam/lib/libmulti_robot_slam__rosidl_generator_c.so" to ""
-- Up-to-date: /home/nangao/multi_explore/multi-robot-slam/install/multi_robot_slam/include/multi_robot_slam/multi_robot_slam
-- Up-to-date: /home/nangao/multi_explore/multi-robot-slam/install/multi_robot_slam/include/multi_robot_slam/multi_robot_slam/msg
-- Up-to-date: /home/nangao/multi_explore/multi-robot-slam/install/multi_robot_slam/include/multi_robot_slam/multi_robot_slam/msg/detail
-- Installing: /home/nangao/multi_explore/multi-robot-slam/install/multi_robot_slam/include/multi_robot_slam/multi_robot_slam/msg/detail/pose_graph_edge__rosidl_typesupport_fastrtps_c.h
-- Installing: /home/nangao/multi_explore/multi-robot-slam/install/multi_robot_slam/include/multi_robot_slam/multi_robot_slam/msg/detail/pose_graph__rosidl_typesupport_fastrtps_c.h
-- Installing: /home/nangao/multi_explore/multi-robot-slam/install/multi_robot_slam/include/multi_robot_slam/multi_robot_slam/msg/detail/pose_graph_node__rosidl_typesupport_fastrtps_c.h
-- Installing: /home/nangao/multi_explore/multi-robot-slam/install/multi_robot_slam/include/multi_robot_slam/multi_robot_slam/msg/detail/map_merge_status__rosidl_typesupport_fastrtps_c.h
-- Installing: /home/nangao/multi_explore/multi-robot-slam/install/multi_robot_slam/include/multi_robot_slam/multi_robot_slam/msg/rosidl_typesupport_fastrtps_c__visibility_control.h
-- Installing: /home/nangao/multi_explore/multi-robot-slam/install/multi_robot_slam/lib/libmulti_robot_slam__rosidl_typesupport_fastrtps_c.so
-- Set runtime path of "/home/nangao/multi_explore/multi-robot-slam/install/multi_robot_slam/lib/libmulti_robot_slam__rosidl_typesupport_fastrtps_c.so" to ""
-- Up-to-date: /home/nangao/multi_explore/multi-robot-slam/install/multi_robot_slam/include/multi_robot_slam/multi_robot_slam
-- Up-to-date: /home/nangao/multi_explore/multi-robot-slam/install/multi_robot_slam/include/multi_robot_slam/multi_robot_slam/msg
-- Installing: /home/nangao/multi_explore/multi-robot-slam/install/multi_robot_slam/include/multi_robot_slam/multi_robot_slam/msg/rosidl_typesupport_introspection_c__visibility_control.h
-- Up-to-date: /home/nangao/multi_explore/multi-robot-slam/install/multi_robot_slam/include/multi_robot_slam/multi_robot_slam/msg/detail
-- Installing: /home/nangao/multi_explore/multi-robot-slam/install/multi_robot_slam/include/multi_robot_slam/multi_robot_slam/msg/detail/pose_graph_node__rosidl_typesupport_introspection_c.h
-- Installing: /home/nangao/multi_explore/multi-robot-slam/install/multi_robot_slam/include/multi_robot_slam/multi_robot_slam/msg/detail/pose_graph_edge__type_support.c
-- Installing: /home/nangao/multi_explore/multi-robot-slam/install/multi_robot_slam/include/multi_robot_slam/multi_robot_slam/msg/detail/pose_graph__rosidl_typesupport_introspection_c.h
-- Installing: /home/nangao/multi_explore/multi-robot-slam/install/multi_robot_slam/include/multi_robot_slam/multi_robot_slam/msg/detail/pose_graph__type_support.c
-- Installing: /home/nangao/multi_explore/multi-robot-slam/install/multi_robot_slam/include/multi_robot_slam/multi_robot_slam/msg/detail/pose_graph_node__type_support.c
-- Installing: /home/nangao/multi_explore/multi-robot-slam/install/multi_robot_slam/include/multi_robot_slam/multi_robot_slam/msg/detail/map_merge_status__type_support.c
-- Installing: /home/nangao/multi_explore/multi-robot-slam/install/multi_robot_slam/include/multi_robot_slam/multi_robot_slam/msg/detail/map_merge_status__rosidl_typesupport_introspection_c.h
-- Installing: /home/nangao/multi_explore/multi-robot-slam/install/multi_robot_slam/include/multi_robot_slam/multi_robot_slam/msg/detail/pose_graph_edge__rosidl_typesupport_introspection_c.h
-- Installing: /home/nangao/multi_explore/multi-robot-slam/install/multi_robot_slam/lib/libmulti_robot_slam__rosidl_typesupport_introspection_c.so
-- Set runtime path of "/home/nangao/multi_explore/multi-robot-slam/install/multi_robot_slam/lib/libmulti_robot_slam__rosidl_typesupport_introspection_c.so" to ""
-- Installing: /home/nangao/multi_explore/multi-robot-slam/install/multi_robot_slam/lib/libmulti_robot_slam__rosidl_typesupport_c.so
-- Set runtime path of "/home/nangao/multi_explore/multi-robot-slam/install/multi_robot_slam/lib/libmulti_robot_slam__rosidl_typesupport_c.so" to ""
-- Up-to-date: /home/nangao/multi_explore/multi-robot-slam/install/multi_robot_slam/include/multi_robot_slam/multi_robot_slam
-- Up-to-date: /home/nangao/multi_explore/multi-robot-slam/install/multi_robot_slam/include/multi_robot_slam/multi_robot_slam/msg
-- Installing: /home/nangao/multi_explore/multi-robot-slam/install/multi_robot_slam/include/multi_robot_slam/multi_robot_slam/msg/pose_graph_node.hpp
-- Installing: /home/nangao/multi_explore/multi-robot-slam/install/multi_robot_slam/include/multi_robot_slam/multi_robot_slam/msg/pose_graph_edge.hpp
-- Installing: /home/nangao/multi_explore/multi-robot-slam/install/multi_robot_slam/include/multi_robot_slam/multi_robot_slam/msg/map_merge_status.hpp
-- Installing: /home/nangao/multi_explore/multi-robot-slam/install/multi_robot_slam/include/multi_robot_slam/multi_robot_slam/msg/rosidl_generator_cpp__visibility_control.hpp
-- Up-to-date: /home/nangao/multi_explore/multi-robot-slam/install/multi_robot_slam/include/multi_robot_slam/multi_robot_slam/msg/detail
-- Installing: /home/nangao/multi_explore/multi-robot-slam/install/multi_robot_slam/include/multi_robot_slam/multi_robot_slam/msg/detail/map_merge_status__struct.hpp
-- Installing: /home/nangao/multi_explore/multi-robot-slam/install/multi_robot_slam/include/multi_robot_slam/multi_robot_slam/msg/detail/pose_graph__builder.hpp
-- Installing: /home/nangao/multi_explore/multi-robot-slam/install/multi_robot_slam/include/multi_robot_slam/multi_robot_slam/msg/detail/pose_graph_edge__type_support.hpp
-- Installing: /home/nangao/multi_explore/multi-robot-slam/install/multi_robot_slam/include/multi_robot_slam/multi_robot_slam/msg/detail/pose_graph_node__traits.hpp
-- Installing: /home/nangao/multi_explore/multi-robot-slam/install/multi_robot_slam/include/multi_robot_slam/multi_robot_slam/msg/detail/pose_graph_edge__builder.hpp
-- Installing: /home/nangao/multi_explore/multi-robot-slam/install/multi_robot_slam/include/multi_robot_slam/multi_robot_slam/msg/detail/map_merge_status__traits.hpp
-- Installing: /home/nangao/multi_explore/multi-robot-slam/install/multi_robot_slam/include/multi_robot_slam/multi_robot_slam/msg/detail/pose_graph_node__struct.hpp
-- Installing: /home/nangao/multi_explore/multi-robot-slam/install/multi_robot_slam/include/multi_robot_slam/multi_robot_slam/msg/detail/pose_graph__type_support.hpp
-- Installing: /home/nangao/multi_explore/multi-robot-slam/install/multi_robot_slam/include/multi_robot_slam/multi_robot_slam/msg/detail/pose_graph_node__builder.hpp
-- Installing: /home/nangao/multi_explore/multi-robot-slam/install/multi_robot_slam/include/multi_robot_slam/multi_robot_slam/msg/detail/map_merge_status__type_support.hpp
-- Installing: /home/nangao/multi_explore/multi-robot-slam/install/multi_robot_slam/include/multi_robot_slam/multi_robot_slam/msg/detail/map_merge_status__builder.hpp
-- Installing: /home/nangao/multi_explore/multi-robot-slam/install/multi_robot_slam/include/multi_robot_slam/multi_robot_slam/msg/detail/pose_graph__struct.hpp
-- Installing: /home/nangao/multi_explore/multi-robot-slam/install/multi_robot_slam/include/multi_robot_slam/multi_robot_slam/msg/detail/pose_graph_node__type_support.hpp
-- Installing: /home/nangao/multi_explore/multi-robot-slam/install/multi_robot_slam/include/multi_robot_slam/multi_robot_slam/msg/detail/pose_graph__traits.hpp
-- Installing: /home/nangao/multi_explore/multi-robot-slam/install/multi_robot_slam/include/multi_robot_slam/multi_robot_slam/msg/detail/pose_graph_edge__traits.hpp
-- Installing: /home/nangao/multi_explore/multi-robot-slam/install/multi_robot_slam/include/multi_robot_slam/multi_robot_slam/msg/detail/pose_graph_edge__struct.hpp
-- Installing: /home/nangao/multi_explore/multi-robot-slam/install/multi_robot_slam/include/multi_robot_slam/multi_robot_slam/msg/pose_graph.hpp
-- Up-to-date: /home/nangao/multi_explore/multi-robot-slam/install/multi_robot_slam/include/multi_robot_slam/multi_robot_slam
-- Up-to-date: /home/nangao/multi_explore/multi-robot-slam/install/multi_robot_slam/include/multi_robot_slam/multi_robot_slam/msg
-- Up-to-date: /home/nangao/multi_explore/multi-robot-slam/install/multi_robot_slam/include/multi_robot_slam/multi_robot_slam/msg/detail
-- Installing: /home/nangao/multi_explore/multi-robot-slam/install/multi_robot_slam/include/multi_robot_slam/multi_robot_slam/msg/detail/pose_graph__rosidl_typesupport_fastrtps_cpp.hpp
-- Installing: /home/nangao/multi_explore/multi-robot-slam/install/multi_robot_slam/include/multi_robot_slam/multi_robot_slam/msg/detail/pose_graph_edge__rosidl_typesupport_fastrtps_cpp.hpp
-- Installing: /home/nangao/multi_explore/multi-robot-slam/install/multi_robot_slam/include/multi_robot_slam/multi_robot_slam/msg/detail/dds_fastrtps
-- Installing: /home/nangao/multi_explore/multi-robot-slam/install/multi_robot_slam/include/multi_robot_slam/multi_robot_slam/msg/detail/pose_graph_node__rosidl_typesupport_fastrtps_cpp.hpp
-- Installing: /home/nangao/multi_explore/multi-robot-slam/install/multi_robot_slam/include/multi_robot_slam/multi_robot_slam/msg/detail/map_merge_status__rosidl_typesupport_fastrtps_cpp.hpp
-- Installing: /home/nangao/multi_explore/multi-robot-slam/install/multi_robot_slam/include/multi_robot_slam/multi_robot_slam/msg/rosidl_typesupport_fastrtps_cpp__visibility_control.h
-- Installing: /home/nangao/multi_explore/multi-robot-slam/install/multi_robot_slam/lib/libmulti_robot_slam__rosidl_typesupport_fastrtps_cpp.so
-- Set runtime path of "/home/nangao/multi_explore/multi-robot-slam/install/multi_robot_slam/lib/libmulti_robot_slam__rosidl_typesupport_fastrtps_cpp.so" to ""
-- Up-to-date: /home/nangao/multi_explore/multi-robot-slam/install/multi_robot_slam/include/multi_robot_slam/multi_robot_slam
-- Up-to-date: /home/nangao/multi_explore/multi-robot-slam/install/multi_robot_slam/include/multi_robot_slam/multi_robot_slam/msg
-- Up-to-date: /home/nangao/multi_explore/multi-robot-slam/install/multi_robot_slam/include/multi_robot_slam/multi_robot_slam/msg/detail
-- Installing: /home/nangao/multi_explore/multi-robot-slam/install/multi_robot_slam/include/multi_robot_slam/multi_robot_slam/msg/detail/pose_graph_edge__rosidl_typesupport_introspection_cpp.hpp
-- Installing: /home/nangao/multi_explore/multi-robot-slam/install/multi_robot_slam/include/multi_robot_slam/multi_robot_slam/msg/detail/pose_graph__type_support.cpp
-- Installing: /home/nangao/multi_explore/multi-robot-slam/install/multi_robot_slam/include/multi_robot_slam/multi_robot_slam/msg/detail/map_merge_status__rosidl_typesupport_introspection_cpp.hpp
-- Installing: /home/nangao/multi_explore/multi-robot-slam/install/multi_robot_slam/include/multi_robot_slam/multi_robot_slam/msg/detail/pose_graph__rosidl_typesupport_introspection_cpp.hpp
-- Installing: /home/nangao/multi_explore/multi-robot-slam/install/multi_robot_slam/include/multi_robot_slam/multi_robot_slam/msg/detail/pose_graph_edge__type_support.cpp
-- Installing: /home/nangao/multi_explore/multi-robot-slam/install/multi_robot_slam/include/multi_robot_slam/multi_robot_slam/msg/detail/map_merge_status__type_support.cpp
-- Installing: /home/nangao/multi_explore/multi-robot-slam/install/multi_robot_slam/include/multi_robot_slam/multi_robot_slam/msg/detail/pose_graph_node__type_support.cpp
-- Installing: /home/nangao/multi_explore/multi-robot-slam/install/multi_robot_slam/include/multi_robot_slam/multi_robot_slam/msg/detail/pose_graph_node__rosidl_typesupport_introspection_cpp.hpp
-- Installing: /home/nangao/multi_explore/multi-robot-slam/install/multi_robot_slam/lib/libmulti_robot_slam__rosidl_typesupport_introspection_cpp.so
-- Set runtime path of "/home/nangao/multi_explore/multi-robot-slam/install/multi_robot_slam/lib/libmulti_robot_slam__rosidl_typesupport_introspection_cpp.so" to ""
-- Installing: /home/nangao/multi_explore/multi-robot-slam/install/multi_robot_slam/lib/libmulti_robot_slam__rosidl_typesupport_cpp.so
-- Set runtime path of "/home/nangao/multi_explore/multi-robot-slam/install/multi_robot_slam/lib/libmulti_robot_slam__rosidl_typesupport_cpp.so" to ""
-- Installing: /home/nangao/multi_explore/multi-robot-slam/install/multi_robot_slam/share/multi_robot_slam/environment/pythonpath.sh
-- Installing: /home/nangao/multi_explore/multi-robot-slam/install/multi_robot_slam/share/multi_robot_slam/environment/pythonpath.dsv
-- Installing: /home/nangao/multi_explore/multi-robot-slam/install/multi_robot_slam/local/lib/python3.10/dist-packages/multi_robot_slam-0.0.1-py3.10.egg-info
-- Installing: /home/nangao/multi_explore/multi-robot-slam/install/multi_robot_slam/local/lib/python3.10/dist-packages/multi_robot_slam-0.0.1-py3.10.egg-info/dependency_links.txt
-- Installing: /home/nangao/multi_explore/multi-robot-slam/install/multi_robot_slam/local/lib/python3.10/dist-packages/multi_robot_slam-0.0.1-py3.10.egg-info/PKG-INFO
-- Installing: /home/nangao/multi_explore/multi-robot-slam/install/multi_robot_slam/local/lib/python3.10/dist-packages/multi_robot_slam-0.0.1-py3.10.egg-info/SOURCES.txt
-- Installing: /home/nangao/multi_explore/multi-robot-slam/install/multi_robot_slam/local/lib/python3.10/dist-packages/multi_robot_slam-0.0.1-py3.10.egg-info/top_level.txt
-- Installing: /home/nangao/multi_explore/multi-robot-slam/install/multi_robot_slam/local/lib/python3.10/dist-packages/multi_robot_slam
-- Installing: /home/nangao/multi_explore/multi-robot-slam/install/multi_robot_slam/local/lib/python3.10/dist-packages/multi_robot_slam/libmulti_robot_slam__rosidl_generator_py.so
-- Installing: /home/nangao/multi_explore/multi-robot-slam/install/multi_robot_slam/local/lib/python3.10/dist-packages/multi_robot_slam/_multi_robot_slam_s.ep.rosidl_typesupport_introspection_c.c
-- Installing: /home/nangao/multi_explore/multi-robot-slam/install/multi_robot_slam/local/lib/python3.10/dist-packages/multi_robot_slam/_multi_robot_slam_s.ep.rosidl_typesupport_c.c
-- Installing: /home/nangao/multi_explore/multi-robot-slam/install/multi_robot_slam/local/lib/python3.10/dist-packages/multi_robot_slam/multi_robot_slam_s__rosidl_typesupport_fastrtps_c.cpython-310-x86_64-linux-gnu.so
-- Installing: /home/nangao/multi_explore/multi-robot-slam/install/multi_robot_slam/local/lib/python3.10/dist-packages/multi_robot_slam/msg
-- Installing: /home/nangao/multi_explore/multi-robot-slam/install/multi_robot_slam/local/lib/python3.10/dist-packages/multi_robot_slam/msg/_pose_graph_edge_s.c
-- Installing: /home/nangao/multi_explore/multi-robot-slam/install/multi_robot_slam/local/lib/python3.10/dist-packages/multi_robot_slam/msg/_pose_graph_edge.py
-- Installing: /home/nangao/multi_explore/multi-robot-slam/install/multi_robot_slam/local/lib/python3.10/dist-packages/multi_robot_slam/msg/_pose_graph.py
-- Installing: /home/nangao/multi_explore/multi-robot-slam/install/multi_robot_slam/local/lib/python3.10/dist-packages/multi_robot_slam/msg/_map_merge_status_s.c
-- Installing: /home/nangao/multi_explore/multi-robot-slam/install/multi_robot_slam/local/lib/python3.10/dist-packages/multi_robot_slam/msg/_map_merge_status.py
-- Installing: /home/nangao/multi_explore/multi-robot-slam/install/multi_robot_slam/local/lib/python3.10/dist-packages/multi_robot_slam/msg/_pose_graph_node_s.c
-- Installing: /home/nangao/multi_explore/multi-robot-slam/install/multi_robot_slam/local/lib/python3.10/dist-packages/multi_robot_slam/msg/_pose_graph_s.c
-- Installing: /home/nangao/multi_explore/multi-robot-slam/install/multi_robot_slam/local/lib/python3.10/dist-packages/multi_robot_slam/msg/_pose_graph_node.py
-- Installing: /home/nangao/multi_explore/multi-robot-slam/install/multi_robot_slam/local/lib/python3.10/dist-packages/multi_robot_slam/msg/__init__.py
-- Installing: /home/nangao/multi_explore/multi-robot-slam/install/multi_robot_slam/local/lib/python3.10/dist-packages/multi_robot_slam/_multi_robot_slam_s.ep.rosidl_typesupport_fastrtps_c.c
-- Installing: /home/nangao/multi_explore/multi-robot-slam/install/multi_robot_slam/local/lib/python3.10/dist-packages/multi_robot_slam/multi_robot_slam_s__rosidl_typesupport_introspection_c.cpython-310-x86_64-linux-gnu.so
-- Installing: /home/nangao/multi_explore/multi-robot-slam/install/multi_robot_slam/local/lib/python3.10/dist-packages/multi_robot_slam/multi_robot_slam_s__rosidl_typesupport_c.cpython-310-x86_64-linux-gnu.so
-- Installing: /home/nangao/multi_explore/multi-robot-slam/install/multi_robot_slam/local/lib/python3.10/dist-packages/multi_robot_slam/__init__.py
Listing '/home/nangao/multi_explore/multi-robot-slam/install/multi_robot_slam/local/lib/python3.10/dist-packages/multi_robot_slam'...
Compiling '/home/nangao/multi_explore/multi-robot-slam/install/multi_robot_slam/local/lib/python3.10/dist-packages/multi_robot_slam/__init__.py'...
Listing '/home/nangao/multi_explore/multi-robot-slam/install/multi_robot_slam/local/lib/python3.10/dist-packages/multi_robot_slam/msg'...
Compiling '/home/nangao/multi_explore/multi-robot-slam/install/multi_robot_slam/local/lib/python3.10/dist-packages/multi_robot_slam/msg/__init__.py'...
Compiling '/home/nangao/multi_explore/multi-robot-slam/install/multi_robot_slam/local/lib/python3.10/dist-packages/multi_robot_slam/msg/_map_merge_status.py'...
Compiling '/home/nangao/multi_explore/multi-robot-slam/install/multi_robot_slam/local/lib/python3.10/dist-packages/multi_robot_slam/msg/_pose_graph.py'...
Compiling '/home/nangao/multi_explore/multi-robot-slam/install/multi_robot_slam/local/lib/python3.10/dist-packages/multi_robot_slam/msg/_pose_graph_edge.py'...
Compiling '/home/nangao/multi_explore/multi-robot-slam/install/multi_robot_slam/local/lib/python3.10/dist-packages/multi_robot_slam/msg/_pose_graph_node.py'...
-- Installing: /home/nangao/multi_explore/multi-robot-slam/install/multi_robot_slam/local/lib/python3.10/dist-packages/multi_robot_slam/multi_robot_slam_s__rosidl_typesupport_fastrtps_c.cpython-310-x86_64-linux-gnu.so
-- Set runtime path of "/home/nangao/multi_explore/multi-robot-slam/install/multi_robot_slam/local/lib/python3.10/dist-packages/multi_robot_slam/multi_robot_slam_s__rosidl_typesupport_fastrtps_c.cpython-310-x86_64-linux-gnu.so" to ""
-- Installing: /home/nangao/multi_explore/multi-robot-slam/install/multi_robot_slam/local/lib/python3.10/dist-packages/multi_robot_slam/multi_robot_slam_s__rosidl_typesupport_introspection_c.cpython-310-x86_64-linux-gnu.so
-- Set runtime path of "/home/nangao/multi_explore/multi-robot-slam/install/multi_robot_slam/local/lib/python3.10/dist-packages/multi_robot_slam/multi_robot_slam_s__rosidl_typesupport_introspection_c.cpython-310-x86_64-linux-gnu.so" to ""
-- Installing: /home/nangao/multi_explore/multi-robot-slam/install/multi_robot_slam/local/lib/python3.10/dist-packages/multi_robot_slam/multi_robot_slam_s__rosidl_typesupport_c.cpython-310-x86_64-linux-gnu.so
-- Set runtime path of "/home/nangao/multi_explore/multi-robot-slam/install/multi_robot_slam/local/lib/python3.10/dist-packages/multi_robot_slam/multi_robot_slam_s__rosidl_typesupport_c.cpython-310-x86_64-linux-gnu.so" to ""
-- Installing: /home/nangao/multi_explore/multi-robot-slam/install/multi_robot_slam/lib/libmulti_robot_slam__rosidl_generator_py.so
-- Set runtime path of "/home/nangao/multi_explore/multi-robot-slam/install/multi_robot_slam/lib/libmulti_robot_slam__rosidl_generator_py.so" to ""
-- Installing: /home/nangao/multi_explore/multi-robot-slam/install/multi_robot_slam/share/multi_robot_slam/msg/PoseGraphNode.idl
-- Installing: /home/nangao/multi_explore/multi-robot-slam/install/multi_robot_slam/share/multi_robot_slam/msg/PoseGraphEdge.idl
-- Installing: /home/nangao/multi_explore/multi-robot-slam/install/multi_robot_slam/share/multi_robot_slam/msg/PoseGraph.idl
-- Installing: /home/nangao/multi_explore/multi-robot-slam/install/multi_robot_slam/share/multi_robot_slam/msg/MapMergeStatus.idl
-- Installing: /home/nangao/multi_explore/multi-robot-slam/install/multi_robot_slam/share/multi_robot_slam/msg/PoseGraphNode.msg
-- Installing: /home/nangao/multi_explore/multi-robot-slam/install/multi_robot_slam/share/multi_robot_slam/msg/PoseGraphEdge.msg
-- Installing: /home/nangao/multi_explore/multi-robot-slam/install/multi_robot_slam/share/multi_robot_slam/msg/PoseGraph.msg
-- Installing: /home/nangao/multi_explore/multi-robot-slam/install/multi_robot_slam/share/multi_robot_slam/msg/MapMergeStatus.msg
-- Installing: /home/nangao/multi_explore/multi-robot-slam/install/multi_robot_slam/lib/multi_robot_slam/pose_graph_optimizer.py
-- Installing: /home/nangao/multi_explore/multi-robot-slam/install/multi_robot_slam/lib/multi_robot_slam/map_merger.py
-- Installing: /home/nangao/multi_explore/multi-robot-slam/install/multi_robot_slam/lib/multi_robot_slam/tf_publisher.py
-- Installing: /home/nangao/multi_explore/multi-robot-slam/install/multi_robot_slam/lib/multi_robot_slam/slam_coordinator.py
-- Installing: /home/nangao/multi_explore/multi-robot-slam/install/multi_robot_slam/share/multi_robot_slam/launch
-- Installing: /home/nangao/multi_explore/multi-robot-slam/install/multi_robot_slam/share/multi_robot_slam/launch/multi_robot_slam.launch.py
-- Installing: /home/nangao/multi_explore/multi-robot-slam/install/multi_robot_slam/share/multi_robot_slam/config
-- Installing: /home/nangao/multi_explore/multi-robot-slam/install/multi_robot_slam/share/multi_robot_slam/config/slam_params.yaml
-- Installing: /home/nangao/multi_explore/multi-robot-slam/install/multi_robot_slam/share/multi_robot_slam/config/.gitkeep
-- Installing: /home/nangao/multi_explore/multi-robot-slam/install/multi_robot_slam/share/ament_index/resource_index/package_run_dependencies/multi_robot_slam
-- Installing: /home/nangao/multi_explore/multi-robot-slam/install/multi_robot_slam/share/ament_index/resource_index/parent_prefix_path/multi_robot_slam
-- Installing: /home/nangao/multi_explore/multi-robot-slam/install/multi_robot_slam/share/multi_robot_slam/environment/ament_prefix_path.sh
-- Installing: /home/nangao/multi_explore/multi-robot-slam/install/multi_robot_slam/share/multi_robot_slam/environment/ament_prefix_path.dsv
-- Installing: /home/nangao/multi_explore/multi-robot-slam/install/multi_robot_slam/share/multi_robot_slam/environment/path.sh
-- Installing: /home/nangao/multi_explore/multi-robot-slam/install/multi_robot_slam/share/multi_robot_slam/environment/path.dsv
-- Installing: /home/nangao/multi_explore/multi-robot-slam/install/multi_robot_slam/share/multi_robot_slam/local_setup.bash
-- Installing: /home/nangao/multi_explore/multi-robot-slam/install/multi_robot_slam/share/multi_robot_slam/local_setup.sh
-- Installing: /home/nangao/multi_explore/multi-robot-slam/install/multi_robot_slam/share/multi_robot_slam/local_setup.zsh
-- Installing: /home/nangao/multi_explore/multi-robot-slam/install/multi_robot_slam/share/multi_robot_slam/local_setup.dsv
-- Installing: /home/nangao/multi_explore/multi-robot-slam/install/multi_robot_slam/share/multi_robot_slam/package.dsv
-- Installing: /home/nangao/multi_explore/multi-robot-slam/install/multi_robot_slam/share/ament_index/resource_index/packages/multi_robot_slam
-- Installing: /home/nangao/multi_explore/multi-robot-slam/install/multi_robot_slam/share/multi_robot_slam/cmake/export_multi_robot_slam__rosidl_generator_cExport.cmake
-- Installing: /home/nangao/multi_explore/multi-robot-slam/install/multi_robot_slam/share/multi_robot_slam/cmake/export_multi_robot_slam__rosidl_generator_cExport-noconfig.cmake
-- Installing: /home/nangao/multi_explore/multi-robot-slam/install/multi_robot_slam/share/multi_robot_slam/cmake/export_multi_robot_slam__rosidl_typesupport_fastrtps_cExport.cmake
-- Installing: /home/nangao/multi_explore/multi-robot-slam/install/multi_robot_slam/share/multi_robot_slam/cmake/export_multi_robot_slam__rosidl_typesupport_fastrtps_cExport-noconfig.cmake
-- Installing: /home/nangao/multi_explore/multi-robot-slam/install/multi_robot_slam/share/multi_robot_slam/cmake/multi_robot_slam__rosidl_typesupport_introspection_cExport.cmake
-- Installing: /home/nangao/multi_explore/multi-robot-slam/install/multi_robot_slam/share/multi_robot_slam/cmake/multi_robot_slam__rosidl_typesupport_introspection_cExport-noconfig.cmake
-- Installing: /home/nangao/multi_explore/multi-robot-slam/install/multi_robot_slam/share/multi_robot_slam/cmake/multi_robot_slam__rosidl_typesupport_cExport.cmake
-- Installing: /home/nangao/multi_explore/multi-robot-slam/install/multi_robot_slam/share/multi_robot_slam/cmake/multi_robot_slam__rosidl_typesupport_cExport-noconfig.cmake
-- Installing: /home/nangao/multi_explore/multi-robot-slam/install/multi_robot_slam/share/multi_robot_slam/cmake/export_multi_robot_slam__rosidl_generator_cppExport.cmake
-- Installing: /home/nangao/multi_explore/multi-robot-slam/install/multi_robot_slam/share/multi_robot_slam/cmake/export_multi_robot_slam__rosidl_typesupport_fastrtps_cppExport.cmake
-- Installing: /home/nangao/multi_explore/multi-robot-slam/install/multi_robot_slam/share/multi_robot_slam/cmake/export_multi_robot_slam__rosidl_typesupport_fastrtps_cppExport-noconfig.cmake
-- Installing: /home/nangao/multi_explore/multi-robot-slam/install/multi_robot_slam/share/multi_robot_slam/cmake/multi_robot_slam__rosidl_typesupport_introspection_cppExport.cmake
-- Installing: /home/nangao/multi_explore/multi-robot-slam/install/multi_robot_slam/share/multi_robot_slam/cmake/multi_robot_slam__rosidl_typesupport_introspection_cppExport-noconfig.cmake
-- Installing: /home/nangao/multi_explore/multi-robot-slam/install/multi_robot_slam/share/multi_robot_slam/cmake/multi_robot_slam__rosidl_typesupport_cppExport.cmake
-- Installing: /home/nangao/multi_explore/multi-robot-slam/install/multi_robot_slam/share/multi_robot_slam/cmake/multi_robot_slam__rosidl_typesupport_cppExport-noconfig.cmake
-- Installing: /home/nangao/multi_explore/multi-robot-slam/install/multi_robot_slam/share/multi_robot_slam/cmake/export_multi_robot_slam__rosidl_generator_pyExport.cmake
-- Installing: /home/nangao/multi_explore/multi-robot-slam/install/multi_robot_slam/share/multi_robot_slam/cmake/export_multi_robot_slam__rosidl_generator_pyExport-noconfig.cmake
-- Installing: /home/nangao/multi_explore/multi-robot-slam/install/multi_robot_slam/share/multi_robot_slam/cmake/rosidl_cmake-extras.cmake
-- Installing: /home/nangao/multi_explore/multi-robot-slam/install/multi_robot_slam/share/multi_robot_slam/cmake/ament_cmake_export_dependencies-extras.cmake
-- Installing: /home/nangao/multi_explore/multi-robot-slam/install/multi_robot_slam/share/multi_robot_slam/cmake/ament_cmake_export_include_directories-extras.cmake
-- Installing: /home/nangao/multi_explore/multi-robot-slam/install/multi_robot_slam/share/multi_robot_slam/cmake/ament_cmake_export_libraries-extras.cmake
-- Installing: /home/nangao/multi_explore/multi-robot-slam/install/multi_robot_slam/share/multi_robot_slam/cmake/ament_cmake_export_targets-extras.cmake
-- Installing: /home/nangao/multi_explore/multi-robot-slam/install/multi_robot_slam/share/multi_robot_slam/cmake/rosidl_cmake_export_typesupport_targets-extras.cmake
-- Installing: /home/nangao/multi_explore/multi-robot-slam/install/multi_robot_slam/share/multi_robot_slam/cmake/rosidl_cmake_export_typesupport_libraries-extras.cmake
-- Installing: /home/nangao/multi_explore/multi-robot-slam/install/multi_robot_slam/share/multi_robot_slam/cmake/multi_robot_slamConfig.cmake
-- Installing: /home/nangao/multi_explore/multi-robot-slam/install/multi_robot_slam/share/multi_robot_slam/cmake/multi_robot_slamConfig-version.cmake
-- Installing: /home/nangao/multi_explore/multi-robot-slam/install/multi_robot_slam/share/multi_robot_slam/package.xml
