[0.031s] Invoking command in '/home/nangao/multi_explore/multi-robot-slam/build/multi_robot_slam': CMAKE_PREFIX_PATH=${CMAKE_PREFIX_PATH}:/opt/ros/humble /usr/bin/cmake /home/nangao/multi_explore/multi-robot-slam/src/multi_robot_slam -DCMAKE_INSTALL_PREFIX=/home/nangao/multi_explore/multi-robot-slam/install/multi_robot_slam
[0.135s] -- The C compiler identification is GNU 11.4.0
[0.212s] -- The CXX compiler identification is GNU 11.4.0
[0.224s] -- Detecting C compiler ABI info
[0.326s] -- Detecting C compiler ABI info - done
[0.341s] -- Check for working C compiler: /usr/bin/cc - skipped
[0.341s] -- Detecting C compile features
[0.341s] -- Detecting C compile features - done
[0.349s] -- Detecting CXX compiler ABI info
[0.514s] -- Detecting CXX compiler ABI info - done
[0.523s] -- Check for working CXX compiler: /usr/bin/c++ - skipped
[0.523s] -- Detecting CXX compile features
[0.523s] -- Detecting CXX compile features - done
[0.528s] -- Found ament_cmake: 1.3.12 (/opt/ros/humble/share/ament_cmake/cmake)
[0.767s] -- Found Python3: /usr/bin/python3 (found version "3.10.12") found components: Interpreter 
[0.881s] -- Found rosidl_default_generators: 1.2.0 (/opt/ros/humble/share/rosidl_default_generators/cmake)
[0.885s] -- Using all available rosidl_typesupport_c: rosidl_typesupport_fastrtps_c;rosidl_typesupport_introspection_c
[0.892s] -- Found rosidl_adapter: 3.1.7 (/opt/ros/humble/share/rosidl_adapter/cmake)
[0.936s] -- Using all available rosidl_typesupport_cpp: rosidl_typesupport_fastrtps_cpp;rosidl_typesupport_introspection_cpp
[0.990s] -- Found std_msgs: 4.9.0 (/opt/ros/humble/share/std_msgs/cmake)
[1.004s] -- Found geometry_msgs: 4.9.0 (/opt/ros/humble/share/geometry_msgs/cmake)
[1.023s] -- Found nav_msgs: 4.9.0 (/opt/ros/humble/share/nav_msgs/cmake)
[1.469s] -- Found ament_cmake_ros: 0.10.0 (/opt/ros/humble/share/ament_cmake_ros/cmake)
[1.799s] -- Using all available rosidl_typesupport_c: rosidl_typesupport_fastrtps_c;rosidl_typesupport_introspection_c
[2.124s] -- Using all available rosidl_typesupport_cpp: rosidl_typesupport_fastrtps_cpp;rosidl_typesupport_introspection_cpp
[2.148s] -- Found PythonInterp: /usr/bin/python3 (found suitable version "3.10.12", minimum required is "3.6") 
[2.149s] -- Found python_cmake_module: 0.10.0 (/opt/ros/humble/share/python_cmake_module/cmake)
[2.170s] -- Found PythonLibs: /usr/lib/x86_64-linux-gnu/libpython3.10.so (found suitable version "3.10.12", minimum required is "3.5") 
[2.170s] -- Using PYTHON_EXECUTABLE: /usr/bin/python3
[2.170s] -- Using PYTHON_INCLUDE_DIRS: /usr/include/python3.10
[2.170s] -- Using PYTHON_LIBRARIES: /usr/lib/x86_64-linux-gnu/libpython3.10.so
[2.190s] -- Found PythonExtra: .so  
[2.253s] -- Found ament_lint_auto: 0.12.14 (/opt/ros/humble/share/ament_lint_auto/cmake)
[2.269s] -- Added test 'flake8' to check Python code syntax and style conventions
[2.269s] -- Added test 'lint_cmake' to check CMake code style
[2.270s] -- Added test 'pep257' to check Python code against some of the docstring style conventions in PEP 257
[2.271s] -- Added test 'xmllint' to check XML markup files
[2.272s] -- Configuring done
[2.317s] -- Generating done
[2.327s] -- Build files have been written to: /home/nangao/multi_explore/multi-robot-slam/build/multi_robot_slam
[2.338s] Invoked command in '/home/nangao/multi_explore/multi-robot-slam/build/multi_robot_slam' returned '0': CMAKE_PREFIX_PATH=${CMAKE_PREFIX_PATH}:/opt/ros/humble /usr/bin/cmake /home/nangao/multi_explore/multi-robot-slam/src/multi_robot_slam -DCMAKE_INSTALL_PREFIX=/home/nangao/multi_explore/multi-robot-slam/install/multi_robot_slam
[2.343s] Invoking command in '/home/nangao/multi_explore/multi-robot-slam/build/multi_robot_slam': CMAKE_PREFIX_PATH=${CMAKE_PREFIX_PATH}:/opt/ros/humble /usr/bin/cmake --build /home/nangao/multi_explore/multi-robot-slam/build/multi_robot_slam -- -j8 -l8
[2.401s] [  1%] [34m[1mGenerating C code for ROS interfaces[0m
[2.414s] [  3%] [34m[1mGenerating C++ code for ROS interfaces[0m
[2.430s] [  3%] Built target ament_cmake_python_copy_multi_robot_slam
[2.710s] running egg_info
[2.711s] creating multi_robot_slam.egg-info
[2.711s] writing multi_robot_slam.egg-info/PKG-INFO
[2.711s] writing dependency_links to multi_robot_slam.egg-info/dependency_links.txt
[2.712s] writing top-level names to multi_robot_slam.egg-info/top_level.txt
[2.712s] writing manifest file 'multi_robot_slam.egg-info/SOURCES.txt'
[2.715s] reading manifest file 'multi_robot_slam.egg-info/SOURCES.txt'
[2.715s] writing manifest file 'multi_robot_slam.egg-info/SOURCES.txt'
[2.772s] [  3%] Built target ament_cmake_python_build_multi_robot_slam_egg
[3.202s] [  3%] Built target multi_robot_slam__cpp
[3.225s] [  5%] [34m[1mGenerating C++ type support dispatch for ROS interfaces[0m
[3.234s] [  7%] [34m[1mGenerating C++ type support for eProsima Fast-RTPS[0m
[3.242s] [  9%] [34m[1mGenerating C++ introspection for ROS interfaces[0m
[3.277s] [ 10%] [32mBuilding C object CMakeFiles/multi_robot_slam__rosidl_generator_c.dir/rosidl_generator_c/multi_robot_slam/msg/detail/pose_graph__functions.c.o[0m
[3.283s] [ 12%] [32mBuilding C object CMakeFiles/multi_robot_slam__rosidl_generator_c.dir/rosidl_generator_c/multi_robot_slam/msg/detail/pose_graph_node__functions.c.o[0m
[3.285s] [ 14%] [32mBuilding C object CMakeFiles/multi_robot_slam__rosidl_generator_c.dir/rosidl_generator_c/multi_robot_slam/msg/detail/pose_graph_edge__functions.c.o[0m
[3.302s] [ 16%] [32mBuilding C object CMakeFiles/multi_robot_slam__rosidl_generator_c.dir/rosidl_generator_c/multi_robot_slam/msg/detail/map_merge_status__functions.c.o[0m
[3.435s] [ 18%] [32m[1mLinking C shared library libmulti_robot_slam__rosidl_generator_c.so[0m
[3.578s] [ 18%] Built target multi_robot_slam__rosidl_generator_c
[3.611s] [ 20%] [34m[1mGenerating C type support for eProsima Fast-RTPS[0m
[3.615s] [ 21%] [34m[1mGenerating C introspection for ROS interfaces[0m
[3.633s] [ 23%] [34m[1mGenerating C type support dispatch for ROS interfaces[0m
[4.369s] [ 25%] [32mBuilding CXX object CMakeFiles/multi_robot_slam__rosidl_typesupport_cpp.dir/rosidl_typesupport_cpp/multi_robot_slam/msg/pose_graph_node__type_support.cpp.o[0m
[4.393s] [ 27%] [32mBuilding CXX object CMakeFiles/multi_robot_slam__rosidl_typesupport_cpp.dir/rosidl_typesupport_cpp/multi_robot_slam/msg/pose_graph_edge__type_support.cpp.o[0m
[4.396s] [ 29%] [32mBuilding CXX object CMakeFiles/multi_robot_slam__rosidl_typesupport_introspection_cpp.dir/rosidl_typesupport_introspection_cpp/multi_robot_slam/msg/detail/pose_graph_edge__type_support.cpp.o[0m
[4.408s] [ 30%] [32mBuilding CXX object CMakeFiles/multi_robot_slam__rosidl_typesupport_introspection_cpp.dir/rosidl_typesupport_introspection_cpp/multi_robot_slam/msg/detail/pose_graph_node__type_support.cpp.o[0m
[4.430s] [ 32%] [32mBuilding CXX object CMakeFiles/multi_robot_slam__rosidl_typesupport_fastrtps_cpp.dir/rosidl_typesupport_fastrtps_cpp/multi_robot_slam/msg/detail/dds_fastrtps/pose_graph_node__type_support.cpp.o[0m
[4.517s] [ 34%] [32mBuilding CXX object CMakeFiles/multi_robot_slam__rosidl_typesupport_c.dir/rosidl_typesupport_c/multi_robot_slam/msg/pose_graph_node__type_support.cpp.o[0m
[4.606s] [ 36%] [32mBuilding CXX object CMakeFiles/multi_robot_slam__rosidl_typesupport_c.dir/rosidl_typesupport_c/multi_robot_slam/msg/pose_graph_edge__type_support.cpp.o[0m
[4.671s] [ 38%] [32mBuilding CXX object CMakeFiles/multi_robot_slam__rosidl_typesupport_c.dir/rosidl_typesupport_c/multi_robot_slam/msg/pose_graph__type_support.cpp.o[0m
[4.740s] [ 40%] [32mBuilding CXX object CMakeFiles/multi_robot_slam__rosidl_typesupport_introspection_cpp.dir/rosidl_typesupport_introspection_cpp/multi_robot_slam/msg/detail/pose_graph__type_support.cpp.o[0m
[4.751s] [ 41%] [32mBuilding CXX object CMakeFiles/multi_robot_slam__rosidl_typesupport_c.dir/rosidl_typesupport_c/multi_robot_slam/msg/map_merge_status__type_support.cpp.o[0m
[4.786s] [ 43%] [32mBuilding CXX object CMakeFiles/multi_robot_slam__rosidl_typesupport_fastrtps_c.dir/rosidl_typesupport_fastrtps_c/multi_robot_slam/msg/detail/pose_graph_node__type_support_c.cpp.o[0m
[4.807s] [ 45%] [32mBuilding CXX object CMakeFiles/multi_robot_slam__rosidl_typesupport_cpp.dir/rosidl_typesupport_cpp/multi_robot_slam/msg/pose_graph__type_support.cpp.o[0m
[4.820s] [ 47%] [32m[1mLinking CXX shared library libmulti_robot_slam__rosidl_typesupport_c.so[0m
[4.878s] [ 49%] [32mBuilding C object CMakeFiles/multi_robot_slam__rosidl_typesupport_introspection_c.dir/rosidl_typesupport_introspection_c/multi_robot_slam/msg/detail/pose_graph_node__type_support.c.o[0m
[4.889s] [ 49%] Built target multi_robot_slam__rosidl_typesupport_c
[4.918s] [ 50%] [32mBuilding CXX object CMakeFiles/multi_robot_slam__rosidl_typesupport_cpp.dir/rosidl_typesupport_cpp/multi_robot_slam/msg/map_merge_status__type_support.cpp.o[0m
[4.925s] [ 52%] [32mBuilding CXX object CMakeFiles/multi_robot_slam__rosidl_typesupport_fastrtps_cpp.dir/rosidl_typesupport_fastrtps_cpp/multi_robot_slam/msg/detail/dds_fastrtps/pose_graph_edge__type_support.cpp.o[0m
[4.957s] [ 54%] [32mBuilding CXX object CMakeFiles/multi_robot_slam__rosidl_typesupport_fastrtps_cpp.dir/rosidl_typesupport_fastrtps_cpp/multi_robot_slam/msg/detail/dds_fastrtps/pose_graph__type_support.cpp.o[0m
[4.979s] [ 56%] [32mBuilding C object CMakeFiles/multi_robot_slam__rosidl_typesupport_introspection_c.dir/rosidl_typesupport_introspection_c/multi_robot_slam/msg/detail/pose_graph_edge__type_support.c.o[0m
[5.026s] [ 58%] [32mBuilding C object CMakeFiles/multi_robot_slam__rosidl_typesupport_introspection_c.dir/rosidl_typesupport_introspection_c/multi_robot_slam/msg/detail/pose_graph__type_support.c.o[0m
[5.083s] [ 60%] [32mBuilding CXX object CMakeFiles/multi_robot_slam__rosidl_typesupport_fastrtps_c.dir/rosidl_typesupport_fastrtps_c/multi_robot_slam/msg/detail/pose_graph_edge__type_support_c.cpp.o[0m
[5.107s] [ 61%] [32mBuilding C object CMakeFiles/multi_robot_slam__rosidl_typesupport_introspection_c.dir/rosidl_typesupport_introspection_c/multi_robot_slam/msg/detail/map_merge_status__type_support.c.o[0m
[5.183s] [ 63%] [32mBuilding CXX object CMakeFiles/multi_robot_slam__rosidl_typesupport_fastrtps_cpp.dir/rosidl_typesupport_fastrtps_cpp/multi_robot_slam/msg/detail/dds_fastrtps/map_merge_status__type_support.cpp.o[0m
[5.221s] [ 65%] [32m[1mLinking C shared library libmulti_robot_slam__rosidl_typesupport_introspection_c.so[0m
[5.243s] [ 67%] [32mBuilding CXX object CMakeFiles/multi_robot_slam__rosidl_typesupport_fastrtps_c.dir/rosidl_typesupport_fastrtps_c/multi_robot_slam/msg/detail/pose_graph__type_support_c.cpp.o[0m
[5.277s] [ 69%] [32m[1mLinking CXX shared library libmulti_robot_slam__rosidl_typesupport_cpp.so[0m
[5.301s] [ 69%] Built target multi_robot_slam__rosidl_typesupport_introspection_c
[5.329s] [ 70%] [32mBuilding CXX object CMakeFiles/multi_robot_slam__rosidl_typesupport_fastrtps_c.dir/rosidl_typesupport_fastrtps_c/multi_robot_slam/msg/detail/map_merge_status__type_support_c.cpp.o[0m
[5.367s] [ 70%] Built target multi_robot_slam__rosidl_typesupport_cpp
[5.392s] [ 72%] [32mBuilding CXX object CMakeFiles/multi_robot_slam__rosidl_typesupport_introspection_cpp.dir/rosidl_typesupport_introspection_cpp/multi_robot_slam/msg/detail/map_merge_status__type_support.cpp.o[0m
[5.807s] [ 74%] [32m[1mLinking CXX shared library libmulti_robot_slam__rosidl_typesupport_fastrtps_c.so[0m
[5.835s] [ 76%] [32m[1mLinking CXX shared library libmulti_robot_slam__rosidl_typesupport_fastrtps_cpp.so[0m
[5.882s] [ 78%] [32m[1mLinking CXX shared library libmulti_robot_slam__rosidl_typesupport_introspection_cpp.so[0m
[5.928s] [ 78%] Built target multi_robot_slam__rosidl_typesupport_fastrtps_c
[5.961s] [ 78%] Built target multi_robot_slam__rosidl_typesupport_fastrtps_cpp
[6.005s] [ 78%] Built target multi_robot_slam__rosidl_typesupport_introspection_cpp
[6.033s] [ 78%] Built target multi_robot_slam
[6.063s] [ 80%] [34m[1mGenerating Python code for ROS interfaces[0m
[6.766s] [ 80%] Built target multi_robot_slam__py
[6.788s] [ 81%] [32mBuilding C object CMakeFiles/multi_robot_slam__rosidl_generator_py.dir/rosidl_generator_py/multi_robot_slam/msg/_pose_graph_node_s.c.o[0m
[6.791s] [ 87%] [32mBuilding C object CMakeFiles/multi_robot_slam__rosidl_generator_py.dir/rosidl_generator_py/multi_robot_slam/msg/_map_merge_status_s.c.o[0m
[6.791s] [ 87%] [32mBuilding C object CMakeFiles/multi_robot_slam__rosidl_generator_py.dir/rosidl_generator_py/multi_robot_slam/msg/_pose_graph_s.c.o[0m
[6.791s] [ 87%] [32mBuilding C object CMakeFiles/multi_robot_slam__rosidl_generator_py.dir/rosidl_generator_py/multi_robot_slam/msg/_pose_graph_edge_s.c.o[0m
[6.922s] [ 89%] [32m[1mLinking C shared library rosidl_generator_py/multi_robot_slam/libmulti_robot_slam__rosidl_generator_py.so[0m
[6.965s] [ 89%] Built target multi_robot_slam__rosidl_generator_py
[6.985s] [ 90%] [32mBuilding C object CMakeFiles/multi_robot_slam__rosidl_typesupport_fastrtps_c__pyext.dir/rosidl_generator_py/multi_robot_slam/_multi_robot_slam_s.ep.rosidl_typesupport_fastrtps_c.c.o[0m
[6.985s] [ 92%] [32mBuilding C object CMakeFiles/multi_robot_slam__rosidl_typesupport_introspection_c__pyext.dir/rosidl_generator_py/multi_robot_slam/_multi_robot_slam_s.ep.rosidl_typesupport_introspection_c.c.o[0m
[6.993s] [ 94%] [32mBuilding C object CMakeFiles/multi_robot_slam__rosidl_typesupport_c__pyext.dir/rosidl_generator_py/multi_robot_slam/_multi_robot_slam_s.ep.rosidl_typesupport_c.c.o[0m
[7.082s] [ 96%] [32m[1mLinking C shared library rosidl_generator_py/multi_robot_slam/multi_robot_slam_s__rosidl_typesupport_c.cpython-310-x86_64-linux-gnu.so[0m
[7.084s] [ 98%] [32m[1mLinking C shared library rosidl_generator_py/multi_robot_slam/multi_robot_slam_s__rosidl_typesupport_introspection_c.cpython-310-x86_64-linux-gnu.so[0m
[7.090s] [100%] [32m[1mLinking C shared library rosidl_generator_py/multi_robot_slam/multi_robot_slam_s__rosidl_typesupport_fastrtps_c.cpython-310-x86_64-linux-gnu.so[0m
[7.129s] [100%] Built target multi_robot_slam__rosidl_typesupport_c__pyext
[7.131s] [100%] Built target multi_robot_slam__rosidl_typesupport_introspection_c__pyext
[7.134s] [100%] Built target multi_robot_slam__rosidl_typesupport_fastrtps_c__pyext
[7.147s] Invoked command in '/home/nangao/multi_explore/multi-robot-slam/build/multi_robot_slam' returned '0': CMAKE_PREFIX_PATH=${CMAKE_PREFIX_PATH}:/opt/ros/humble /usr/bin/cmake --build /home/nangao/multi_explore/multi-robot-slam/build/multi_robot_slam -- -j8 -l8
[7.150s] Invoking command in '/home/nangao/multi_explore/multi-robot-slam/build/multi_robot_slam': CMAKE_PREFIX_PATH=${CMAKE_PREFIX_PATH}:/opt/ros/humble /usr/bin/cmake --install /home/nangao/multi_explore/multi-robot-slam/build/multi_robot_slam
[7.158s] -- Install configuration: ""
[7.158s] -- Installing: /home/nangao/multi_explore/multi-robot-slam/install/multi_robot_slam/share/ament_index/resource_index/rosidl_interfaces/multi_robot_slam
[7.158s] -- Installing: /home/nangao/multi_explore/multi-robot-slam/install/multi_robot_slam/include/multi_robot_slam/multi_robot_slam
[7.159s] -- Installing: /home/nangao/multi_explore/multi-robot-slam/install/multi_robot_slam/include/multi_robot_slam/multi_robot_slam/msg
[7.159s] -- Installing: /home/nangao/multi_explore/multi-robot-slam/install/multi_robot_slam/include/multi_robot_slam/multi_robot_slam/msg/rosidl_generator_c__visibility_control.h
[7.159s] -- Installing: /home/nangao/multi_explore/multi-robot-slam/install/multi_robot_slam/include/multi_robot_slam/multi_robot_slam/msg/map_merge_status.h
[7.159s] -- Installing: /home/nangao/multi_explore/multi-robot-slam/install/multi_robot_slam/include/multi_robot_slam/multi_robot_slam/msg/detail
[7.159s] -- Installing: /home/nangao/multi_explore/multi-robot-slam/install/multi_robot_slam/include/multi_robot_slam/multi_robot_slam/msg/detail/pose_graph_edge__functions.c
[7.159s] -- Installing: /home/nangao/multi_explore/multi-robot-slam/install/multi_robot_slam/include/multi_robot_slam/multi_robot_slam/msg/detail/pose_graph_edge__functions.h
[7.159s] -- Installing: /home/nangao/multi_explore/multi-robot-slam/install/multi_robot_slam/include/multi_robot_slam/multi_robot_slam/msg/detail/pose_graph_node__functions.c
[7.159s] -- Installing: /home/nangao/multi_explore/multi-robot-slam/install/multi_robot_slam/include/multi_robot_slam/multi_robot_slam/msg/detail/map_merge_status__functions.h
[7.160s] -- Installing: /home/nangao/multi_explore/multi-robot-slam/install/multi_robot_slam/include/multi_robot_slam/multi_robot_slam/msg/detail/pose_graph_node__functions.h
[7.160s] -- Installing: /home/nangao/multi_explore/multi-robot-slam/install/multi_robot_slam/include/multi_robot_slam/multi_robot_slam/msg/detail/pose_graph_node__type_support.h
[7.160s] -- Installing: /home/nangao/multi_explore/multi-robot-slam/install/multi_robot_slam/include/multi_robot_slam/multi_robot_slam/msg/detail/pose_graph_edge__struct.h
[7.160s] -- Installing: /home/nangao/multi_explore/multi-robot-slam/install/multi_robot_slam/include/multi_robot_slam/multi_robot_slam/msg/detail/pose_graph__functions.h
[7.160s] -- Installing: /home/nangao/multi_explore/multi-robot-slam/install/multi_robot_slam/include/multi_robot_slam/multi_robot_slam/msg/detail/pose_graph__functions.c
[7.160s] -- Installing: /home/nangao/multi_explore/multi-robot-slam/install/multi_robot_slam/include/multi_robot_slam/multi_robot_slam/msg/detail/map_merge_status__struct.h
[7.160s] -- Installing: /home/nangao/multi_explore/multi-robot-slam/install/multi_robot_slam/include/multi_robot_slam/multi_robot_slam/msg/detail/map_merge_status__type_support.h
[7.160s] -- Installing: /home/nangao/multi_explore/multi-robot-slam/install/multi_robot_slam/include/multi_robot_slam/multi_robot_slam/msg/detail/pose_graph__struct.h
[7.160s] -- Installing: /home/nangao/multi_explore/multi-robot-slam/install/multi_robot_slam/include/multi_robot_slam/multi_robot_slam/msg/detail/pose_graph_edge__type_support.h
[7.160s] -- Installing: /home/nangao/multi_explore/multi-robot-slam/install/multi_robot_slam/include/multi_robot_slam/multi_robot_slam/msg/detail/pose_graph_node__struct.h
[7.161s] -- Installing: /home/nangao/multi_explore/multi-robot-slam/install/multi_robot_slam/include/multi_robot_slam/multi_robot_slam/msg/detail/map_merge_status__functions.c
[7.161s] -- Installing: /home/nangao/multi_explore/multi-robot-slam/install/multi_robot_slam/include/multi_robot_slam/multi_robot_slam/msg/detail/pose_graph__type_support.h
[7.161s] -- Installing: /home/nangao/multi_explore/multi-robot-slam/install/multi_robot_slam/include/multi_robot_slam/multi_robot_slam/msg/pose_graph.h
[7.161s] -- Installing: /home/nangao/multi_explore/multi-robot-slam/install/multi_robot_slam/include/multi_robot_slam/multi_robot_slam/msg/pose_graph_node.h
[7.161s] -- Installing: /home/nangao/multi_explore/multi-robot-slam/install/multi_robot_slam/include/multi_robot_slam/multi_robot_slam/msg/pose_graph_edge.h
[7.161s] -- Installing: /home/nangao/multi_explore/multi-robot-slam/install/multi_robot_slam/share/multi_robot_slam/environment/library_path.sh
[7.161s] -- Installing: /home/nangao/multi_explore/multi-robot-slam/install/multi_robot_slam/share/multi_robot_slam/environment/library_path.dsv
[7.161s] -- Installing: /home/nangao/multi_explore/multi-robot-slam/install/multi_robot_slam/lib/libmulti_robot_slam__rosidl_generator_c.so
[7.161s] -- Set runtime path of "/home/nangao/multi_explore/multi-robot-slam/install/multi_robot_slam/lib/libmulti_robot_slam__rosidl_generator_c.so" to ""
[7.161s] -- Up-to-date: /home/nangao/multi_explore/multi-robot-slam/install/multi_robot_slam/include/multi_robot_slam/multi_robot_slam
[7.161s] -- Up-to-date: /home/nangao/multi_explore/multi-robot-slam/install/multi_robot_slam/include/multi_robot_slam/multi_robot_slam/msg
[7.161s] -- Up-to-date: /home/nangao/multi_explore/multi-robot-slam/install/multi_robot_slam/include/multi_robot_slam/multi_robot_slam/msg/detail
[7.161s] -- Installing: /home/nangao/multi_explore/multi-robot-slam/install/multi_robot_slam/include/multi_robot_slam/multi_robot_slam/msg/detail/pose_graph_edge__rosidl_typesupport_fastrtps_c.h
[7.161s] -- Installing: /home/nangao/multi_explore/multi-robot-slam/install/multi_robot_slam/include/multi_robot_slam/multi_robot_slam/msg/detail/pose_graph__rosidl_typesupport_fastrtps_c.h
[7.162s] -- Installing: /home/nangao/multi_explore/multi-robot-slam/install/multi_robot_slam/include/multi_robot_slam/multi_robot_slam/msg/detail/pose_graph_node__rosidl_typesupport_fastrtps_c.h
[7.162s] -- Installing: /home/nangao/multi_explore/multi-robot-slam/install/multi_robot_slam/include/multi_robot_slam/multi_robot_slam/msg/detail/map_merge_status__rosidl_typesupport_fastrtps_c.h
[7.162s] -- Installing: /home/nangao/multi_explore/multi-robot-slam/install/multi_robot_slam/include/multi_robot_slam/multi_robot_slam/msg/rosidl_typesupport_fastrtps_c__visibility_control.h
[7.162s] -- Installing: /home/nangao/multi_explore/multi-robot-slam/install/multi_robot_slam/lib/libmulti_robot_slam__rosidl_typesupport_fastrtps_c.so
[7.162s] -- Set runtime path of "/home/nangao/multi_explore/multi-robot-slam/install/multi_robot_slam/lib/libmulti_robot_slam__rosidl_typesupport_fastrtps_c.so" to ""
[7.162s] -- Up-to-date: /home/nangao/multi_explore/multi-robot-slam/install/multi_robot_slam/include/multi_robot_slam/multi_robot_slam
[7.162s] -- Up-to-date: /home/nangao/multi_explore/multi-robot-slam/install/multi_robot_slam/include/multi_robot_slam/multi_robot_slam/msg
[7.162s] -- Installing: /home/nangao/multi_explore/multi-robot-slam/install/multi_robot_slam/include/multi_robot_slam/multi_robot_slam/msg/rosidl_typesupport_introspection_c__visibility_control.h
[7.162s] -- Up-to-date: /home/nangao/multi_explore/multi-robot-slam/install/multi_robot_slam/include/multi_robot_slam/multi_robot_slam/msg/detail
[7.162s] -- Installing: /home/nangao/multi_explore/multi-robot-slam/install/multi_robot_slam/include/multi_robot_slam/multi_robot_slam/msg/detail/pose_graph_node__rosidl_typesupport_introspection_c.h
[7.162s] -- Installing: /home/nangao/multi_explore/multi-robot-slam/install/multi_robot_slam/include/multi_robot_slam/multi_robot_slam/msg/detail/pose_graph_edge__type_support.c
[7.163s] -- Installing: /home/nangao/multi_explore/multi-robot-slam/install/multi_robot_slam/include/multi_robot_slam/multi_robot_slam/msg/detail/pose_graph__rosidl_typesupport_introspection_c.h
[7.163s] -- Installing: /home/nangao/multi_explore/multi-robot-slam/install/multi_robot_slam/include/multi_robot_slam/multi_robot_slam/msg/detail/pose_graph__type_support.c
[7.163s] -- Installing: /home/nangao/multi_explore/multi-robot-slam/install/multi_robot_slam/include/multi_robot_slam/multi_robot_slam/msg/detail/pose_graph_node__type_support.c
[7.163s] -- Installing: /home/nangao/multi_explore/multi-robot-slam/install/multi_robot_slam/include/multi_robot_slam/multi_robot_slam/msg/detail/map_merge_status__type_support.c
[7.163s] -- Installing: /home/nangao/multi_explore/multi-robot-slam/install/multi_robot_slam/include/multi_robot_slam/multi_robot_slam/msg/detail/map_merge_status__rosidl_typesupport_introspection_c.h
[7.163s] -- Installing: /home/nangao/multi_explore/multi-robot-slam/install/multi_robot_slam/include/multi_robot_slam/multi_robot_slam/msg/detail/pose_graph_edge__rosidl_typesupport_introspection_c.h
[7.163s] -- Installing: /home/nangao/multi_explore/multi-robot-slam/install/multi_robot_slam/lib/libmulti_robot_slam__rosidl_typesupport_introspection_c.so
[7.163s] -- Set runtime path of "/home/nangao/multi_explore/multi-robot-slam/install/multi_robot_slam/lib/libmulti_robot_slam__rosidl_typesupport_introspection_c.so" to ""
[7.163s] -- Installing: /home/nangao/multi_explore/multi-robot-slam/install/multi_robot_slam/lib/libmulti_robot_slam__rosidl_typesupport_c.so
[7.163s] -- Set runtime path of "/home/nangao/multi_explore/multi-robot-slam/install/multi_robot_slam/lib/libmulti_robot_slam__rosidl_typesupport_c.so" to ""
[7.163s] -- Up-to-date: /home/nangao/multi_explore/multi-robot-slam/install/multi_robot_slam/include/multi_robot_slam/multi_robot_slam
[7.164s] -- Up-to-date: /home/nangao/multi_explore/multi-robot-slam/install/multi_robot_slam/include/multi_robot_slam/multi_robot_slam/msg
[7.164s] -- Installing: /home/nangao/multi_explore/multi-robot-slam/install/multi_robot_slam/include/multi_robot_slam/multi_robot_slam/msg/pose_graph_node.hpp
[7.164s] -- Installing: /home/nangao/multi_explore/multi-robot-slam/install/multi_robot_slam/include/multi_robot_slam/multi_robot_slam/msg/pose_graph_edge.hpp
[7.164s] -- Installing: /home/nangao/multi_explore/multi-robot-slam/install/multi_robot_slam/include/multi_robot_slam/multi_robot_slam/msg/map_merge_status.hpp
[7.164s] -- Installing: /home/nangao/multi_explore/multi-robot-slam/install/multi_robot_slam/include/multi_robot_slam/multi_robot_slam/msg/rosidl_generator_cpp__visibility_control.hpp
[7.164s] -- Up-to-date: /home/nangao/multi_explore/multi-robot-slam/install/multi_robot_slam/include/multi_robot_slam/multi_robot_slam/msg/detail
[7.164s] -- Installing: /home/nangao/multi_explore/multi-robot-slam/install/multi_robot_slam/include/multi_robot_slam/multi_robot_slam/msg/detail/map_merge_status__struct.hpp
[7.164s] -- Installing: /home/nangao/multi_explore/multi-robot-slam/install/multi_robot_slam/include/multi_robot_slam/multi_robot_slam/msg/detail/pose_graph__builder.hpp
[7.164s] -- Installing: /home/nangao/multi_explore/multi-robot-slam/install/multi_robot_slam/include/multi_robot_slam/multi_robot_slam/msg/detail/pose_graph_edge__type_support.hpp
[7.164s] -- Installing: /home/nangao/multi_explore/multi-robot-slam/install/multi_robot_slam/include/multi_robot_slam/multi_robot_slam/msg/detail/pose_graph_node__traits.hpp
[7.165s] -- Installing: /home/nangao/multi_explore/multi-robot-slam/install/multi_robot_slam/include/multi_robot_slam/multi_robot_slam/msg/detail/pose_graph_edge__builder.hpp
[7.165s] -- Installing: /home/nangao/multi_explore/multi-robot-slam/install/multi_robot_slam/include/multi_robot_slam/multi_robot_slam/msg/detail/map_merge_status__traits.hpp
[7.165s] -- Installing: /home/nangao/multi_explore/multi-robot-slam/install/multi_robot_slam/include/multi_robot_slam/multi_robot_slam/msg/detail/pose_graph_node__struct.hpp
[7.165s] -- Installing: /home/nangao/multi_explore/multi-robot-slam/install/multi_robot_slam/include/multi_robot_slam/multi_robot_slam/msg/detail/pose_graph__type_support.hpp
[7.165s] -- Installing: /home/nangao/multi_explore/multi-robot-slam/install/multi_robot_slam/include/multi_robot_slam/multi_robot_slam/msg/detail/pose_graph_node__builder.hpp
[7.165s] -- Installing: /home/nangao/multi_explore/multi-robot-slam/install/multi_robot_slam/include/multi_robot_slam/multi_robot_slam/msg/detail/map_merge_status__type_support.hpp
[7.166s] -- Installing: /home/nangao/multi_explore/multi-robot-slam/install/multi_robot_slam/include/multi_robot_slam/multi_robot_slam/msg/detail/map_merge_status__builder.hpp
[7.166s] -- Installing: /home/nangao/multi_explore/multi-robot-slam/install/multi_robot_slam/include/multi_robot_slam/multi_robot_slam/msg/detail/pose_graph__struct.hpp
[7.166s] -- Installing: /home/nangao/multi_explore/multi-robot-slam/install/multi_robot_slam/include/multi_robot_slam/multi_robot_slam/msg/detail/pose_graph_node__type_support.hpp
[7.166s] -- Installing: /home/nangao/multi_explore/multi-robot-slam/install/multi_robot_slam/include/multi_robot_slam/multi_robot_slam/msg/detail/pose_graph__traits.hpp
[7.166s] -- Installing: /home/nangao/multi_explore/multi-robot-slam/install/multi_robot_slam/include/multi_robot_slam/multi_robot_slam/msg/detail/pose_graph_edge__traits.hpp
[7.166s] -- Installing: /home/nangao/multi_explore/multi-robot-slam/install/multi_robot_slam/include/multi_robot_slam/multi_robot_slam/msg/detail/pose_graph_edge__struct.hpp
[7.166s] -- Installing: /home/nangao/multi_explore/multi-robot-slam/install/multi_robot_slam/include/multi_robot_slam/multi_robot_slam/msg/pose_graph.hpp
[7.166s] -- Up-to-date: /home/nangao/multi_explore/multi-robot-slam/install/multi_robot_slam/include/multi_robot_slam/multi_robot_slam
[7.166s] -- Up-to-date: /home/nangao/multi_explore/multi-robot-slam/install/multi_robot_slam/include/multi_robot_slam/multi_robot_slam/msg
[7.166s] -- Up-to-date: /home/nangao/multi_explore/multi-robot-slam/install/multi_robot_slam/include/multi_robot_slam/multi_robot_slam/msg/detail
[7.166s] -- Installing: /home/nangao/multi_explore/multi-robot-slam/install/multi_robot_slam/include/multi_robot_slam/multi_robot_slam/msg/detail/pose_graph__rosidl_typesupport_fastrtps_cpp.hpp
[7.166s] -- Installing: /home/nangao/multi_explore/multi-robot-slam/install/multi_robot_slam/include/multi_robot_slam/multi_robot_slam/msg/detail/pose_graph_edge__rosidl_typesupport_fastrtps_cpp.hpp
[7.166s] -- Installing: /home/nangao/multi_explore/multi-robot-slam/install/multi_robot_slam/include/multi_robot_slam/multi_robot_slam/msg/detail/dds_fastrtps
[7.166s] -- Installing: /home/nangao/multi_explore/multi-robot-slam/install/multi_robot_slam/include/multi_robot_slam/multi_robot_slam/msg/detail/pose_graph_node__rosidl_typesupport_fastrtps_cpp.hpp
[7.166s] -- Installing: /home/nangao/multi_explore/multi-robot-slam/install/multi_robot_slam/include/multi_robot_slam/multi_robot_slam/msg/detail/map_merge_status__rosidl_typesupport_fastrtps_cpp.hpp
[7.166s] -- Installing: /home/nangao/multi_explore/multi-robot-slam/install/multi_robot_slam/include/multi_robot_slam/multi_robot_slam/msg/rosidl_typesupport_fastrtps_cpp__visibility_control.h
[7.167s] -- Installing: /home/nangao/multi_explore/multi-robot-slam/install/multi_robot_slam/lib/libmulti_robot_slam__rosidl_typesupport_fastrtps_cpp.so
[7.167s] -- Set runtime path of "/home/nangao/multi_explore/multi-robot-slam/install/multi_robot_slam/lib/libmulti_robot_slam__rosidl_typesupport_fastrtps_cpp.so" to ""
[7.167s] -- Up-to-date: /home/nangao/multi_explore/multi-robot-slam/install/multi_robot_slam/include/multi_robot_slam/multi_robot_slam
[7.167s] -- Up-to-date: /home/nangao/multi_explore/multi-robot-slam/install/multi_robot_slam/include/multi_robot_slam/multi_robot_slam/msg
[7.167s] -- Up-to-date: /home/nangao/multi_explore/multi-robot-slam/install/multi_robot_slam/include/multi_robot_slam/multi_robot_slam/msg/detail
[7.167s] -- Installing: /home/nangao/multi_explore/multi-robot-slam/install/multi_robot_slam/include/multi_robot_slam/multi_robot_slam/msg/detail/pose_graph_edge__rosidl_typesupport_introspection_cpp.hpp
[7.167s] -- Installing: /home/nangao/multi_explore/multi-robot-slam/install/multi_robot_slam/include/multi_robot_slam/multi_robot_slam/msg/detail/pose_graph__type_support.cpp
[7.167s] -- Installing: /home/nangao/multi_explore/multi-robot-slam/install/multi_robot_slam/include/multi_robot_slam/multi_robot_slam/msg/detail/map_merge_status__rosidl_typesupport_introspection_cpp.hpp
[7.168s] -- Installing: /home/nangao/multi_explore/multi-robot-slam/install/multi_robot_slam/include/multi_robot_slam/multi_robot_slam/msg/detail/pose_graph__rosidl_typesupport_introspection_cpp.hpp
[7.168s] -- Installing: /home/nangao/multi_explore/multi-robot-slam/install/multi_robot_slam/include/multi_robot_slam/multi_robot_slam/msg/detail/pose_graph_edge__type_support.cpp
[7.168s] -- Installing: /home/nangao/multi_explore/multi-robot-slam/install/multi_robot_slam/include/multi_robot_slam/multi_robot_slam/msg/detail/map_merge_status__type_support.cpp
[7.168s] -- Installing: /home/nangao/multi_explore/multi-robot-slam/install/multi_robot_slam/include/multi_robot_slam/multi_robot_slam/msg/detail/pose_graph_node__type_support.cpp
[7.168s] -- Installing: /home/nangao/multi_explore/multi-robot-slam/install/multi_robot_slam/include/multi_robot_slam/multi_robot_slam/msg/detail/pose_graph_node__rosidl_typesupport_introspection_cpp.hpp
[7.168s] -- Installing: /home/nangao/multi_explore/multi-robot-slam/install/multi_robot_slam/lib/libmulti_robot_slam__rosidl_typesupport_introspection_cpp.so
[7.168s] -- Set runtime path of "/home/nangao/multi_explore/multi-robot-slam/install/multi_robot_slam/lib/libmulti_robot_slam__rosidl_typesupport_introspection_cpp.so" to ""
[7.168s] -- Installing: /home/nangao/multi_explore/multi-robot-slam/install/multi_robot_slam/lib/libmulti_robot_slam__rosidl_typesupport_cpp.so
[7.169s] -- Set runtime path of "/home/nangao/multi_explore/multi-robot-slam/install/multi_robot_slam/lib/libmulti_robot_slam__rosidl_typesupport_cpp.so" to ""
[7.169s] -- Installing: /home/nangao/multi_explore/multi-robot-slam/install/multi_robot_slam/share/multi_robot_slam/environment/pythonpath.sh
[7.169s] -- Installing: /home/nangao/multi_explore/multi-robot-slam/install/multi_robot_slam/share/multi_robot_slam/environment/pythonpath.dsv
[7.169s] -- Installing: /home/nangao/multi_explore/multi-robot-slam/install/multi_robot_slam/local/lib/python3.10/dist-packages/multi_robot_slam-0.0.1-py3.10.egg-info
[7.169s] -- Installing: /home/nangao/multi_explore/multi-robot-slam/install/multi_robot_slam/local/lib/python3.10/dist-packages/multi_robot_slam-0.0.1-py3.10.egg-info/dependency_links.txt
[7.169s] -- Installing: /home/nangao/multi_explore/multi-robot-slam/install/multi_robot_slam/local/lib/python3.10/dist-packages/multi_robot_slam-0.0.1-py3.10.egg-info/PKG-INFO
[7.169s] -- Installing: /home/nangao/multi_explore/multi-robot-slam/install/multi_robot_slam/local/lib/python3.10/dist-packages/multi_robot_slam-0.0.1-py3.10.egg-info/SOURCES.txt
[7.170s] -- Installing: /home/nangao/multi_explore/multi-robot-slam/install/multi_robot_slam/local/lib/python3.10/dist-packages/multi_robot_slam-0.0.1-py3.10.egg-info/top_level.txt
[7.170s] -- Installing: /home/nangao/multi_explore/multi-robot-slam/install/multi_robot_slam/local/lib/python3.10/dist-packages/multi_robot_slam
[7.170s] -- Installing: /home/nangao/multi_explore/multi-robot-slam/install/multi_robot_slam/local/lib/python3.10/dist-packages/multi_robot_slam/libmulti_robot_slam__rosidl_generator_py.so
[7.170s] -- Installing: /home/nangao/multi_explore/multi-robot-slam/install/multi_robot_slam/local/lib/python3.10/dist-packages/multi_robot_slam/_multi_robot_slam_s.ep.rosidl_typesupport_introspection_c.c
[7.170s] -- Installing: /home/nangao/multi_explore/multi-robot-slam/install/multi_robot_slam/local/lib/python3.10/dist-packages/multi_robot_slam/_multi_robot_slam_s.ep.rosidl_typesupport_c.c
[7.170s] -- Installing: /home/nangao/multi_explore/multi-robot-slam/install/multi_robot_slam/local/lib/python3.10/dist-packages/multi_robot_slam/multi_robot_slam_s__rosidl_typesupport_fastrtps_c.cpython-310-x86_64-linux-gnu.so
[7.170s] -- Installing: /home/nangao/multi_explore/multi-robot-slam/install/multi_robot_slam/local/lib/python3.10/dist-packages/multi_robot_slam/msg
[7.170s] -- Installing: /home/nangao/multi_explore/multi-robot-slam/install/multi_robot_slam/local/lib/python3.10/dist-packages/multi_robot_slam/msg/_pose_graph_edge_s.c
[7.170s] -- Installing: /home/nangao/multi_explore/multi-robot-slam/install/multi_robot_slam/local/lib/python3.10/dist-packages/multi_robot_slam/msg/_pose_graph_edge.py
[7.170s] -- Installing: /home/nangao/multi_explore/multi-robot-slam/install/multi_robot_slam/local/lib/python3.10/dist-packages/multi_robot_slam/msg/_pose_graph.py
[7.170s] -- Installing: /home/nangao/multi_explore/multi-robot-slam/install/multi_robot_slam/local/lib/python3.10/dist-packages/multi_robot_slam/msg/_map_merge_status_s.c
[7.170s] -- Installing: /home/nangao/multi_explore/multi-robot-slam/install/multi_robot_slam/local/lib/python3.10/dist-packages/multi_robot_slam/msg/_map_merge_status.py
[7.171s] -- Installing: /home/nangao/multi_explore/multi-robot-slam/install/multi_robot_slam/local/lib/python3.10/dist-packages/multi_robot_slam/msg/_pose_graph_node_s.c
[7.171s] -- Installing: /home/nangao/multi_explore/multi-robot-slam/install/multi_robot_slam/local/lib/python3.10/dist-packages/multi_robot_slam/msg/_pose_graph_s.c
[7.171s] -- Installing: /home/nangao/multi_explore/multi-robot-slam/install/multi_robot_slam/local/lib/python3.10/dist-packages/multi_robot_slam/msg/_pose_graph_node.py
[7.171s] -- Installing: /home/nangao/multi_explore/multi-robot-slam/install/multi_robot_slam/local/lib/python3.10/dist-packages/multi_robot_slam/msg/__init__.py
[7.171s] -- Installing: /home/nangao/multi_explore/multi-robot-slam/install/multi_robot_slam/local/lib/python3.10/dist-packages/multi_robot_slam/_multi_robot_slam_s.ep.rosidl_typesupport_fastrtps_c.c
[7.171s] -- Installing: /home/nangao/multi_explore/multi-robot-slam/install/multi_robot_slam/local/lib/python3.10/dist-packages/multi_robot_slam/multi_robot_slam_s__rosidl_typesupport_introspection_c.cpython-310-x86_64-linux-gnu.so
[7.171s] -- Installing: /home/nangao/multi_explore/multi-robot-slam/install/multi_robot_slam/local/lib/python3.10/dist-packages/multi_robot_slam/multi_robot_slam_s__rosidl_typesupport_c.cpython-310-x86_64-linux-gnu.so
[7.171s] -- Installing: /home/nangao/multi_explore/multi-robot-slam/install/multi_robot_slam/local/lib/python3.10/dist-packages/multi_robot_slam/__init__.py
[7.201s] Listing '/home/nangao/multi_explore/multi-robot-slam/install/multi_robot_slam/local/lib/python3.10/dist-packages/multi_robot_slam'...
[7.201s] Compiling '/home/nangao/multi_explore/multi-robot-slam/install/multi_robot_slam/local/lib/python3.10/dist-packages/multi_robot_slam/__init__.py'...
[7.201s] Listing '/home/nangao/multi_explore/multi-robot-slam/install/multi_robot_slam/local/lib/python3.10/dist-packages/multi_robot_slam/msg'...
[7.201s] Compiling '/home/nangao/multi_explore/multi-robot-slam/install/multi_robot_slam/local/lib/python3.10/dist-packages/multi_robot_slam/msg/__init__.py'...
[7.201s] Compiling '/home/nangao/multi_explore/multi-robot-slam/install/multi_robot_slam/local/lib/python3.10/dist-packages/multi_robot_slam/msg/_map_merge_status.py'...
[7.201s] Compiling '/home/nangao/multi_explore/multi-robot-slam/install/multi_robot_slam/local/lib/python3.10/dist-packages/multi_robot_slam/msg/_pose_graph.py'...
[7.201s] Compiling '/home/nangao/multi_explore/multi-robot-slam/install/multi_robot_slam/local/lib/python3.10/dist-packages/multi_robot_slam/msg/_pose_graph_edge.py'...
[7.201s] Compiling '/home/nangao/multi_explore/multi-robot-slam/install/multi_robot_slam/local/lib/python3.10/dist-packages/multi_robot_slam/msg/_pose_graph_node.py'...
[7.204s] -- Installing: /home/nangao/multi_explore/multi-robot-slam/install/multi_robot_slam/local/lib/python3.10/dist-packages/multi_robot_slam/multi_robot_slam_s__rosidl_typesupport_fastrtps_c.cpython-310-x86_64-linux-gnu.so
[7.205s] -- Set runtime path of "/home/nangao/multi_explore/multi-robot-slam/install/multi_robot_slam/local/lib/python3.10/dist-packages/multi_robot_slam/multi_robot_slam_s__rosidl_typesupport_fastrtps_c.cpython-310-x86_64-linux-gnu.so" to ""
[7.205s] -- Installing: /home/nangao/multi_explore/multi-robot-slam/install/multi_robot_slam/local/lib/python3.10/dist-packages/multi_robot_slam/multi_robot_slam_s__rosidl_typesupport_introspection_c.cpython-310-x86_64-linux-gnu.so
[7.205s] -- Set runtime path of "/home/nangao/multi_explore/multi-robot-slam/install/multi_robot_slam/local/lib/python3.10/dist-packages/multi_robot_slam/multi_robot_slam_s__rosidl_typesupport_introspection_c.cpython-310-x86_64-linux-gnu.so" to ""
[7.205s] -- Installing: /home/nangao/multi_explore/multi-robot-slam/install/multi_robot_slam/local/lib/python3.10/dist-packages/multi_robot_slam/multi_robot_slam_s__rosidl_typesupport_c.cpython-310-x86_64-linux-gnu.so
[7.206s] -- Set runtime path of "/home/nangao/multi_explore/multi-robot-slam/install/multi_robot_slam/local/lib/python3.10/dist-packages/multi_robot_slam/multi_robot_slam_s__rosidl_typesupport_c.cpython-310-x86_64-linux-gnu.so" to ""
[7.206s] -- Installing: /home/nangao/multi_explore/multi-robot-slam/install/multi_robot_slam/lib/libmulti_robot_slam__rosidl_generator_py.so
[7.206s] -- Set runtime path of "/home/nangao/multi_explore/multi-robot-slam/install/multi_robot_slam/lib/libmulti_robot_slam__rosidl_generator_py.so" to ""
[7.206s] -- Installing: /home/nangao/multi_explore/multi-robot-slam/install/multi_robot_slam/share/multi_robot_slam/msg/PoseGraphNode.idl
[7.207s] -- Installing: /home/nangao/multi_explore/multi-robot-slam/install/multi_robot_slam/share/multi_robot_slam/msg/PoseGraphEdge.idl
[7.207s] -- Installing: /home/nangao/multi_explore/multi-robot-slam/install/multi_robot_slam/share/multi_robot_slam/msg/PoseGraph.idl
[7.207s] -- Installing: /home/nangao/multi_explore/multi-robot-slam/install/multi_robot_slam/share/multi_robot_slam/msg/MapMergeStatus.idl
[7.208s] -- Installing: /home/nangao/multi_explore/multi-robot-slam/install/multi_robot_slam/share/multi_robot_slam/msg/PoseGraphNode.msg
[7.208s] -- Installing: /home/nangao/multi_explore/multi-robot-slam/install/multi_robot_slam/share/multi_robot_slam/msg/PoseGraphEdge.msg
[7.208s] -- Installing: /home/nangao/multi_explore/multi-robot-slam/install/multi_robot_slam/share/multi_robot_slam/msg/PoseGraph.msg
[7.208s] -- Installing: /home/nangao/multi_explore/multi-robot-slam/install/multi_robot_slam/share/multi_robot_slam/msg/MapMergeStatus.msg
[7.209s] -- Installing: /home/nangao/multi_explore/multi-robot-slam/install/multi_robot_slam/lib/multi_robot_slam/pose_graph_optimizer.py
[7.209s] -- Installing: /home/nangao/multi_explore/multi-robot-slam/install/multi_robot_slam/lib/multi_robot_slam/map_merger.py
[7.209s] -- Installing: /home/nangao/multi_explore/multi-robot-slam/install/multi_robot_slam/lib/multi_robot_slam/tf_publisher.py
[7.209s] -- Installing: /home/nangao/multi_explore/multi-robot-slam/install/multi_robot_slam/lib/multi_robot_slam/slam_coordinator.py
[7.209s] -- Installing: /home/nangao/multi_explore/multi-robot-slam/install/multi_robot_slam/share/multi_robot_slam/launch
[7.209s] -- Installing: /home/nangao/multi_explore/multi-robot-slam/install/multi_robot_slam/share/multi_robot_slam/launch/multi_robot_slam.launch.py
[7.209s] -- Installing: /home/nangao/multi_explore/multi-robot-slam/install/multi_robot_slam/share/multi_robot_slam/config
[7.209s] -- Installing: /home/nangao/multi_explore/multi-robot-slam/install/multi_robot_slam/share/multi_robot_slam/config/slam_params.yaml
[7.209s] -- Installing: /home/nangao/multi_explore/multi-robot-slam/install/multi_robot_slam/share/multi_robot_slam/config/.gitkeep
[7.209s] -- Installing: /home/nangao/multi_explore/multi-robot-slam/install/multi_robot_slam/share/ament_index/resource_index/package_run_dependencies/multi_robot_slam
[7.209s] -- Installing: /home/nangao/multi_explore/multi-robot-slam/install/multi_robot_slam/share/ament_index/resource_index/parent_prefix_path/multi_robot_slam
[7.209s] -- Installing: /home/nangao/multi_explore/multi-robot-slam/install/multi_robot_slam/share/multi_robot_slam/environment/ament_prefix_path.sh
[7.209s] -- Installing: /home/nangao/multi_explore/multi-robot-slam/install/multi_robot_slam/share/multi_robot_slam/environment/ament_prefix_path.dsv
[7.209s] -- Installing: /home/nangao/multi_explore/multi-robot-slam/install/multi_robot_slam/share/multi_robot_slam/environment/path.sh
[7.209s] -- Installing: /home/nangao/multi_explore/multi-robot-slam/install/multi_robot_slam/share/multi_robot_slam/environment/path.dsv
[7.210s] -- Installing: /home/nangao/multi_explore/multi-robot-slam/install/multi_robot_slam/share/multi_robot_slam/local_setup.bash
[7.210s] -- Installing: /home/nangao/multi_explore/multi-robot-slam/install/multi_robot_slam/share/multi_robot_slam/local_setup.sh
[7.210s] -- Installing: /home/nangao/multi_explore/multi-robot-slam/install/multi_robot_slam/share/multi_robot_slam/local_setup.zsh
[7.210s] -- Installing: /home/nangao/multi_explore/multi-robot-slam/install/multi_robot_slam/share/multi_robot_slam/local_setup.dsv
[7.210s] -- Installing: /home/nangao/multi_explore/multi-robot-slam/install/multi_robot_slam/share/multi_robot_slam/package.dsv
[7.210s] -- Installing: /home/nangao/multi_explore/multi-robot-slam/install/multi_robot_slam/share/ament_index/resource_index/packages/multi_robot_slam
[7.210s] -- Installing: /home/nangao/multi_explore/multi-robot-slam/install/multi_robot_slam/share/multi_robot_slam/cmake/export_multi_robot_slam__rosidl_generator_cExport.cmake
[7.210s] -- Installing: /home/nangao/multi_explore/multi-robot-slam/install/multi_robot_slam/share/multi_robot_slam/cmake/export_multi_robot_slam__rosidl_generator_cExport-noconfig.cmake
[7.210s] -- Installing: /home/nangao/multi_explore/multi-robot-slam/install/multi_robot_slam/share/multi_robot_slam/cmake/export_multi_robot_slam__rosidl_typesupport_fastrtps_cExport.cmake
[7.210s] -- Installing: /home/nangao/multi_explore/multi-robot-slam/install/multi_robot_slam/share/multi_robot_slam/cmake/export_multi_robot_slam__rosidl_typesupport_fastrtps_cExport-noconfig.cmake
[7.210s] -- Installing: /home/nangao/multi_explore/multi-robot-slam/install/multi_robot_slam/share/multi_robot_slam/cmake/multi_robot_slam__rosidl_typesupport_introspection_cExport.cmake
[7.211s] -- Installing: /home/nangao/multi_explore/multi-robot-slam/install/multi_robot_slam/share/multi_robot_slam/cmake/multi_robot_slam__rosidl_typesupport_introspection_cExport-noconfig.cmake
[7.211s] -- Installing: /home/nangao/multi_explore/multi-robot-slam/install/multi_robot_slam/share/multi_robot_slam/cmake/multi_robot_slam__rosidl_typesupport_cExport.cmake
[7.211s] -- Installing: /home/nangao/multi_explore/multi-robot-slam/install/multi_robot_slam/share/multi_robot_slam/cmake/multi_robot_slam__rosidl_typesupport_cExport-noconfig.cmake
[7.211s] -- Installing: /home/nangao/multi_explore/multi-robot-slam/install/multi_robot_slam/share/multi_robot_slam/cmake/export_multi_robot_slam__rosidl_generator_cppExport.cmake
[7.211s] -- Installing: /home/nangao/multi_explore/multi-robot-slam/install/multi_robot_slam/share/multi_robot_slam/cmake/export_multi_robot_slam__rosidl_typesupport_fastrtps_cppExport.cmake
[7.211s] -- Installing: /home/nangao/multi_explore/multi-robot-slam/install/multi_robot_slam/share/multi_robot_slam/cmake/export_multi_robot_slam__rosidl_typesupport_fastrtps_cppExport-noconfig.cmake
[7.211s] -- Installing: /home/nangao/multi_explore/multi-robot-slam/install/multi_robot_slam/share/multi_robot_slam/cmake/multi_robot_slam__rosidl_typesupport_introspection_cppExport.cmake
[7.211s] -- Installing: /home/nangao/multi_explore/multi-robot-slam/install/multi_robot_slam/share/multi_robot_slam/cmake/multi_robot_slam__rosidl_typesupport_introspection_cppExport-noconfig.cmake
[7.211s] -- Installing: /home/nangao/multi_explore/multi-robot-slam/install/multi_robot_slam/share/multi_robot_slam/cmake/multi_robot_slam__rosidl_typesupport_cppExport.cmake
[7.211s] -- Installing: /home/nangao/multi_explore/multi-robot-slam/install/multi_robot_slam/share/multi_robot_slam/cmake/multi_robot_slam__rosidl_typesupport_cppExport-noconfig.cmake
[7.211s] -- Installing: /home/nangao/multi_explore/multi-robot-slam/install/multi_robot_slam/share/multi_robot_slam/cmake/export_multi_robot_slam__rosidl_generator_pyExport.cmake
[7.212s] -- Installing: /home/nangao/multi_explore/multi-robot-slam/install/multi_robot_slam/share/multi_robot_slam/cmake/export_multi_robot_slam__rosidl_generator_pyExport-noconfig.cmake
[7.212s] -- Installing: /home/nangao/multi_explore/multi-robot-slam/install/multi_robot_slam/share/multi_robot_slam/cmake/rosidl_cmake-extras.cmake
[7.212s] -- Installing: /home/nangao/multi_explore/multi-robot-slam/install/multi_robot_slam/share/multi_robot_slam/cmake/ament_cmake_export_dependencies-extras.cmake
[7.212s] -- Installing: /home/nangao/multi_explore/multi-robot-slam/install/multi_robot_slam/share/multi_robot_slam/cmake/ament_cmake_export_include_directories-extras.cmake
[7.212s] -- Installing: /home/nangao/multi_explore/multi-robot-slam/install/multi_robot_slam/share/multi_robot_slam/cmake/ament_cmake_export_libraries-extras.cmake
[7.212s] -- Installing: /home/nangao/multi_explore/multi-robot-slam/install/multi_robot_slam/share/multi_robot_slam/cmake/ament_cmake_export_targets-extras.cmake
[7.212s] -- Installing: /home/nangao/multi_explore/multi-robot-slam/install/multi_robot_slam/share/multi_robot_slam/cmake/rosidl_cmake_export_typesupport_targets-extras.cmake
[7.212s] -- Installing: /home/nangao/multi_explore/multi-robot-slam/install/multi_robot_slam/share/multi_robot_slam/cmake/rosidl_cmake_export_typesupport_libraries-extras.cmake
[7.212s] -- Installing: /home/nangao/multi_explore/multi-robot-slam/install/multi_robot_slam/share/multi_robot_slam/cmake/multi_robot_slamConfig.cmake
[7.212s] -- Installing: /home/nangao/multi_explore/multi-robot-slam/install/multi_robot_slam/share/multi_robot_slam/cmake/multi_robot_slamConfig-version.cmake
[7.212s] -- Installing: /home/nangao/multi_explore/multi-robot-slam/install/multi_robot_slam/share/multi_robot_slam/package.xml
[7.214s] Invoked command in '/home/nangao/multi_explore/multi-robot-slam/build/multi_robot_slam' returned '0': CMAKE_PREFIX_PATH=${CMAKE_PREFIX_PATH}:/opt/ros/humble /usr/bin/cmake --install /home/nangao/multi_explore/multi-robot-slam/build/multi_robot_slam
