[0.113s] DEBUG:colcon:Command line arguments: ['/usr/bin/colcon', 'build', '--packages-select', 'multi_robot_slam']
[0.113s] DEBUG:colcon:Parsed command line arguments: Namespace(log_base=None, log_level=None, verb_name='build', build_base='build', install_base='install', merge_install=False, symlink_install=False, test_result_base=None, continue_on_error=False, executor='parallel', parallel_workers=8, event_handlers=None, ignore_user_meta=False, metas=['./colcon.meta'], base_paths=['.'], packages_ignore=None, packages_ignore_regex=None, paths=None, packages_up_to=None, packages_up_to_regex=None, packages_above=None, packages_above_and_dependencies=None, packages_above_depth=None, packages_select_by_dep=None, packages_skip_by_dep=None, packages_skip_up_to=None, packages_select_build_failed=False, packages_skip_build_finished=False, packages_select_test_failures=False, packages_skip_test_passed=False, packages_select=['multi_robot_slam'], packages_skip=None, packages_select_regex=None, packages_skip_regex=None, packages_start=None, packages_end=None, allow_overriding=[], cmake_args=None, cmake_target=None, cmake_target_skip_unavailable=False, cmake_clean_cache=False, cmake_clean_first=False, cmake_force_configure=False, ament_cmake_args=None, catkin_cmake_args=None, catkin_skip_building_tests=False, verb_parser=<colcon_defaults.argument_parser.defaults.DefaultArgumentsDecorator object at 0x7bc14031fe20>, verb_extension=<colcon_core.verb.build.BuildVerb object at 0x7bc14031f940>, main=<bound method BuildVerb.main of <colcon_core.verb.build.BuildVerb object at 0x7bc14031f940>>)
[0.216s] Level 1:colcon.colcon_core.package_discovery:discover_packages(colcon_meta) check parameters
[0.216s] Level 1:colcon.colcon_core.package_discovery:discover_packages(recursive) check parameters
[0.216s] Level 1:colcon.colcon_core.package_discovery:discover_packages(ignore) check parameters
[0.216s] Level 1:colcon.colcon_core.package_discovery:discover_packages(path) check parameters
[0.216s] Level 1:colcon.colcon_core.package_discovery:discover_packages(colcon_meta) discover
[0.216s] Level 1:colcon.colcon_core.package_discovery:discover_packages(recursive) discover
[0.216s] INFO:colcon.colcon_core.package_discovery:Crawling recursively for packages in '/home/nangao/multi_explore/multi-robot-slam'
[0.216s] Level 1:colcon.colcon_core.package_identification:_identify(.) by extensions ['ignore', 'ignore_ament_install']
[0.216s] Level 1:colcon.colcon_core.package_identification:_identify(.) by extension 'ignore'
[0.216s] Level 1:colcon.colcon_core.package_identification:_identify(.) by extension 'ignore_ament_install'
[0.216s] Level 1:colcon.colcon_core.package_identification:_identify(.) by extensions ['colcon_pkg']
[0.216s] Level 1:colcon.colcon_core.package_identification:_identify(.) by extension 'colcon_pkg'
[0.216s] Level 1:colcon.colcon_core.package_identification:_identify(.) by extensions ['colcon_meta']
[0.216s] Level 1:colcon.colcon_core.package_identification:_identify(.) by extension 'colcon_meta'
[0.216s] Level 1:colcon.colcon_core.package_identification:_identify(.) by extensions ['ros']
[0.216s] Level 1:colcon.colcon_core.package_identification:_identify(.) by extension 'ros'
[0.224s] Level 1:colcon.colcon_core.package_identification:_identify(.) by extensions ['cmake', 'python']
[0.224s] Level 1:colcon.colcon_core.package_identification:_identify(.) by extension 'cmake'
[0.224s] Level 1:colcon.colcon_core.package_identification:_identify(.) by extension 'python'
[0.224s] Level 1:colcon.colcon_core.package_identification:_identify(.) by extensions ['python_setup_py']
[0.224s] Level 1:colcon.colcon_core.package_identification:_identify(.) by extension 'python_setup_py'
[0.224s] Level 1:colcon.colcon_core.package_identification:_identify(build) by extensions ['ignore', 'ignore_ament_install']
[0.224s] Level 1:colcon.colcon_core.package_identification:_identify(build) by extension 'ignore'
[0.224s] Level 1:colcon.colcon_core.package_identification:_identify(build) ignored
[0.224s] Level 1:colcon.colcon_core.package_identification:_identify(install) by extensions ['ignore', 'ignore_ament_install']
[0.224s] Level 1:colcon.colcon_core.package_identification:_identify(install) by extension 'ignore'
[0.224s] Level 1:colcon.colcon_core.package_identification:_identify(install) ignored
[0.224s] Level 1:colcon.colcon_core.package_identification:_identify(log) by extensions ['ignore', 'ignore_ament_install']
[0.224s] Level 1:colcon.colcon_core.package_identification:_identify(log) by extension 'ignore'
[0.224s] Level 1:colcon.colcon_core.package_identification:_identify(log) ignored
[0.224s] Level 1:colcon.colcon_core.package_identification:_identify(src) by extensions ['ignore', 'ignore_ament_install']
[0.225s] Level 1:colcon.colcon_core.package_identification:_identify(src) by extension 'ignore'
[0.225s] Level 1:colcon.colcon_core.package_identification:_identify(src) by extension 'ignore_ament_install'
[0.225s] Level 1:colcon.colcon_core.package_identification:_identify(src) by extensions ['colcon_pkg']
[0.225s] Level 1:colcon.colcon_core.package_identification:_identify(src) by extension 'colcon_pkg'
[0.225s] Level 1:colcon.colcon_core.package_identification:_identify(src) by extensions ['colcon_meta']
[0.225s] Level 1:colcon.colcon_core.package_identification:_identify(src) by extension 'colcon_meta'
[0.225s] Level 1:colcon.colcon_core.package_identification:_identify(src) by extensions ['ros']
[0.225s] Level 1:colcon.colcon_core.package_identification:_identify(src) by extension 'ros'
[0.225s] Level 1:colcon.colcon_core.package_identification:_identify(src) by extensions ['cmake', 'python']
[0.225s] Level 1:colcon.colcon_core.package_identification:_identify(src) by extension 'cmake'
[0.225s] Level 1:colcon.colcon_core.package_identification:_identify(src) by extension 'python'
[0.225s] Level 1:colcon.colcon_core.package_identification:_identify(src) by extensions ['python_setup_py']
[0.225s] Level 1:colcon.colcon_core.package_identification:_identify(src) by extension 'python_setup_py'
[0.225s] Level 1:colcon.colcon_core.package_identification:_identify(src/multi_robot_exploration) by extensions ['ignore', 'ignore_ament_install']
[0.225s] Level 1:colcon.colcon_core.package_identification:_identify(src/multi_robot_exploration) by extension 'ignore'
[0.225s] Level 1:colcon.colcon_core.package_identification:_identify(src/multi_robot_exploration) by extension 'ignore_ament_install'
[0.225s] Level 1:colcon.colcon_core.package_identification:_identify(src/multi_robot_exploration) by extensions ['colcon_pkg']
[0.225s] Level 1:colcon.colcon_core.package_identification:_identify(src/multi_robot_exploration) by extension 'colcon_pkg'
[0.225s] Level 1:colcon.colcon_core.package_identification:_identify(src/multi_robot_exploration) by extensions ['colcon_meta']
[0.225s] Level 1:colcon.colcon_core.package_identification:_identify(src/multi_robot_exploration) by extension 'colcon_meta'
[0.225s] Level 1:colcon.colcon_core.package_identification:_identify(src/multi_robot_exploration) by extensions ['ros']
[0.225s] Level 1:colcon.colcon_core.package_identification:_identify(src/multi_robot_exploration) by extension 'ros'
[0.227s] DEBUG:colcon.colcon_core.package_identification:Package 'src/multi_robot_exploration' with type 'ros.ament_cmake' and name 'multi_robot_exploration'
[0.227s] Level 1:colcon.colcon_core.package_identification:_identify(src/multi_robot_slam) by extensions ['ignore', 'ignore_ament_install']
[0.227s] Level 1:colcon.colcon_core.package_identification:_identify(src/multi_robot_slam) by extension 'ignore'
[0.227s] Level 1:colcon.colcon_core.package_identification:_identify(src/multi_robot_slam) by extension 'ignore_ament_install'
[0.227s] Level 1:colcon.colcon_core.package_identification:_identify(src/multi_robot_slam) by extensions ['colcon_pkg']
[0.227s] Level 1:colcon.colcon_core.package_identification:_identify(src/multi_robot_slam) by extension 'colcon_pkg'
[0.227s] Level 1:colcon.colcon_core.package_identification:_identify(src/multi_robot_slam) by extensions ['colcon_meta']
[0.227s] Level 1:colcon.colcon_core.package_identification:_identify(src/multi_robot_slam) by extension 'colcon_meta'
[0.227s] Level 1:colcon.colcon_core.package_identification:_identify(src/multi_robot_slam) by extensions ['ros']
[0.227s] Level 1:colcon.colcon_core.package_identification:_identify(src/multi_robot_slam) by extension 'ros'
[0.228s] DEBUG:colcon.colcon_core.package_identification:Package 'src/multi_robot_slam' with type 'ros.ament_cmake' and name 'multi_robot_slam'
[0.228s] Level 1:colcon.colcon_core.package_identification:_identify(src/robot_description) by extensions ['ignore', 'ignore_ament_install']
[0.228s] Level 1:colcon.colcon_core.package_identification:_identify(src/robot_description) by extension 'ignore'
[0.228s] Level 1:colcon.colcon_core.package_identification:_identify(src/robot_description) by extension 'ignore_ament_install'
[0.228s] Level 1:colcon.colcon_core.package_identification:_identify(src/robot_description) by extensions ['colcon_pkg']
[0.228s] Level 1:colcon.colcon_core.package_identification:_identify(src/robot_description) by extension 'colcon_pkg'
[0.228s] Level 1:colcon.colcon_core.package_identification:_identify(src/robot_description) by extensions ['colcon_meta']
[0.228s] Level 1:colcon.colcon_core.package_identification:_identify(src/robot_description) by extension 'colcon_meta'
[0.228s] Level 1:colcon.colcon_core.package_identification:_identify(src/robot_description) by extensions ['ros']
[0.228s] Level 1:colcon.colcon_core.package_identification:_identify(src/robot_description) by extension 'ros'
[0.229s] DEBUG:colcon.colcon_core.package_identification:Package 'src/robot_description' with type 'ros.ament_cmake' and name 'robot_description'
[0.229s] Level 1:colcon.colcon_core.package_identification:_identify(src/uwb_simulation) by extensions ['ignore', 'ignore_ament_install']
[0.229s] Level 1:colcon.colcon_core.package_identification:_identify(src/uwb_simulation) by extension 'ignore'
[0.229s] Level 1:colcon.colcon_core.package_identification:_identify(src/uwb_simulation) by extension 'ignore_ament_install'
[0.229s] Level 1:colcon.colcon_core.package_identification:_identify(src/uwb_simulation) by extensions ['colcon_pkg']
[0.229s] Level 1:colcon.colcon_core.package_identification:_identify(src/uwb_simulation) by extension 'colcon_pkg'
[0.229s] Level 1:colcon.colcon_core.package_identification:_identify(src/uwb_simulation) by extensions ['colcon_meta']
[0.229s] Level 1:colcon.colcon_core.package_identification:_identify(src/uwb_simulation) by extension 'colcon_meta'
[0.229s] Level 1:colcon.colcon_core.package_identification:_identify(src/uwb_simulation) by extensions ['ros']
[0.229s] Level 1:colcon.colcon_core.package_identification:_identify(src/uwb_simulation) by extension 'ros'
[0.229s] DEBUG:colcon.colcon_core.package_identification:Package 'src/uwb_simulation' with type 'ros.ament_cmake' and name 'uwb_simulation'
[0.230s] Level 1:colcon.colcon_core.package_discovery:discover_packages(recursive) using defaults
[0.230s] Level 1:colcon.colcon_core.package_discovery:discover_packages(ignore) discover
[0.230s] Level 1:colcon.colcon_core.package_discovery:discover_packages(ignore) using defaults
[0.230s] Level 1:colcon.colcon_core.package_discovery:discover_packages(path) discover
[0.230s] Level 1:colcon.colcon_core.package_discovery:discover_packages(path) using defaults
[0.256s] INFO:colcon.colcon_core.package_selection:Skipping not selected package 'multi_robot_exploration' in 'src/multi_robot_exploration'
[0.256s] INFO:colcon.colcon_core.package_selection:Skipping not selected package 'robot_description' in 'src/robot_description'
[0.256s] INFO:colcon.colcon_core.package_selection:Skipping not selected package 'uwb_simulation' in 'src/uwb_simulation'
[0.256s] Level 1:colcon.colcon_core.package_discovery:discover_packages(prefix_path) check parameters
[0.256s] Level 1:colcon.colcon_core.package_discovery:discover_packages(prefix_path) discover
[0.258s] DEBUG:colcon.colcon_installed_package_information.package_discovery:Found 370 installed packages in /opt/ros/humble
[0.259s] Level 1:colcon.colcon_core.package_discovery:discover_packages(prefix_path) using defaults
[0.289s] Level 5:colcon.colcon_core.verb:set package 'multi_robot_slam' build argument 'cmake_args' from command line to 'None'
[0.289s] Level 5:colcon.colcon_core.verb:set package 'multi_robot_slam' build argument 'cmake_target' from command line to 'None'
[0.289s] Level 5:colcon.colcon_core.verb:set package 'multi_robot_slam' build argument 'cmake_target_skip_unavailable' from command line to 'False'
[0.289s] Level 5:colcon.colcon_core.verb:set package 'multi_robot_slam' build argument 'cmake_clean_cache' from command line to 'False'
[0.289s] Level 5:colcon.colcon_core.verb:set package 'multi_robot_slam' build argument 'cmake_clean_first' from command line to 'False'
[0.289s] Level 5:colcon.colcon_core.verb:set package 'multi_robot_slam' build argument 'cmake_force_configure' from command line to 'False'
[0.289s] Level 5:colcon.colcon_core.verb:set package 'multi_robot_slam' build argument 'ament_cmake_args' from command line to 'None'
[0.289s] Level 5:colcon.colcon_core.verb:set package 'multi_robot_slam' build argument 'catkin_cmake_args' from command line to 'None'
[0.289s] Level 5:colcon.colcon_core.verb:set package 'multi_robot_slam' build argument 'catkin_skip_building_tests' from command line to 'False'
[0.289s] DEBUG:colcon.colcon_core.verb:Building package 'multi_robot_slam' with the following arguments: {'ament_cmake_args': None, 'build_base': '/home/nangao/multi_explore/multi-robot-slam/build/multi_robot_slam', 'catkin_cmake_args': None, 'catkin_skip_building_tests': False, 'cmake_args': None, 'cmake_clean_cache': False, 'cmake_clean_first': False, 'cmake_force_configure': False, 'cmake_target': None, 'cmake_target_skip_unavailable': False, 'install_base': '/home/nangao/multi_explore/multi-robot-slam/install/multi_robot_slam', 'merge_install': False, 'path': '/home/nangao/multi_explore/multi-robot-slam/src/multi_robot_slam', 'symlink_install': False, 'test_result_base': None}
[0.289s] INFO:colcon.colcon_core.executor:Executing jobs using 'parallel' executor
[0.291s] DEBUG:colcon.colcon_parallel_executor.executor.parallel:run_until_complete
[0.291s] INFO:colcon.colcon_ros.task.ament_cmake.build:Building ROS package in '/home/nangao/multi_explore/multi-robot-slam/src/multi_robot_slam' with build type 'ament_cmake'
[0.291s] INFO:colcon.colcon_cmake.task.cmake.build:Building CMake package in '/home/nangao/multi_explore/multi-robot-slam/src/multi_robot_slam'
[0.294s] INFO:colcon.colcon_core.plugin_system:Skipping extension 'colcon_core.shell.bat': Not used on non-Windows systems
[0.294s] INFO:colcon.colcon_core.shell:Skip shell extension 'powershell' for command environment: Not usable outside of PowerShell
[0.294s] DEBUG:colcon.colcon_core.shell:Skip shell extension 'dsv' for command environment
[0.310s] DEBUG:colcon.colcon_core.event_handler.log_command:Invoking command in '/home/nangao/multi_explore/multi-robot-slam/build/multi_robot_slam': CMAKE_PREFIX_PATH=/opt/ros/humble /usr/bin/cmake --build /home/nangao/multi_explore/multi-robot-slam/build/multi_robot_slam -- -j8 -l8
[0.628s] DEBUG:colcon.colcon_core.event_handler.log_command:Invoked command in '/home/nangao/multi_explore/multi-robot-slam/build/multi_robot_slam' returned '0': CMAKE_PREFIX_PATH=/opt/ros/humble /usr/bin/cmake --build /home/nangao/multi_explore/multi-robot-slam/build/multi_robot_slam -- -j8 -l8
[0.640s] DEBUG:colcon.colcon_core.event_handler.log_command:Invoking command in '/home/nangao/multi_explore/multi-robot-slam/build/multi_robot_slam': CMAKE_PREFIX_PATH=/opt/ros/humble /usr/bin/cmake --install /home/nangao/multi_explore/multi-robot-slam/build/multi_robot_slam
[0.689s] Level 1:colcon.colcon_core.environment:create_environment_scripts_only(multi_robot_slam)
[0.690s] DEBUG:colcon.colcon_core.event_handler.log_command:Invoked command in '/home/nangao/multi_explore/multi-robot-slam/build/multi_robot_slam' returned '0': CMAKE_PREFIX_PATH=/opt/ros/humble /usr/bin/cmake --install /home/nangao/multi_explore/multi-robot-slam/build/multi_robot_slam
[0.692s] Level 1:colcon.colcon_core.environment:checking '/home/nangao/multi_explore/multi-robot-slam/install/multi_robot_slam' for CMake module files
[0.693s] Level 1:colcon.colcon_core.environment:checking '/home/nangao/multi_explore/multi-robot-slam/install/multi_robot_slam' for CMake config files
[0.693s] Level 1:colcon.colcon_core.shell:create_environment_hook('multi_robot_slam', 'cmake_prefix_path')
[0.693s] INFO:colcon.colcon_core.shell:Creating environment hook '/home/nangao/multi_explore/multi-robot-slam/install/multi_robot_slam/share/multi_robot_slam/hook/cmake_prefix_path.ps1'
[0.694s] INFO:colcon.colcon_core.shell:Creating environment descriptor '/home/nangao/multi_explore/multi-robot-slam/install/multi_robot_slam/share/multi_robot_slam/hook/cmake_prefix_path.dsv'
[0.694s] INFO:colcon.colcon_core.shell:Creating environment hook '/home/nangao/multi_explore/multi-robot-slam/install/multi_robot_slam/share/multi_robot_slam/hook/cmake_prefix_path.sh'
[0.695s] Level 1:colcon.colcon_core.environment:checking '/home/nangao/multi_explore/multi-robot-slam/install/multi_robot_slam/lib'
[0.696s] Level 1:colcon.colcon_core.shell:create_environment_hook('multi_robot_slam', 'ld_library_path_lib')
[0.696s] INFO:colcon.colcon_core.shell:Creating environment hook '/home/nangao/multi_explore/multi-robot-slam/install/multi_robot_slam/share/multi_robot_slam/hook/ld_library_path_lib.ps1'
[0.696s] INFO:colcon.colcon_core.shell:Creating environment descriptor '/home/nangao/multi_explore/multi-robot-slam/install/multi_robot_slam/share/multi_robot_slam/hook/ld_library_path_lib.dsv'
[0.696s] INFO:colcon.colcon_core.shell:Creating environment hook '/home/nangao/multi_explore/multi-robot-slam/install/multi_robot_slam/share/multi_robot_slam/hook/ld_library_path_lib.sh'
[0.697s] Level 1:colcon.colcon_core.environment:checking '/home/nangao/multi_explore/multi-robot-slam/install/multi_robot_slam/bin'
[0.697s] Level 1:colcon.colcon_core.environment:checking '/home/nangao/multi_explore/multi-robot-slam/install/multi_robot_slam/lib/pkgconfig/multi_robot_slam.pc'
[0.697s] Level 1:colcon.colcon_core.environment:checking '/home/nangao/multi_explore/multi-robot-slam/install/multi_robot_slam/lib/python3.10/site-packages'
[0.697s] Level 1:colcon.colcon_core.environment:checking '/home/nangao/multi_explore/multi-robot-slam/install/multi_robot_slam/bin'
[0.698s] INFO:colcon.colcon_core.shell:Creating package script '/home/nangao/multi_explore/multi-robot-slam/install/multi_robot_slam/share/multi_robot_slam/package.ps1'
[0.699s] INFO:colcon.colcon_core.shell:Creating package descriptor '/home/nangao/multi_explore/multi-robot-slam/install/multi_robot_slam/share/multi_robot_slam/package.dsv'
[0.700s] INFO:colcon.colcon_core.shell:Creating package script '/home/nangao/multi_explore/multi-robot-slam/install/multi_robot_slam/share/multi_robot_slam/package.sh'
[0.700s] INFO:colcon.colcon_core.shell:Creating package script '/home/nangao/multi_explore/multi-robot-slam/install/multi_robot_slam/share/multi_robot_slam/package.bash'
[0.701s] INFO:colcon.colcon_core.shell:Creating package script '/home/nangao/multi_explore/multi-robot-slam/install/multi_robot_slam/share/multi_robot_slam/package.zsh'
[0.701s] Level 1:colcon.colcon_core.environment:create_file_with_runtime_dependencies(/home/nangao/multi_explore/multi-robot-slam/install/multi_robot_slam/share/colcon-core/packages/multi_robot_slam)
[0.702s] Level 1:colcon.colcon_core.environment:create_environment_scripts_only(multi_robot_slam)
[0.702s] Level 1:colcon.colcon_core.environment:checking '/home/nangao/multi_explore/multi-robot-slam/install/multi_robot_slam' for CMake module files
[0.703s] Level 1:colcon.colcon_core.environment:checking '/home/nangao/multi_explore/multi-robot-slam/install/multi_robot_slam' for CMake config files
[0.703s] Level 1:colcon.colcon_core.shell:create_environment_hook('multi_robot_slam', 'cmake_prefix_path')
[0.703s] INFO:colcon.colcon_core.shell:Creating environment hook '/home/nangao/multi_explore/multi-robot-slam/install/multi_robot_slam/share/multi_robot_slam/hook/cmake_prefix_path.ps1'
[0.704s] INFO:colcon.colcon_core.shell:Creating environment descriptor '/home/nangao/multi_explore/multi-robot-slam/install/multi_robot_slam/share/multi_robot_slam/hook/cmake_prefix_path.dsv'
[0.704s] INFO:colcon.colcon_core.shell:Creating environment hook '/home/nangao/multi_explore/multi-robot-slam/install/multi_robot_slam/share/multi_robot_slam/hook/cmake_prefix_path.sh'
[0.705s] Level 1:colcon.colcon_core.environment:checking '/home/nangao/multi_explore/multi-robot-slam/install/multi_robot_slam/lib'
[0.705s] Level 1:colcon.colcon_core.shell:create_environment_hook('multi_robot_slam', 'ld_library_path_lib')
[0.705s] INFO:colcon.colcon_core.shell:Creating environment hook '/home/nangao/multi_explore/multi-robot-slam/install/multi_robot_slam/share/multi_robot_slam/hook/ld_library_path_lib.ps1'
[0.705s] INFO:colcon.colcon_core.shell:Creating environment descriptor '/home/nangao/multi_explore/multi-robot-slam/install/multi_robot_slam/share/multi_robot_slam/hook/ld_library_path_lib.dsv'
[0.705s] INFO:colcon.colcon_core.shell:Creating environment hook '/home/nangao/multi_explore/multi-robot-slam/install/multi_robot_slam/share/multi_robot_slam/hook/ld_library_path_lib.sh'
[0.706s] Level 1:colcon.colcon_core.environment:checking '/home/nangao/multi_explore/multi-robot-slam/install/multi_robot_slam/bin'
[0.706s] Level 1:colcon.colcon_core.environment:checking '/home/nangao/multi_explore/multi-robot-slam/install/multi_robot_slam/lib/pkgconfig/multi_robot_slam.pc'
[0.706s] Level 1:colcon.colcon_core.environment:checking '/home/nangao/multi_explore/multi-robot-slam/install/multi_robot_slam/lib/python3.10/site-packages'
[0.706s] Level 1:colcon.colcon_core.environment:checking '/home/nangao/multi_explore/multi-robot-slam/install/multi_robot_slam/bin'
[0.706s] INFO:colcon.colcon_core.shell:Creating package script '/home/nangao/multi_explore/multi-robot-slam/install/multi_robot_slam/share/multi_robot_slam/package.ps1'
[0.707s] INFO:colcon.colcon_core.shell:Creating package descriptor '/home/nangao/multi_explore/multi-robot-slam/install/multi_robot_slam/share/multi_robot_slam/package.dsv'
[0.707s] INFO:colcon.colcon_core.shell:Creating package script '/home/nangao/multi_explore/multi-robot-slam/install/multi_robot_slam/share/multi_robot_slam/package.sh'
[0.708s] INFO:colcon.colcon_core.shell:Creating package script '/home/nangao/multi_explore/multi-robot-slam/install/multi_robot_slam/share/multi_robot_slam/package.bash'
[0.708s] INFO:colcon.colcon_core.shell:Creating package script '/home/nangao/multi_explore/multi-robot-slam/install/multi_robot_slam/share/multi_robot_slam/package.zsh'
[0.709s] Level 1:colcon.colcon_core.environment:create_file_with_runtime_dependencies(/home/nangao/multi_explore/multi-robot-slam/install/multi_robot_slam/share/colcon-core/packages/multi_robot_slam)
[0.709s] DEBUG:colcon.colcon_parallel_executor.executor.parallel:closing loop
[0.710s] DEBUG:colcon.colcon_parallel_executor.executor.parallel:loop closed
[0.710s] DEBUG:colcon.colcon_parallel_executor.executor.parallel:run_until_complete finished with '0'
[0.710s] DEBUG:colcon.colcon_core.event_reactor:joining thread
[0.715s] INFO:colcon.colcon_core.plugin_system:Skipping extension 'colcon_notification.desktop_notification.terminal_notifier': Not used on non-Darwin systems
[0.715s] INFO:colcon.colcon_core.plugin_system:Skipping extension 'colcon_notification.desktop_notification.win32': Not used on non-Windows systems
[0.715s] INFO:colcon.colcon_notification.desktop_notification:Sending desktop notification using 'notify2'
[0.733s] DEBUG:colcon.colcon_core.event_reactor:joined thread
[0.734s] INFO:colcon.colcon_core.shell:Creating prefix script '/home/nangao/multi_explore/multi-robot-slam/install/local_setup.ps1'
[0.736s] INFO:colcon.colcon_core.shell:Creating prefix util module '/home/nangao/multi_explore/multi-robot-slam/install/_local_setup_util_ps1.py'
[0.738s] INFO:colcon.colcon_core.shell:Creating prefix chain script '/home/nangao/multi_explore/multi-robot-slam/install/setup.ps1'
[0.739s] INFO:colcon.colcon_core.shell:Creating prefix script '/home/nangao/multi_explore/multi-robot-slam/install/local_setup.sh'
[0.740s] INFO:colcon.colcon_core.shell:Creating prefix util module '/home/nangao/multi_explore/multi-robot-slam/install/_local_setup_util_sh.py'
[0.741s] INFO:colcon.colcon_core.shell:Creating prefix chain script '/home/nangao/multi_explore/multi-robot-slam/install/setup.sh'
[0.742s] INFO:colcon.colcon_core.shell:Creating prefix script '/home/nangao/multi_explore/multi-robot-slam/install/local_setup.bash'
[0.743s] INFO:colcon.colcon_core.shell:Creating prefix chain script '/home/nangao/multi_explore/multi-robot-slam/install/setup.bash'
[0.744s] INFO:colcon.colcon_core.shell:Creating prefix script '/home/nangao/multi_explore/multi-robot-slam/install/local_setup.zsh'
[0.745s] INFO:colcon.colcon_core.shell:Creating prefix chain script '/home/nangao/multi_explore/multi-robot-slam/install/setup.zsh'
