[0.023s] Invoking command in '/home/nangao/multi_explore/multi-robot-slam/build/multi_robot_slam': CMAKE_PREFIX_PATH=${CMAKE_PREFIX_PATH}:/opt/ros/humble /usr/bin/cmake --build /home/nangao/multi_explore/multi-robot-slam/build/multi_robot_slam -- -j8 -l8
[0.117s] [  1%] Built target multi_robot_slam__cpp
[0.124s] [ 12%] Built target multi_robot_slam__rosidl_generator_c
[0.139s] [ 12%] Built target ament_cmake_python_copy_multi_robot_slam
[0.170s] [ 23%] Built target multi_robot_slam__rosidl_typesupport_cpp
[0.175s] [ 34%] Built target multi_robot_slam__rosidl_typesupport_introspection_c
[0.178s] [ 45%] Built target multi_robot_slam__rosidl_typesupport_c
[0.179s] [ 56%] Built target multi_robot_slam__rosidl_typesupport_introspection_cpp
[0.183s] [ 67%] Built target multi_robot_slam__rosidl_typesupport_fastrtps_c
[0.184s] [ 78%] Built target multi_robot_slam__rosidl_typesupport_fastrtps_cpp
[0.213s] [ 78%] Built target multi_robot_slam
[0.243s] [ 80%] Built target multi_robot_slam__py
[0.268s] [ 89%] Built target multi_robot_slam__rosidl_generator_py
[0.290s] [ 92%] Built target multi_robot_slam__rosidl_typesupport_c__pyext
[0.293s] [ 96%] Built target multi_robot_slam__rosidl_typesupport_fastrtps_c__pyext
[0.295s] [100%] Built target multi_robot_slam__rosidl_typesupport_introspection_c__pyext
[0.371s] running egg_info
[0.372s] writing multi_robot_slam.egg-info/PKG-INFO
[0.373s] writing dependency_links to multi_robot_slam.egg-info/dependency_links.txt
[0.373s] writing top-level names to multi_robot_slam.egg-info/top_level.txt
[0.374s] reading manifest file 'multi_robot_slam.egg-info/SOURCES.txt'
[0.374s] writing manifest file 'multi_robot_slam.egg-info/SOURCES.txt'
[0.397s] [100%] Built target ament_cmake_python_build_multi_robot_slam_egg
[0.409s] Invoked command in '/home/nangao/multi_explore/multi-robot-slam/build/multi_robot_slam' returned '0': CMAKE_PREFIX_PATH=${CMAKE_PREFIX_PATH}:/opt/ros/humble /usr/bin/cmake --build /home/nangao/multi_explore/multi-robot-slam/build/multi_robot_slam -- -j8 -l8
[0.411s] Invoking command in '/home/nangao/multi_explore/multi-robot-slam/build/multi_robot_slam': CMAKE_PREFIX_PATH=${CMAKE_PREFIX_PATH}:/opt/ros/humble /usr/bin/cmake --install /home/nangao/multi_explore/multi-robot-slam/build/multi_robot_slam
[0.418s] -- Install configuration: ""
[0.419s] -- Up-to-date: /home/nangao/multi_explore/multi-robot-slam/install/multi_robot_slam/share/ament_index/resource_index/rosidl_interfaces/multi_robot_slam
[0.419s] -- Up-to-date: /home/nangao/multi_explore/multi-robot-slam/install/multi_robot_slam/include/multi_robot_slam/multi_robot_slam
[0.419s] -- Up-to-date: /home/nangao/multi_explore/multi-robot-slam/install/multi_robot_slam/include/multi_robot_slam/multi_robot_slam/msg
[0.419s] -- Up-to-date: /home/nangao/multi_explore/multi-robot-slam/install/multi_robot_slam/include/multi_robot_slam/multi_robot_slam/msg/rosidl_generator_c__visibility_control.h
[0.420s] -- Up-to-date: /home/nangao/multi_explore/multi-robot-slam/install/multi_robot_slam/include/multi_robot_slam/multi_robot_slam/msg/map_merge_status.h
[0.420s] -- Up-to-date: /home/nangao/multi_explore/multi-robot-slam/install/multi_robot_slam/include/multi_robot_slam/multi_robot_slam/msg/detail
[0.420s] -- Up-to-date: /home/nangao/multi_explore/multi-robot-slam/install/multi_robot_slam/include/multi_robot_slam/multi_robot_slam/msg/detail/pose_graph_edge__functions.c
[0.420s] -- Up-to-date: /home/nangao/multi_explore/multi-robot-slam/install/multi_robot_slam/include/multi_robot_slam/multi_robot_slam/msg/detail/pose_graph_edge__functions.h
[0.420s] -- Up-to-date: /home/nangao/multi_explore/multi-robot-slam/install/multi_robot_slam/include/multi_robot_slam/multi_robot_slam/msg/detail/pose_graph_node__functions.c
[0.420s] -- Up-to-date: /home/nangao/multi_explore/multi-robot-slam/install/multi_robot_slam/include/multi_robot_slam/multi_robot_slam/msg/detail/map_merge_status__functions.h
[0.420s] -- Up-to-date: /home/nangao/multi_explore/multi-robot-slam/install/multi_robot_slam/include/multi_robot_slam/multi_robot_slam/msg/detail/pose_graph_node__functions.h
[0.420s] -- Up-to-date: /home/nangao/multi_explore/multi-robot-slam/install/multi_robot_slam/include/multi_robot_slam/multi_robot_slam/msg/detail/pose_graph_node__type_support.h
[0.420s] -- Up-to-date: /home/nangao/multi_explore/multi-robot-slam/install/multi_robot_slam/include/multi_robot_slam/multi_robot_slam/msg/detail/pose_graph_edge__struct.h
[0.420s] -- Up-to-date: /home/nangao/multi_explore/multi-robot-slam/install/multi_robot_slam/include/multi_robot_slam/multi_robot_slam/msg/detail/pose_graph__functions.h
[0.420s] -- Up-to-date: /home/nangao/multi_explore/multi-robot-slam/install/multi_robot_slam/include/multi_robot_slam/multi_robot_slam/msg/detail/pose_graph__functions.c
[0.420s] -- Up-to-date: /home/nangao/multi_explore/multi-robot-slam/install/multi_robot_slam/include/multi_robot_slam/multi_robot_slam/msg/detail/map_merge_status__struct.h
[0.420s] -- Up-to-date: /home/nangao/multi_explore/multi-robot-slam/install/multi_robot_slam/include/multi_robot_slam/multi_robot_slam/msg/detail/map_merge_status__type_support.h
[0.421s] -- Up-to-date: /home/nangao/multi_explore/multi-robot-slam/install/multi_robot_slam/include/multi_robot_slam/multi_robot_slam/msg/detail/pose_graph__struct.h
[0.421s] -- Up-to-date: /home/nangao/multi_explore/multi-robot-slam/install/multi_robot_slam/include/multi_robot_slam/multi_robot_slam/msg/detail/pose_graph_edge__type_support.h
[0.421s] -- Up-to-date: /home/nangao/multi_explore/multi-robot-slam/install/multi_robot_slam/include/multi_robot_slam/multi_robot_slam/msg/detail/pose_graph_node__struct.h
[0.421s] -- Up-to-date: /home/nangao/multi_explore/multi-robot-slam/install/multi_robot_slam/include/multi_robot_slam/multi_robot_slam/msg/detail/map_merge_status__functions.c
[0.421s] -- Up-to-date: /home/nangao/multi_explore/multi-robot-slam/install/multi_robot_slam/include/multi_robot_slam/multi_robot_slam/msg/detail/pose_graph__type_support.h
[0.421s] -- Up-to-date: /home/nangao/multi_explore/multi-robot-slam/install/multi_robot_slam/include/multi_robot_slam/multi_robot_slam/msg/pose_graph.h
[0.421s] -- Up-to-date: /home/nangao/multi_explore/multi-robot-slam/install/multi_robot_slam/include/multi_robot_slam/multi_robot_slam/msg/pose_graph_node.h
[0.421s] -- Up-to-date: /home/nangao/multi_explore/multi-robot-slam/install/multi_robot_slam/include/multi_robot_slam/multi_robot_slam/msg/pose_graph_edge.h
[0.422s] -- Up-to-date: /home/nangao/multi_explore/multi-robot-slam/install/multi_robot_slam/share/multi_robot_slam/environment/library_path.sh
[0.422s] -- Up-to-date: /home/nangao/multi_explore/multi-robot-slam/install/multi_robot_slam/share/multi_robot_slam/environment/library_path.dsv
[0.422s] -- Up-to-date: /home/nangao/multi_explore/multi-robot-slam/install/multi_robot_slam/lib/libmulti_robot_slam__rosidl_generator_c.so
[0.422s] -- Up-to-date: /home/nangao/multi_explore/multi-robot-slam/install/multi_robot_slam/include/multi_robot_slam/multi_robot_slam
[0.422s] -- Up-to-date: /home/nangao/multi_explore/multi-robot-slam/install/multi_robot_slam/include/multi_robot_slam/multi_robot_slam/msg
[0.422s] -- Up-to-date: /home/nangao/multi_explore/multi-robot-slam/install/multi_robot_slam/include/multi_robot_slam/multi_robot_slam/msg/detail
[0.422s] -- Up-to-date: /home/nangao/multi_explore/multi-robot-slam/install/multi_robot_slam/include/multi_robot_slam/multi_robot_slam/msg/detail/pose_graph_edge__rosidl_typesupport_fastrtps_c.h
[0.422s] -- Up-to-date: /home/nangao/multi_explore/multi-robot-slam/install/multi_robot_slam/include/multi_robot_slam/multi_robot_slam/msg/detail/pose_graph__rosidl_typesupport_fastrtps_c.h
[0.422s] -- Up-to-date: /home/nangao/multi_explore/multi-robot-slam/install/multi_robot_slam/include/multi_robot_slam/multi_robot_slam/msg/detail/pose_graph_node__rosidl_typesupport_fastrtps_c.h
[0.422s] -- Up-to-date: /home/nangao/multi_explore/multi-robot-slam/install/multi_robot_slam/include/multi_robot_slam/multi_robot_slam/msg/detail/map_merge_status__rosidl_typesupport_fastrtps_c.h
[0.422s] -- Up-to-date: /home/nangao/multi_explore/multi-robot-slam/install/multi_robot_slam/include/multi_robot_slam/multi_robot_slam/msg/rosidl_typesupport_fastrtps_c__visibility_control.h
[0.422s] -- Up-to-date: /home/nangao/multi_explore/multi-robot-slam/install/multi_robot_slam/lib/libmulti_robot_slam__rosidl_typesupport_fastrtps_c.so
[0.422s] -- Up-to-date: /home/nangao/multi_explore/multi-robot-slam/install/multi_robot_slam/include/multi_robot_slam/multi_robot_slam
[0.422s] -- Up-to-date: /home/nangao/multi_explore/multi-robot-slam/install/multi_robot_slam/include/multi_robot_slam/multi_robot_slam/msg
[0.422s] -- Up-to-date: /home/nangao/multi_explore/multi-robot-slam/install/multi_robot_slam/include/multi_robot_slam/multi_robot_slam/msg/rosidl_typesupport_introspection_c__visibility_control.h
[0.422s] -- Up-to-date: /home/nangao/multi_explore/multi-robot-slam/install/multi_robot_slam/include/multi_robot_slam/multi_robot_slam/msg/detail
[0.422s] -- Up-to-date: /home/nangao/multi_explore/multi-robot-slam/install/multi_robot_slam/include/multi_robot_slam/multi_robot_slam/msg/detail/pose_graph_node__rosidl_typesupport_introspection_c.h
[0.422s] -- Up-to-date: /home/nangao/multi_explore/multi-robot-slam/install/multi_robot_slam/include/multi_robot_slam/multi_robot_slam/msg/detail/pose_graph_edge__type_support.c
[0.423s] -- Up-to-date: /home/nangao/multi_explore/multi-robot-slam/install/multi_robot_slam/include/multi_robot_slam/multi_robot_slam/msg/detail/pose_graph__rosidl_typesupport_introspection_c.h
[0.423s] -- Up-to-date: /home/nangao/multi_explore/multi-robot-slam/install/multi_robot_slam/include/multi_robot_slam/multi_robot_slam/msg/detail/pose_graph__type_support.c
[0.423s] -- Up-to-date: /home/nangao/multi_explore/multi-robot-slam/install/multi_robot_slam/include/multi_robot_slam/multi_robot_slam/msg/detail/pose_graph_node__type_support.c
[0.423s] -- Up-to-date: /home/nangao/multi_explore/multi-robot-slam/install/multi_robot_slam/include/multi_robot_slam/multi_robot_slam/msg/detail/map_merge_status__type_support.c
[0.423s] -- Up-to-date: /home/nangao/multi_explore/multi-robot-slam/install/multi_robot_slam/include/multi_robot_slam/multi_robot_slam/msg/detail/map_merge_status__rosidl_typesupport_introspection_c.h
[0.423s] -- Up-to-date: /home/nangao/multi_explore/multi-robot-slam/install/multi_robot_slam/include/multi_robot_slam/multi_robot_slam/msg/detail/pose_graph_edge__rosidl_typesupport_introspection_c.h
[0.423s] -- Up-to-date: /home/nangao/multi_explore/multi-robot-slam/install/multi_robot_slam/lib/libmulti_robot_slam__rosidl_typesupport_introspection_c.so
[0.423s] -- Up-to-date: /home/nangao/multi_explore/multi-robot-slam/install/multi_robot_slam/lib/libmulti_robot_slam__rosidl_typesupport_c.so
[0.423s] -- Up-to-date: /home/nangao/multi_explore/multi-robot-slam/install/multi_robot_slam/include/multi_robot_slam/multi_robot_slam
[0.423s] -- Up-to-date: /home/nangao/multi_explore/multi-robot-slam/install/multi_robot_slam/include/multi_robot_slam/multi_robot_slam/msg
[0.423s] -- Up-to-date: /home/nangao/multi_explore/multi-robot-slam/install/multi_robot_slam/include/multi_robot_slam/multi_robot_slam/msg/pose_graph_node.hpp
[0.423s] -- Up-to-date: /home/nangao/multi_explore/multi-robot-slam/install/multi_robot_slam/include/multi_robot_slam/multi_robot_slam/msg/pose_graph_edge.hpp
[0.423s] -- Up-to-date: /home/nangao/multi_explore/multi-robot-slam/install/multi_robot_slam/include/multi_robot_slam/multi_robot_slam/msg/map_merge_status.hpp
[0.423s] -- Up-to-date: /home/nangao/multi_explore/multi-robot-slam/install/multi_robot_slam/include/multi_robot_slam/multi_robot_slam/msg/rosidl_generator_cpp__visibility_control.hpp
[0.423s] -- Up-to-date: /home/nangao/multi_explore/multi-robot-slam/install/multi_robot_slam/include/multi_robot_slam/multi_robot_slam/msg/detail
[0.423s] -- Up-to-date: /home/nangao/multi_explore/multi-robot-slam/install/multi_robot_slam/include/multi_robot_slam/multi_robot_slam/msg/detail/map_merge_status__struct.hpp
[0.423s] -- Up-to-date: /home/nangao/multi_explore/multi-robot-slam/install/multi_robot_slam/include/multi_robot_slam/multi_robot_slam/msg/detail/pose_graph__builder.hpp
[0.423s] -- Up-to-date: /home/nangao/multi_explore/multi-robot-slam/install/multi_robot_slam/include/multi_robot_slam/multi_robot_slam/msg/detail/pose_graph_edge__type_support.hpp
[0.424s] -- Up-to-date: /home/nangao/multi_explore/multi-robot-slam/install/multi_robot_slam/include/multi_robot_slam/multi_robot_slam/msg/detail/pose_graph_node__traits.hpp
[0.425s] -- Up-to-date: /home/nangao/multi_explore/multi-robot-slam/install/multi_robot_slam/include/multi_robot_slam/multi_robot_slam/msg/detail/pose_graph_edge__builder.hpp
[0.425s] -- Up-to-date: /home/nangao/multi_explore/multi-robot-slam/install/multi_robot_slam/include/multi_robot_slam/multi_robot_slam/msg/detail/map_merge_status__traits.hpp
[0.425s] -- Up-to-date: /home/nangao/multi_explore/multi-robot-slam/install/multi_robot_slam/include/multi_robot_slam/multi_robot_slam/msg/detail/pose_graph_node__struct.hpp
[0.425s] -- Up-to-date: /home/nangao/multi_explore/multi-robot-slam/install/multi_robot_slam/include/multi_robot_slam/multi_robot_slam/msg/detail/pose_graph__type_support.hpp
[0.425s] -- Up-to-date: /home/nangao/multi_explore/multi-robot-slam/install/multi_robot_slam/include/multi_robot_slam/multi_robot_slam/msg/detail/pose_graph_node__builder.hpp
[0.426s] -- Up-to-date: /home/nangao/multi_explore/multi-robot-slam/install/multi_robot_slam/include/multi_robot_slam/multi_robot_slam/msg/detail/map_merge_status__type_support.hpp
[0.426s] -- Up-to-date: /home/nangao/multi_explore/multi-robot-slam/install/multi_robot_slam/include/multi_robot_slam/multi_robot_slam/msg/detail/map_merge_status__builder.hpp
[0.426s] -- Up-to-date: /home/nangao/multi_explore/multi-robot-slam/install/multi_robot_slam/include/multi_robot_slam/multi_robot_slam/msg/detail/pose_graph__struct.hpp
[0.426s] -- Up-to-date: /home/nangao/multi_explore/multi-robot-slam/install/multi_robot_slam/include/multi_robot_slam/multi_robot_slam/msg/detail/pose_graph_node__type_support.hpp
[0.427s] -- Up-to-date: /home/nangao/multi_explore/multi-robot-slam/install/multi_robot_slam/include/multi_robot_slam/multi_robot_slam/msg/detail/pose_graph__traits.hpp
[0.427s] -- Up-to-date: /home/nangao/multi_explore/multi-robot-slam/install/multi_robot_slam/include/multi_robot_slam/multi_robot_slam/msg/detail/pose_graph_edge__traits.hpp
[0.427s] -- Up-to-date: /home/nangao/multi_explore/multi-robot-slam/install/multi_robot_slam/include/multi_robot_slam/multi_robot_slam/msg/detail/pose_graph_edge__struct.hpp
[0.427s] -- Up-to-date: /home/nangao/multi_explore/multi-robot-slam/install/multi_robot_slam/include/multi_robot_slam/multi_robot_slam/msg/pose_graph.hpp
[0.427s] -- Up-to-date: /home/nangao/multi_explore/multi-robot-slam/install/multi_robot_slam/include/multi_robot_slam/multi_robot_slam
[0.427s] -- Up-to-date: /home/nangao/multi_explore/multi-robot-slam/install/multi_robot_slam/include/multi_robot_slam/multi_robot_slam/msg
[0.427s] -- Up-to-date: /home/nangao/multi_explore/multi-robot-slam/install/multi_robot_slam/include/multi_robot_slam/multi_robot_slam/msg/detail
[0.427s] -- Up-to-date: /home/nangao/multi_explore/multi-robot-slam/install/multi_robot_slam/include/multi_robot_slam/multi_robot_slam/msg/detail/pose_graph__rosidl_typesupport_fastrtps_cpp.hpp
[0.427s] -- Up-to-date: /home/nangao/multi_explore/multi-robot-slam/install/multi_robot_slam/include/multi_robot_slam/multi_robot_slam/msg/detail/pose_graph_edge__rosidl_typesupport_fastrtps_cpp.hpp
[0.427s] -- Up-to-date: /home/nangao/multi_explore/multi-robot-slam/install/multi_robot_slam/include/multi_robot_slam/multi_robot_slam/msg/detail/dds_fastrtps
[0.427s] -- Up-to-date: /home/nangao/multi_explore/multi-robot-slam/install/multi_robot_slam/include/multi_robot_slam/multi_robot_slam/msg/detail/pose_graph_node__rosidl_typesupport_fastrtps_cpp.hpp
[0.428s] -- Up-to-date: /home/nangao/multi_explore/multi-robot-slam/install/multi_robot_slam/include/multi_robot_slam/multi_robot_slam/msg/detail/map_merge_status__rosidl_typesupport_fastrtps_cpp.hpp
[0.428s] -- Up-to-date: /home/nangao/multi_explore/multi-robot-slam/install/multi_robot_slam/include/multi_robot_slam/multi_robot_slam/msg/rosidl_typesupport_fastrtps_cpp__visibility_control.h
[0.428s] -- Up-to-date: /home/nangao/multi_explore/multi-robot-slam/install/multi_robot_slam/lib/libmulti_robot_slam__rosidl_typesupport_fastrtps_cpp.so
[0.428s] -- Up-to-date: /home/nangao/multi_explore/multi-robot-slam/install/multi_robot_slam/include/multi_robot_slam/multi_robot_slam
[0.428s] -- Up-to-date: /home/nangao/multi_explore/multi-robot-slam/install/multi_robot_slam/include/multi_robot_slam/multi_robot_slam/msg
[0.428s] -- Up-to-date: /home/nangao/multi_explore/multi-robot-slam/install/multi_robot_slam/include/multi_robot_slam/multi_robot_slam/msg/detail
[0.428s] -- Up-to-date: /home/nangao/multi_explore/multi-robot-slam/install/multi_robot_slam/include/multi_robot_slam/multi_robot_slam/msg/detail/pose_graph_edge__rosidl_typesupport_introspection_cpp.hpp
[0.428s] -- Up-to-date: /home/nangao/multi_explore/multi-robot-slam/install/multi_robot_slam/include/multi_robot_slam/multi_robot_slam/msg/detail/pose_graph__type_support.cpp
[0.428s] -- Up-to-date: /home/nangao/multi_explore/multi-robot-slam/install/multi_robot_slam/include/multi_robot_slam/multi_robot_slam/msg/detail/map_merge_status__rosidl_typesupport_introspection_cpp.hpp
[0.428s] -- Up-to-date: /home/nangao/multi_explore/multi-robot-slam/install/multi_robot_slam/include/multi_robot_slam/multi_robot_slam/msg/detail/pose_graph__rosidl_typesupport_introspection_cpp.hpp
[0.428s] -- Up-to-date: /home/nangao/multi_explore/multi-robot-slam/install/multi_robot_slam/include/multi_robot_slam/multi_robot_slam/msg/detail/pose_graph_edge__type_support.cpp
[0.428s] -- Up-to-date: /home/nangao/multi_explore/multi-robot-slam/install/multi_robot_slam/include/multi_robot_slam/multi_robot_slam/msg/detail/map_merge_status__type_support.cpp
[0.428s] -- Up-to-date: /home/nangao/multi_explore/multi-robot-slam/install/multi_robot_slam/include/multi_robot_slam/multi_robot_slam/msg/detail/pose_graph_node__type_support.cpp
[0.428s] -- Up-to-date: /home/nangao/multi_explore/multi-robot-slam/install/multi_robot_slam/include/multi_robot_slam/multi_robot_slam/msg/detail/pose_graph_node__rosidl_typesupport_introspection_cpp.hpp
[0.428s] -- Up-to-date: /home/nangao/multi_explore/multi-robot-slam/install/multi_robot_slam/lib/libmulti_robot_slam__rosidl_typesupport_introspection_cpp.so
[0.428s] -- Up-to-date: /home/nangao/multi_explore/multi-robot-slam/install/multi_robot_slam/lib/libmulti_robot_slam__rosidl_typesupport_cpp.so
[0.428s] -- Up-to-date: /home/nangao/multi_explore/multi-robot-slam/install/multi_robot_slam/share/multi_robot_slam/environment/pythonpath.sh
[0.428s] -- Up-to-date: /home/nangao/multi_explore/multi-robot-slam/install/multi_robot_slam/share/multi_robot_slam/environment/pythonpath.dsv
[0.429s] -- Up-to-date: /home/nangao/multi_explore/multi-robot-slam/install/multi_robot_slam/local/lib/python3.10/dist-packages/multi_robot_slam-0.0.1-py3.10.egg-info
[0.429s] -- Installing: /home/nangao/multi_explore/multi-robot-slam/install/multi_robot_slam/local/lib/python3.10/dist-packages/multi_robot_slam-0.0.1-py3.10.egg-info/dependency_links.txt
[0.429s] -- Installing: /home/nangao/multi_explore/multi-robot-slam/install/multi_robot_slam/local/lib/python3.10/dist-packages/multi_robot_slam-0.0.1-py3.10.egg-info/PKG-INFO
[0.429s] -- Installing: /home/nangao/multi_explore/multi-robot-slam/install/multi_robot_slam/local/lib/python3.10/dist-packages/multi_robot_slam-0.0.1-py3.10.egg-info/SOURCES.txt
[0.429s] -- Installing: /home/nangao/multi_explore/multi-robot-slam/install/multi_robot_slam/local/lib/python3.10/dist-packages/multi_robot_slam-0.0.1-py3.10.egg-info/top_level.txt
[0.429s] -- Up-to-date: /home/nangao/multi_explore/multi-robot-slam/install/multi_robot_slam/local/lib/python3.10/dist-packages/multi_robot_slam
[0.429s] -- Up-to-date: /home/nangao/multi_explore/multi-robot-slam/install/multi_robot_slam/local/lib/python3.10/dist-packages/multi_robot_slam/libmulti_robot_slam__rosidl_generator_py.so
[0.429s] -- Up-to-date: /home/nangao/multi_explore/multi-robot-slam/install/multi_robot_slam/local/lib/python3.10/dist-packages/multi_robot_slam/_multi_robot_slam_s.ep.rosidl_typesupport_introspection_c.c
[0.429s] -- Up-to-date: /home/nangao/multi_explore/multi-robot-slam/install/multi_robot_slam/local/lib/python3.10/dist-packages/multi_robot_slam/_multi_robot_slam_s.ep.rosidl_typesupport_c.c
[0.429s] -- Up-to-date: /home/nangao/multi_explore/multi-robot-slam/install/multi_robot_slam/local/lib/python3.10/dist-packages/multi_robot_slam/multi_robot_slam_s__rosidl_typesupport_fastrtps_c.cpython-310-x86_64-linux-gnu.so
[0.429s] -- Up-to-date: /home/nangao/multi_explore/multi-robot-slam/install/multi_robot_slam/local/lib/python3.10/dist-packages/multi_robot_slam/msg
[0.429s] -- Up-to-date: /home/nangao/multi_explore/multi-robot-slam/install/multi_robot_slam/local/lib/python3.10/dist-packages/multi_robot_slam/msg/_pose_graph_edge_s.c
[0.429s] -- Up-to-date: /home/nangao/multi_explore/multi-robot-slam/install/multi_robot_slam/local/lib/python3.10/dist-packages/multi_robot_slam/msg/_pose_graph_edge.py
[0.429s] -- Up-to-date: /home/nangao/multi_explore/multi-robot-slam/install/multi_robot_slam/local/lib/python3.10/dist-packages/multi_robot_slam/msg/_pose_graph.py
[0.429s] -- Up-to-date: /home/nangao/multi_explore/multi-robot-slam/install/multi_robot_slam/local/lib/python3.10/dist-packages/multi_robot_slam/msg/_map_merge_status_s.c
[0.429s] -- Up-to-date: /home/nangao/multi_explore/multi-robot-slam/install/multi_robot_slam/local/lib/python3.10/dist-packages/multi_robot_slam/msg/_map_merge_status.py
[0.429s] -- Up-to-date: /home/nangao/multi_explore/multi-robot-slam/install/multi_robot_slam/local/lib/python3.10/dist-packages/multi_robot_slam/msg/_pose_graph_node_s.c
[0.429s] -- Up-to-date: /home/nangao/multi_explore/multi-robot-slam/install/multi_robot_slam/local/lib/python3.10/dist-packages/multi_robot_slam/msg/_pose_graph_s.c
[0.429s] -- Up-to-date: /home/nangao/multi_explore/multi-robot-slam/install/multi_robot_slam/local/lib/python3.10/dist-packages/multi_robot_slam/msg/_pose_graph_node.py
[0.429s] -- Up-to-date: /home/nangao/multi_explore/multi-robot-slam/install/multi_robot_slam/local/lib/python3.10/dist-packages/multi_robot_slam/msg/__init__.py
[0.429s] -- Up-to-date: /home/nangao/multi_explore/multi-robot-slam/install/multi_robot_slam/local/lib/python3.10/dist-packages/multi_robot_slam/_multi_robot_slam_s.ep.rosidl_typesupport_fastrtps_c.c
[0.429s] -- Up-to-date: /home/nangao/multi_explore/multi-robot-slam/install/multi_robot_slam/local/lib/python3.10/dist-packages/multi_robot_slam/multi_robot_slam_s__rosidl_typesupport_introspection_c.cpython-310-x86_64-linux-gnu.so
[0.429s] -- Up-to-date: /home/nangao/multi_explore/multi-robot-slam/install/multi_robot_slam/local/lib/python3.10/dist-packages/multi_robot_slam/multi_robot_slam_s__rosidl_typesupport_c.cpython-310-x86_64-linux-gnu.so
[0.429s] -- Up-to-date: /home/nangao/multi_explore/multi-robot-slam/install/multi_robot_slam/local/lib/python3.10/dist-packages/multi_robot_slam/__init__.py
[0.462s] Listing '/home/nangao/multi_explore/multi-robot-slam/install/multi_robot_slam/local/lib/python3.10/dist-packages/multi_robot_slam'...
[0.463s] Listing '/home/nangao/multi_explore/multi-robot-slam/install/multi_robot_slam/local/lib/python3.10/dist-packages/multi_robot_slam/msg'...
[0.466s] -- Up-to-date: /home/nangao/multi_explore/multi-robot-slam/install/multi_robot_slam/local/lib/python3.10/dist-packages/multi_robot_slam/multi_robot_slam_s__rosidl_typesupport_fastrtps_c.cpython-310-x86_64-linux-gnu.so
[0.466s] -- Up-to-date: /home/nangao/multi_explore/multi-robot-slam/install/multi_robot_slam/local/lib/python3.10/dist-packages/multi_robot_slam/multi_robot_slam_s__rosidl_typesupport_introspection_c.cpython-310-x86_64-linux-gnu.so
[0.466s] -- Up-to-date: /home/nangao/multi_explore/multi-robot-slam/install/multi_robot_slam/local/lib/python3.10/dist-packages/multi_robot_slam/multi_robot_slam_s__rosidl_typesupport_c.cpython-310-x86_64-linux-gnu.so
[0.467s] -- Up-to-date: /home/nangao/multi_explore/multi-robot-slam/install/multi_robot_slam/lib/libmulti_robot_slam__rosidl_generator_py.so
[0.467s] -- Up-to-date: /home/nangao/multi_explore/multi-robot-slam/install/multi_robot_slam/share/multi_robot_slam/msg/PoseGraphNode.idl
[0.467s] -- Up-to-date: /home/nangao/multi_explore/multi-robot-slam/install/multi_robot_slam/share/multi_robot_slam/msg/PoseGraphEdge.idl
[0.467s] -- Up-to-date: /home/nangao/multi_explore/multi-robot-slam/install/multi_robot_slam/share/multi_robot_slam/msg/PoseGraph.idl
[0.467s] -- Up-to-date: /home/nangao/multi_explore/multi-robot-slam/install/multi_robot_slam/share/multi_robot_slam/msg/MapMergeStatus.idl
[0.467s] -- Up-to-date: /home/nangao/multi_explore/multi-robot-slam/install/multi_robot_slam/share/multi_robot_slam/msg/PoseGraphNode.msg
[0.467s] -- Up-to-date: /home/nangao/multi_explore/multi-robot-slam/install/multi_robot_slam/share/multi_robot_slam/msg/PoseGraphEdge.msg
[0.467s] -- Up-to-date: /home/nangao/multi_explore/multi-robot-slam/install/multi_robot_slam/share/multi_robot_slam/msg/PoseGraph.msg
[0.467s] -- Up-to-date: /home/nangao/multi_explore/multi-robot-slam/install/multi_robot_slam/share/multi_robot_slam/msg/MapMergeStatus.msg
[0.468s] -- Up-to-date: /home/nangao/multi_explore/multi-robot-slam/install/multi_robot_slam/lib/multi_robot_slam/pose_graph_optimizer.py
[0.468s] -- Up-to-date: /home/nangao/multi_explore/multi-robot-slam/install/multi_robot_slam/lib/multi_robot_slam/map_merger.py
[0.468s] -- Installing: /home/nangao/multi_explore/multi-robot-slam/install/multi_robot_slam/lib/multi_robot_slam/tf_publisher.py
[0.470s] -- Up-to-date: /home/nangao/multi_explore/multi-robot-slam/install/multi_robot_slam/lib/multi_robot_slam/slam_coordinator.py
[0.470s] -- Up-to-date: /home/nangao/multi_explore/multi-robot-slam/install/multi_robot_slam/share/multi_robot_slam/launch
[0.470s] -- Up-to-date: /home/nangao/multi_explore/multi-robot-slam/install/multi_robot_slam/share/multi_robot_slam/launch/multi_robot_slam.launch.py
[0.470s] -- Up-to-date: /home/nangao/multi_explore/multi-robot-slam/install/multi_robot_slam/share/multi_robot_slam/config
[0.470s] -- Up-to-date: /home/nangao/multi_explore/multi-robot-slam/install/multi_robot_slam/share/multi_robot_slam/config/slam_params.yaml
[0.470s] -- Up-to-date: /home/nangao/multi_explore/multi-robot-slam/install/multi_robot_slam/share/multi_robot_slam/config/.gitkeep
[0.471s] -- Up-to-date: /home/nangao/multi_explore/multi-robot-slam/install/multi_robot_slam/share/ament_index/resource_index/package_run_dependencies/multi_robot_slam
[0.471s] -- Up-to-date: /home/nangao/multi_explore/multi-robot-slam/install/multi_robot_slam/share/ament_index/resource_index/parent_prefix_path/multi_robot_slam
[0.471s] -- Up-to-date: /home/nangao/multi_explore/multi-robot-slam/install/multi_robot_slam/share/multi_robot_slam/environment/ament_prefix_path.sh
[0.472s] -- Up-to-date: /home/nangao/multi_explore/multi-robot-slam/install/multi_robot_slam/share/multi_robot_slam/environment/ament_prefix_path.dsv
[0.472s] -- Up-to-date: /home/nangao/multi_explore/multi-robot-slam/install/multi_robot_slam/share/multi_robot_slam/environment/path.sh
[0.472s] -- Up-to-date: /home/nangao/multi_explore/multi-robot-slam/install/multi_robot_slam/share/multi_robot_slam/environment/path.dsv
[0.472s] -- Up-to-date: /home/nangao/multi_explore/multi-robot-slam/install/multi_robot_slam/share/multi_robot_slam/local_setup.bash
[0.472s] -- Up-to-date: /home/nangao/multi_explore/multi-robot-slam/install/multi_robot_slam/share/multi_robot_slam/local_setup.sh
[0.472s] -- Up-to-date: /home/nangao/multi_explore/multi-robot-slam/install/multi_robot_slam/share/multi_robot_slam/local_setup.zsh
[0.472s] -- Up-to-date: /home/nangao/multi_explore/multi-robot-slam/install/multi_robot_slam/share/multi_robot_slam/local_setup.dsv
[0.472s] -- Installing: /home/nangao/multi_explore/multi-robot-slam/install/multi_robot_slam/share/multi_robot_slam/package.dsv
[0.472s] -- Up-to-date: /home/nangao/multi_explore/multi-robot-slam/install/multi_robot_slam/share/ament_index/resource_index/packages/multi_robot_slam
[0.472s] -- Up-to-date: /home/nangao/multi_explore/multi-robot-slam/install/multi_robot_slam/share/multi_robot_slam/cmake/export_multi_robot_slam__rosidl_generator_cExport.cmake
[0.473s] -- Up-to-date: /home/nangao/multi_explore/multi-robot-slam/install/multi_robot_slam/share/multi_robot_slam/cmake/export_multi_robot_slam__rosidl_generator_cExport-noconfig.cmake
[0.473s] -- Up-to-date: /home/nangao/multi_explore/multi-robot-slam/install/multi_robot_slam/share/multi_robot_slam/cmake/export_multi_robot_slam__rosidl_typesupport_fastrtps_cExport.cmake
[0.473s] -- Up-to-date: /home/nangao/multi_explore/multi-robot-slam/install/multi_robot_slam/share/multi_robot_slam/cmake/export_multi_robot_slam__rosidl_typesupport_fastrtps_cExport-noconfig.cmake
[0.473s] -- Up-to-date: /home/nangao/multi_explore/multi-robot-slam/install/multi_robot_slam/share/multi_robot_slam/cmake/multi_robot_slam__rosidl_typesupport_introspection_cExport.cmake
[0.473s] -- Up-to-date: /home/nangao/multi_explore/multi-robot-slam/install/multi_robot_slam/share/multi_robot_slam/cmake/multi_robot_slam__rosidl_typesupport_introspection_cExport-noconfig.cmake
[0.473s] -- Up-to-date: /home/nangao/multi_explore/multi-robot-slam/install/multi_robot_slam/share/multi_robot_slam/cmake/multi_robot_slam__rosidl_typesupport_cExport.cmake
[0.473s] -- Up-to-date: /home/nangao/multi_explore/multi-robot-slam/install/multi_robot_slam/share/multi_robot_slam/cmake/multi_robot_slam__rosidl_typesupport_cExport-noconfig.cmake
[0.473s] -- Up-to-date: /home/nangao/multi_explore/multi-robot-slam/install/multi_robot_slam/share/multi_robot_slam/cmake/export_multi_robot_slam__rosidl_generator_cppExport.cmake
[0.473s] -- Up-to-date: /home/nangao/multi_explore/multi-robot-slam/install/multi_robot_slam/share/multi_robot_slam/cmake/export_multi_robot_slam__rosidl_typesupport_fastrtps_cppExport.cmake
[0.473s] -- Up-to-date: /home/nangao/multi_explore/multi-robot-slam/install/multi_robot_slam/share/multi_robot_slam/cmake/export_multi_robot_slam__rosidl_typesupport_fastrtps_cppExport-noconfig.cmake
[0.473s] -- Up-to-date: /home/nangao/multi_explore/multi-robot-slam/install/multi_robot_slam/share/multi_robot_slam/cmake/multi_robot_slam__rosidl_typesupport_introspection_cppExport.cmake
[0.473s] -- Up-to-date: /home/nangao/multi_explore/multi-robot-slam/install/multi_robot_slam/share/multi_robot_slam/cmake/multi_robot_slam__rosidl_typesupport_introspection_cppExport-noconfig.cmake
[0.473s] -- Up-to-date: /home/nangao/multi_explore/multi-robot-slam/install/multi_robot_slam/share/multi_robot_slam/cmake/multi_robot_slam__rosidl_typesupport_cppExport.cmake
[0.473s] -- Up-to-date: /home/nangao/multi_explore/multi-robot-slam/install/multi_robot_slam/share/multi_robot_slam/cmake/multi_robot_slam__rosidl_typesupport_cppExport-noconfig.cmake
[0.474s] -- Up-to-date: /home/nangao/multi_explore/multi-robot-slam/install/multi_robot_slam/share/multi_robot_slam/cmake/export_multi_robot_slam__rosidl_generator_pyExport.cmake
[0.474s] -- Up-to-date: /home/nangao/multi_explore/multi-robot-slam/install/multi_robot_slam/share/multi_robot_slam/cmake/export_multi_robot_slam__rosidl_generator_pyExport-noconfig.cmake
[0.474s] -- Up-to-date: /home/nangao/multi_explore/multi-robot-slam/install/multi_robot_slam/share/multi_robot_slam/cmake/rosidl_cmake-extras.cmake
[0.474s] -- Up-to-date: /home/nangao/multi_explore/multi-robot-slam/install/multi_robot_slam/share/multi_robot_slam/cmake/ament_cmake_export_dependencies-extras.cmake
[0.475s] -- Up-to-date: /home/nangao/multi_explore/multi-robot-slam/install/multi_robot_slam/share/multi_robot_slam/cmake/ament_cmake_export_include_directories-extras.cmake
[0.476s] -- Up-to-date: /home/nangao/multi_explore/multi-robot-slam/install/multi_robot_slam/share/multi_robot_slam/cmake/ament_cmake_export_libraries-extras.cmake
[0.476s] -- Up-to-date: /home/nangao/multi_explore/multi-robot-slam/install/multi_robot_slam/share/multi_robot_slam/cmake/ament_cmake_export_targets-extras.cmake
[0.476s] -- Up-to-date: /home/nangao/multi_explore/multi-robot-slam/install/multi_robot_slam/share/multi_robot_slam/cmake/rosidl_cmake_export_typesupport_targets-extras.cmake
[0.476s] -- Up-to-date: /home/nangao/multi_explore/multi-robot-slam/install/multi_robot_slam/share/multi_robot_slam/cmake/rosidl_cmake_export_typesupport_libraries-extras.cmake
[0.476s] -- Up-to-date: /home/nangao/multi_explore/multi-robot-slam/install/multi_robot_slam/share/multi_robot_slam/cmake/multi_robot_slamConfig.cmake
[0.476s] -- Up-to-date: /home/nangao/multi_explore/multi-robot-slam/install/multi_robot_slam/share/multi_robot_slam/cmake/multi_robot_slamConfig-version.cmake
[0.476s] -- Up-to-date: /home/nangao/multi_explore/multi-robot-slam/install/multi_robot_slam/share/multi_robot_slam/package.xml
[0.477s] Invoked command in '/home/nangao/multi_explore/multi-robot-slam/build/multi_robot_slam' returned '0': CMAKE_PREFIX_PATH=${CMAKE_PREFIX_PATH}:/opt/ros/humble /usr/bin/cmake --install /home/nangao/multi_explore/multi-robot-slam/build/multi_robot_slam
