[0.317s] DEBUG:colcon:Command line arguments: ['/usr/bin/colcon', 'build', '--packages-select', 'multi_robot_exploration']
[0.317s] DEBUG:colcon:Parsed command line arguments: Namespace(log_base=None, log_level=None, verb_name='build', build_base='build', install_base='install', merge_install=False, symlink_install=False, test_result_base=None, continue_on_error=False, executor='parallel', parallel_workers=8, event_handlers=None, ignore_user_meta=False, metas=['./colcon.meta'], base_paths=['.'], packages_ignore=None, packages_ignore_regex=None, paths=None, packages_up_to=None, packages_up_to_regex=None, packages_above=None, packages_above_and_dependencies=None, packages_above_depth=None, packages_select_by_dep=None, packages_skip_by_dep=None, packages_skip_up_to=None, packages_select_build_failed=False, packages_skip_build_finished=False, packages_select_test_failures=False, packages_skip_test_passed=False, packages_select=['multi_robot_exploration'], packages_skip=None, packages_select_regex=None, packages_skip_regex=None, packages_start=None, packages_end=None, allow_overriding=[], cmake_args=None, cmake_target=None, cmake_target_skip_unavailable=False, cmake_clean_cache=False, cmake_clean_first=False, cmake_force_configure=False, ament_cmake_args=None, catkin_cmake_args=None, catkin_skip_building_tests=False, verb_parser=<colcon_defaults.argument_parser.defaults.DefaultArgumentsDecorator object at 0x701d15350310>, verb_extension=<colcon_core.verb.build.BuildVerb object at 0x701d1531bdf0>, main=<bound method BuildVerb.main of <colcon_core.verb.build.BuildVerb object at 0x701d1531bdf0>>)
[0.544s] Level 1:colcon.colcon_core.package_discovery:discover_packages(colcon_meta) check parameters
[0.545s] Level 1:colcon.colcon_core.package_discovery:discover_packages(recursive) check parameters
[0.545s] Level 1:colcon.colcon_core.package_discovery:discover_packages(ignore) check parameters
[0.545s] Level 1:colcon.colcon_core.package_discovery:discover_packages(path) check parameters
[0.545s] Level 1:colcon.colcon_core.package_discovery:discover_packages(colcon_meta) discover
[0.545s] Level 1:colcon.colcon_core.package_discovery:discover_packages(recursive) discover
[0.545s] INFO:colcon.colcon_core.package_discovery:Crawling recursively for packages in '/home/nangao/multi_explore/multi-robot-slam'
[0.545s] Level 1:colcon.colcon_core.package_identification:_identify(.) by extensions ['ignore', 'ignore_ament_install']
[0.545s] Level 1:colcon.colcon_core.package_identification:_identify(.) by extension 'ignore'
[0.545s] Level 1:colcon.colcon_core.package_identification:_identify(.) by extension 'ignore_ament_install'
[0.545s] Level 1:colcon.colcon_core.package_identification:_identify(.) by extensions ['colcon_pkg']
[0.545s] Level 1:colcon.colcon_core.package_identification:_identify(.) by extension 'colcon_pkg'
[0.545s] Level 1:colcon.colcon_core.package_identification:_identify(.) by extensions ['colcon_meta']
[0.545s] Level 1:colcon.colcon_core.package_identification:_identify(.) by extension 'colcon_meta'
[0.545s] Level 1:colcon.colcon_core.package_identification:_identify(.) by extensions ['ros']
[0.545s] Level 1:colcon.colcon_core.package_identification:_identify(.) by extension 'ros'
[0.563s] Level 1:colcon.colcon_core.package_identification:_identify(.) by extensions ['cmake', 'python']
[0.563s] Level 1:colcon.colcon_core.package_identification:_identify(.) by extension 'cmake'
[0.563s] Level 1:colcon.colcon_core.package_identification:_identify(.) by extension 'python'
[0.563s] Level 1:colcon.colcon_core.package_identification:_identify(.) by extensions ['python_setup_py']
[0.563s] Level 1:colcon.colcon_core.package_identification:_identify(.) by extension 'python_setup_py'
[0.563s] Level 1:colcon.colcon_core.package_identification:_identify(build) by extensions ['ignore', 'ignore_ament_install']
[0.564s] Level 1:colcon.colcon_core.package_identification:_identify(build) by extension 'ignore'
[0.564s] Level 1:colcon.colcon_core.package_identification:_identify(build) ignored
[0.564s] Level 1:colcon.colcon_core.package_identification:_identify(install) by extensions ['ignore', 'ignore_ament_install']
[0.564s] Level 1:colcon.colcon_core.package_identification:_identify(install) by extension 'ignore'
[0.564s] Level 1:colcon.colcon_core.package_identification:_identify(install) ignored
[0.564s] Level 1:colcon.colcon_core.package_identification:_identify(log) by extensions ['ignore', 'ignore_ament_install']
[0.564s] Level 1:colcon.colcon_core.package_identification:_identify(log) by extension 'ignore'
[0.564s] Level 1:colcon.colcon_core.package_identification:_identify(log) ignored
[0.565s] Level 1:colcon.colcon_core.package_identification:_identify(src) by extensions ['ignore', 'ignore_ament_install']
[0.565s] Level 1:colcon.colcon_core.package_identification:_identify(src) by extension 'ignore'
[0.565s] Level 1:colcon.colcon_core.package_identification:_identify(src) by extension 'ignore_ament_install'
[0.565s] Level 1:colcon.colcon_core.package_identification:_identify(src) by extensions ['colcon_pkg']
[0.565s] Level 1:colcon.colcon_core.package_identification:_identify(src) by extension 'colcon_pkg'
[0.565s] Level 1:colcon.colcon_core.package_identification:_identify(src) by extensions ['colcon_meta']
[0.565s] Level 1:colcon.colcon_core.package_identification:_identify(src) by extension 'colcon_meta'
[0.565s] Level 1:colcon.colcon_core.package_identification:_identify(src) by extensions ['ros']
[0.565s] Level 1:colcon.colcon_core.package_identification:_identify(src) by extension 'ros'
[0.565s] Level 1:colcon.colcon_core.package_identification:_identify(src) by extensions ['cmake', 'python']
[0.565s] Level 1:colcon.colcon_core.package_identification:_identify(src) by extension 'cmake'
[0.565s] Level 1:colcon.colcon_core.package_identification:_identify(src) by extension 'python'
[0.565s] Level 1:colcon.colcon_core.package_identification:_identify(src) by extensions ['python_setup_py']
[0.565s] Level 1:colcon.colcon_core.package_identification:_identify(src) by extension 'python_setup_py'
[0.565s] Level 1:colcon.colcon_core.package_identification:_identify(src/multi_robot_exploration) by extensions ['ignore', 'ignore_ament_install']
[0.565s] Level 1:colcon.colcon_core.package_identification:_identify(src/multi_robot_exploration) by extension 'ignore'
[0.566s] Level 1:colcon.colcon_core.package_identification:_identify(src/multi_robot_exploration) by extension 'ignore_ament_install'
[0.566s] Level 1:colcon.colcon_core.package_identification:_identify(src/multi_robot_exploration) by extensions ['colcon_pkg']
[0.566s] Level 1:colcon.colcon_core.package_identification:_identify(src/multi_robot_exploration) by extension 'colcon_pkg'
[0.566s] Level 1:colcon.colcon_core.package_identification:_identify(src/multi_robot_exploration) by extensions ['colcon_meta']
[0.566s] Level 1:colcon.colcon_core.package_identification:_identify(src/multi_robot_exploration) by extension 'colcon_meta'
[0.566s] Level 1:colcon.colcon_core.package_identification:_identify(src/multi_robot_exploration) by extensions ['ros']
[0.566s] Level 1:colcon.colcon_core.package_identification:_identify(src/multi_robot_exploration) by extension 'ros'
[0.571s] DEBUG:colcon.colcon_core.package_identification:Package 'src/multi_robot_exploration' with type 'ros.ament_cmake' and name 'multi_robot_exploration'
[0.571s] Level 1:colcon.colcon_core.package_identification:_identify(src/multi_robot_slam) by extensions ['ignore', 'ignore_ament_install']
[0.571s] Level 1:colcon.colcon_core.package_identification:_identify(src/multi_robot_slam) by extension 'ignore'
[0.571s] Level 1:colcon.colcon_core.package_identification:_identify(src/multi_robot_slam) by extension 'ignore_ament_install'
[0.571s] Level 1:colcon.colcon_core.package_identification:_identify(src/multi_robot_slam) by extensions ['colcon_pkg']
[0.571s] Level 1:colcon.colcon_core.package_identification:_identify(src/multi_robot_slam) by extension 'colcon_pkg'
[0.571s] Level 1:colcon.colcon_core.package_identification:_identify(src/multi_robot_slam) by extensions ['colcon_meta']
[0.572s] Level 1:colcon.colcon_core.package_identification:_identify(src/multi_robot_slam) by extension 'colcon_meta'
[0.572s] Level 1:colcon.colcon_core.package_identification:_identify(src/multi_robot_slam) by extensions ['ros']
[0.572s] Level 1:colcon.colcon_core.package_identification:_identify(src/multi_robot_slam) by extension 'ros'
[0.573s] DEBUG:colcon.colcon_core.package_identification:Package 'src/multi_robot_slam' with type 'ros.ament_cmake' and name 'multi_robot_slam'
[0.574s] Level 1:colcon.colcon_core.package_identification:_identify(src/robot_description) by extensions ['ignore', 'ignore_ament_install']
[0.574s] Level 1:colcon.colcon_core.package_identification:_identify(src/robot_description) by extension 'ignore'
[0.574s] Level 1:colcon.colcon_core.package_identification:_identify(src/robot_description) by extension 'ignore_ament_install'
[0.574s] Level 1:colcon.colcon_core.package_identification:_identify(src/robot_description) by extensions ['colcon_pkg']
[0.574s] Level 1:colcon.colcon_core.package_identification:_identify(src/robot_description) by extension 'colcon_pkg'
[0.574s] Level 1:colcon.colcon_core.package_identification:_identify(src/robot_description) by extensions ['colcon_meta']
[0.574s] Level 1:colcon.colcon_core.package_identification:_identify(src/robot_description) by extension 'colcon_meta'
[0.574s] Level 1:colcon.colcon_core.package_identification:_identify(src/robot_description) by extensions ['ros']
[0.574s] Level 1:colcon.colcon_core.package_identification:_identify(src/robot_description) by extension 'ros'
[0.575s] DEBUG:colcon.colcon_core.package_identification:Package 'src/robot_description' with type 'ros.ament_cmake' and name 'robot_description'
[0.575s] Level 1:colcon.colcon_core.package_identification:_identify(src/uwb_simulation) by extensions ['ignore', 'ignore_ament_install']
[0.576s] Level 1:colcon.colcon_core.package_identification:_identify(src/uwb_simulation) by extension 'ignore'
[0.576s] Level 1:colcon.colcon_core.package_identification:_identify(src/uwb_simulation) by extension 'ignore_ament_install'
[0.576s] Level 1:colcon.colcon_core.package_identification:_identify(src/uwb_simulation) by extensions ['colcon_pkg']
[0.576s] Level 1:colcon.colcon_core.package_identification:_identify(src/uwb_simulation) by extension 'colcon_pkg'
[0.576s] Level 1:colcon.colcon_core.package_identification:_identify(src/uwb_simulation) by extensions ['colcon_meta']
[0.576s] Level 1:colcon.colcon_core.package_identification:_identify(src/uwb_simulation) by extension 'colcon_meta'
[0.576s] Level 1:colcon.colcon_core.package_identification:_identify(src/uwb_simulation) by extensions ['ros']
[0.576s] Level 1:colcon.colcon_core.package_identification:_identify(src/uwb_simulation) by extension 'ros'
[0.577s] DEBUG:colcon.colcon_core.package_identification:Package 'src/uwb_simulation' with type 'ros.ament_cmake' and name 'uwb_simulation'
[0.577s] Level 1:colcon.colcon_core.package_discovery:discover_packages(recursive) using defaults
[0.577s] Level 1:colcon.colcon_core.package_discovery:discover_packages(ignore) discover
[0.577s] Level 1:colcon.colcon_core.package_discovery:discover_packages(ignore) using defaults
[0.577s] Level 1:colcon.colcon_core.package_discovery:discover_packages(path) discover
[0.577s] Level 1:colcon.colcon_core.package_discovery:discover_packages(path) using defaults
[0.627s] INFO:colcon.colcon_core.package_selection:Skipping not selected package 'multi_robot_slam' in 'src/multi_robot_slam'
[0.628s] INFO:colcon.colcon_core.package_selection:Skipping not selected package 'robot_description' in 'src/robot_description'
[0.628s] INFO:colcon.colcon_core.package_selection:Skipping not selected package 'uwb_simulation' in 'src/uwb_simulation'
[0.628s] Level 1:colcon.colcon_core.package_discovery:discover_packages(prefix_path) check parameters
[0.628s] Level 1:colcon.colcon_core.package_discovery:discover_packages(prefix_path) discover
[0.630s] DEBUG:colcon.colcon_installed_package_information.package_discovery:Found 4 installed packages in /home/nangao/multi_explore/multi-robot-slam/install
[0.632s] DEBUG:colcon.colcon_installed_package_information.package_discovery:Found 370 installed packages in /opt/ros/humble
[0.634s] Level 1:colcon.colcon_core.package_discovery:discover_packages(prefix_path) using defaults
[0.689s] Level 5:colcon.colcon_core.verb:set package 'multi_robot_exploration' build argument 'cmake_args' from command line to 'None'
[0.690s] Level 5:colcon.colcon_core.verb:set package 'multi_robot_exploration' build argument 'cmake_target' from command line to 'None'
[0.690s] Level 5:colcon.colcon_core.verb:set package 'multi_robot_exploration' build argument 'cmake_target_skip_unavailable' from command line to 'False'
[0.690s] Level 5:colcon.colcon_core.verb:set package 'multi_robot_exploration' build argument 'cmake_clean_cache' from command line to 'False'
[0.690s] Level 5:colcon.colcon_core.verb:set package 'multi_robot_exploration' build argument 'cmake_clean_first' from command line to 'False'
[0.690s] Level 5:colcon.colcon_core.verb:set package 'multi_robot_exploration' build argument 'cmake_force_configure' from command line to 'False'
[0.690s] Level 5:colcon.colcon_core.verb:set package 'multi_robot_exploration' build argument 'ament_cmake_args' from command line to 'None'
[0.690s] Level 5:colcon.colcon_core.verb:set package 'multi_robot_exploration' build argument 'catkin_cmake_args' from command line to 'None'
[0.690s] Level 5:colcon.colcon_core.verb:set package 'multi_robot_exploration' build argument 'catkin_skip_building_tests' from command line to 'False'
[0.690s] DEBUG:colcon.colcon_core.verb:Building package 'multi_robot_exploration' with the following arguments: {'ament_cmake_args': None, 'build_base': '/home/nangao/multi_explore/multi-robot-slam/build/multi_robot_exploration', 'catkin_cmake_args': None, 'catkin_skip_building_tests': False, 'cmake_args': None, 'cmake_clean_cache': False, 'cmake_clean_first': False, 'cmake_force_configure': False, 'cmake_target': None, 'cmake_target_skip_unavailable': False, 'install_base': '/home/nangao/multi_explore/multi-robot-slam/install/multi_robot_exploration', 'merge_install': False, 'path': '/home/nangao/multi_explore/multi-robot-slam/src/multi_robot_exploration', 'symlink_install': False, 'test_result_base': None}
[0.691s] INFO:colcon.colcon_core.executor:Executing jobs using 'parallel' executor
[0.692s] DEBUG:colcon.colcon_parallel_executor.executor.parallel:run_until_complete
[0.692s] INFO:colcon.colcon_ros.task.ament_cmake.build:Building ROS package in '/home/nangao/multi_explore/multi-robot-slam/src/multi_robot_exploration' with build type 'ament_cmake'
[0.693s] INFO:colcon.colcon_cmake.task.cmake.build:Building CMake package in '/home/nangao/multi_explore/multi-robot-slam/src/multi_robot_exploration'
[0.697s] INFO:colcon.colcon_core.plugin_system:Skipping extension 'colcon_core.shell.bat': Not used on non-Windows systems
[0.698s] INFO:colcon.colcon_core.shell:Skip shell extension 'powershell' for command environment: Not usable outside of PowerShell
[0.698s] DEBUG:colcon.colcon_core.shell:Skip shell extension 'dsv' for command environment
[0.725s] DEBUG:colcon.colcon_core.event_handler.log_command:Invoking command in '/home/nangao/multi_explore/multi-robot-slam/build/multi_robot_exploration': CMAKE_PREFIX_PATH=${CMAKE_PREFIX_PATH}:/opt/ros/humble /usr/bin/cmake --build /home/nangao/multi_explore/multi-robot-slam/build/multi_robot_exploration -- -j8 -l8
[1.284s] DEBUG:colcon.colcon_core.event_handler.log_command:Invoked command in '/home/nangao/multi_explore/multi-robot-slam/build/multi_robot_exploration' returned '0': CMAKE_PREFIX_PATH=${CMAKE_PREFIX_PATH}:/opt/ros/humble /usr/bin/cmake --build /home/nangao/multi_explore/multi-robot-slam/build/multi_robot_exploration -- -j8 -l8
[1.305s] DEBUG:colcon.colcon_core.event_handler.log_command:Invoking command in '/home/nangao/multi_explore/multi-robot-slam/build/multi_robot_exploration': CMAKE_PREFIX_PATH=${CMAKE_PREFIX_PATH}:/opt/ros/humble /usr/bin/cmake --install /home/nangao/multi_explore/multi-robot-slam/build/multi_robot_exploration
[1.321s] Level 1:colcon.colcon_core.environment:create_environment_scripts_only(multi_robot_exploration)
[1.322s] DEBUG:colcon.colcon_core.event_handler.log_command:Invoked command in '/home/nangao/multi_explore/multi-robot-slam/build/multi_robot_exploration' returned '0': CMAKE_PREFIX_PATH=${CMAKE_PREFIX_PATH}:/opt/ros/humble /usr/bin/cmake --install /home/nangao/multi_explore/multi-robot-slam/build/multi_robot_exploration
[1.325s] Level 1:colcon.colcon_core.environment:checking '/home/nangao/multi_explore/multi-robot-slam/install/multi_robot_exploration' for CMake module files
[1.326s] Level 1:colcon.colcon_core.environment:checking '/home/nangao/multi_explore/multi-robot-slam/install/multi_robot_exploration' for CMake config files
[1.327s] Level 1:colcon.colcon_core.shell:create_environment_hook('multi_robot_exploration', 'cmake_prefix_path')
[1.327s] INFO:colcon.colcon_core.shell:Creating environment hook '/home/nangao/multi_explore/multi-robot-slam/install/multi_robot_exploration/share/multi_robot_exploration/hook/cmake_prefix_path.ps1'
[1.328s] INFO:colcon.colcon_core.shell:Creating environment descriptor '/home/nangao/multi_explore/multi-robot-slam/install/multi_robot_exploration/share/multi_robot_exploration/hook/cmake_prefix_path.dsv'
[1.329s] INFO:colcon.colcon_core.shell:Creating environment hook '/home/nangao/multi_explore/multi-robot-slam/install/multi_robot_exploration/share/multi_robot_exploration/hook/cmake_prefix_path.sh'
[1.331s] Level 1:colcon.colcon_core.environment:checking '/home/nangao/multi_explore/multi-robot-slam/install/multi_robot_exploration/lib'
[1.331s] Level 1:colcon.colcon_core.environment:checking '/home/nangao/multi_explore/multi-robot-slam/install/multi_robot_exploration/bin'
[1.331s] Level 1:colcon.colcon_core.environment:checking '/home/nangao/multi_explore/multi-robot-slam/install/multi_robot_exploration/lib/pkgconfig/multi_robot_exploration.pc'
[1.331s] Level 1:colcon.colcon_core.environment:checking '/home/nangao/multi_explore/multi-robot-slam/install/multi_robot_exploration/lib/python3.10/site-packages'
[1.332s] Level 1:colcon.colcon_core.environment:checking '/home/nangao/multi_explore/multi-robot-slam/install/multi_robot_exploration/bin'
[1.332s] INFO:colcon.colcon_core.shell:Creating package script '/home/nangao/multi_explore/multi-robot-slam/install/multi_robot_exploration/share/multi_robot_exploration/package.ps1'
[1.333s] INFO:colcon.colcon_core.shell:Creating package descriptor '/home/nangao/multi_explore/multi-robot-slam/install/multi_robot_exploration/share/multi_robot_exploration/package.dsv'
[1.333s] INFO:colcon.colcon_core.shell:Creating package script '/home/nangao/multi_explore/multi-robot-slam/install/multi_robot_exploration/share/multi_robot_exploration/package.sh'
[1.334s] INFO:colcon.colcon_core.shell:Creating package script '/home/nangao/multi_explore/multi-robot-slam/install/multi_robot_exploration/share/multi_robot_exploration/package.bash'
[1.334s] INFO:colcon.colcon_core.shell:Creating package script '/home/nangao/multi_explore/multi-robot-slam/install/multi_robot_exploration/share/multi_robot_exploration/package.zsh'
[1.335s] Level 1:colcon.colcon_core.environment:create_file_with_runtime_dependencies(/home/nangao/multi_explore/multi-robot-slam/install/multi_robot_exploration/share/colcon-core/packages/multi_robot_exploration)
[1.336s] Level 1:colcon.colcon_core.environment:create_environment_scripts_only(multi_robot_exploration)
[1.336s] Level 1:colcon.colcon_core.environment:checking '/home/nangao/multi_explore/multi-robot-slam/install/multi_robot_exploration' for CMake module files
[1.336s] Level 1:colcon.colcon_core.environment:checking '/home/nangao/multi_explore/multi-robot-slam/install/multi_robot_exploration' for CMake config files
[1.336s] Level 1:colcon.colcon_core.shell:create_environment_hook('multi_robot_exploration', 'cmake_prefix_path')
[1.336s] INFO:colcon.colcon_core.shell:Creating environment hook '/home/nangao/multi_explore/multi-robot-slam/install/multi_robot_exploration/share/multi_robot_exploration/hook/cmake_prefix_path.ps1'
[1.337s] INFO:colcon.colcon_core.shell:Creating environment descriptor '/home/nangao/multi_explore/multi-robot-slam/install/multi_robot_exploration/share/multi_robot_exploration/hook/cmake_prefix_path.dsv'
[1.337s] INFO:colcon.colcon_core.shell:Creating environment hook '/home/nangao/multi_explore/multi-robot-slam/install/multi_robot_exploration/share/multi_robot_exploration/hook/cmake_prefix_path.sh'
[1.338s] Level 1:colcon.colcon_core.environment:checking '/home/nangao/multi_explore/multi-robot-slam/install/multi_robot_exploration/lib'
[1.338s] Level 1:colcon.colcon_core.environment:checking '/home/nangao/multi_explore/multi-robot-slam/install/multi_robot_exploration/bin'
[1.338s] Level 1:colcon.colcon_core.environment:checking '/home/nangao/multi_explore/multi-robot-slam/install/multi_robot_exploration/lib/pkgconfig/multi_robot_exploration.pc'
[1.338s] Level 1:colcon.colcon_core.environment:checking '/home/nangao/multi_explore/multi-robot-slam/install/multi_robot_exploration/lib/python3.10/site-packages'
[1.339s] Level 1:colcon.colcon_core.environment:checking '/home/nangao/multi_explore/multi-robot-slam/install/multi_robot_exploration/bin'
[1.339s] INFO:colcon.colcon_core.shell:Creating package script '/home/nangao/multi_explore/multi-robot-slam/install/multi_robot_exploration/share/multi_robot_exploration/package.ps1'
[1.340s] INFO:colcon.colcon_core.shell:Creating package descriptor '/home/nangao/multi_explore/multi-robot-slam/install/multi_robot_exploration/share/multi_robot_exploration/package.dsv'
[1.341s] INFO:colcon.colcon_core.shell:Creating package script '/home/nangao/multi_explore/multi-robot-slam/install/multi_robot_exploration/share/multi_robot_exploration/package.sh'
[1.342s] INFO:colcon.colcon_core.shell:Creating package script '/home/nangao/multi_explore/multi-robot-slam/install/multi_robot_exploration/share/multi_robot_exploration/package.bash'
[1.342s] INFO:colcon.colcon_core.shell:Creating package script '/home/nangao/multi_explore/multi-robot-slam/install/multi_robot_exploration/share/multi_robot_exploration/package.zsh'
[1.343s] Level 1:colcon.colcon_core.environment:create_file_with_runtime_dependencies(/home/nangao/multi_explore/multi-robot-slam/install/multi_robot_exploration/share/colcon-core/packages/multi_robot_exploration)
[1.343s] DEBUG:colcon.colcon_parallel_executor.executor.parallel:closing loop
[1.344s] DEBUG:colcon.colcon_parallel_executor.executor.parallel:loop closed
[1.345s] DEBUG:colcon.colcon_parallel_executor.executor.parallel:run_until_complete finished with '0'
[1.345s] DEBUG:colcon.colcon_core.event_reactor:joining thread
[1.352s] INFO:colcon.colcon_core.plugin_system:Skipping extension 'colcon_notification.desktop_notification.terminal_notifier': Not used on non-Darwin systems
[1.352s] INFO:colcon.colcon_core.plugin_system:Skipping extension 'colcon_notification.desktop_notification.win32': Not used on non-Windows systems
[1.353s] INFO:colcon.colcon_notification.desktop_notification:Sending desktop notification using 'notify2'
[1.385s] DEBUG:colcon.colcon_core.event_reactor:joined thread
[1.386s] INFO:colcon.colcon_core.shell:Creating prefix script '/home/nangao/multi_explore/multi-robot-slam/install/local_setup.ps1'
[1.388s] INFO:colcon.colcon_core.shell:Creating prefix util module '/home/nangao/multi_explore/multi-robot-slam/install/_local_setup_util_ps1.py'
[1.390s] INFO:colcon.colcon_core.shell:Creating prefix chain script '/home/nangao/multi_explore/multi-robot-slam/install/setup.ps1'
[1.391s] INFO:colcon.colcon_core.shell:Creating prefix script '/home/nangao/multi_explore/multi-robot-slam/install/local_setup.sh'
[1.392s] INFO:colcon.colcon_core.shell:Creating prefix util module '/home/nangao/multi_explore/multi-robot-slam/install/_local_setup_util_sh.py'
[1.393s] INFO:colcon.colcon_core.shell:Creating prefix chain script '/home/nangao/multi_explore/multi-robot-slam/install/setup.sh'
[1.394s] INFO:colcon.colcon_core.shell:Creating prefix script '/home/nangao/multi_explore/multi-robot-slam/install/local_setup.bash'
[1.395s] INFO:colcon.colcon_core.shell:Creating prefix chain script '/home/nangao/multi_explore/multi-robot-slam/install/setup.bash'
[1.398s] INFO:colcon.colcon_core.shell:Creating prefix script '/home/nangao/multi_explore/multi-robot-slam/install/local_setup.zsh'
[1.398s] INFO:colcon.colcon_core.shell:Creating prefix chain script '/home/nangao/multi_explore/multi-robot-slam/install/setup.zsh'
