[0.036s] Invoking command in '/home/nangao/multi_explore/multi-robot-slam/build/robot_description': CMAKE_PREFIX_PATH=${CMAKE_PREFIX_PATH}:/opt/ros/humble /usr/bin/cmake /home/nangao/multi_explore/multi-robot-slam/src/robot_description -DCMAKE_INSTALL_PREFIX=/home/nangao/multi_explore/multi-robot-slam/install/robot_description
[0.136s] -- The C compiler identification is GNU 11.4.0
[0.219s] -- The CXX compiler identification is GNU 11.4.0
[0.234s] -- Detecting C compiler ABI info
[0.363s] -- Detecting C compiler ABI info - done
[0.367s] -- Check for working C compiler: /usr/bin/cc - skipped
[0.367s] -- Detecting C compile features
[0.367s] -- Detecting C compile features - done
[0.375s] -- Detecting CXX compiler ABI info
[0.556s] -- Detecting CXX compiler ABI info - done
[0.569s] -- Check for working CXX compiler: /usr/bin/c++ - skipped
[0.570s] -- Detecting CXX compile features
[0.570s] -- Detecting CXX compile features - done
[0.573s] -- Found ament_cmake: 1.3.12 (/opt/ros/humble/share/ament_cmake/cmake)
[0.799s] -- Found Python3: /usr/bin/python3 (found version "3.10.12") found components: Interpreter 
[1.046s] -- Configuring done
[1.047s] -- Generating done
[1.050s] -- Build files have been written to: /home/nangao/multi_explore/multi-robot-slam/build/robot_description
[1.065s] Invoked command in '/home/nangao/multi_explore/multi-robot-slam/build/robot_description' returned '0': CMAKE_PREFIX_PATH=${CMAKE_PREFIX_PATH}:/opt/ros/humble /usr/bin/cmake /home/nangao/multi_explore/multi-robot-slam/src/robot_description -DCMAKE_INSTALL_PREFIX=/home/nangao/multi_explore/multi-robot-slam/install/robot_description
[1.066s] Invoking command in '/home/nangao/multi_explore/multi-robot-slam/build/robot_description': CMAKE_PREFIX_PATH=${CMAKE_PREFIX_PATH}:/opt/ros/humble /usr/bin/cmake --build /home/nangao/multi_explore/multi-robot-slam/build/robot_description -- -j8 -l8
[1.131s] Invoked command in '/home/nangao/multi_explore/multi-robot-slam/build/robot_description' returned '0': CMAKE_PREFIX_PATH=${CMAKE_PREFIX_PATH}:/opt/ros/humble /usr/bin/cmake --build /home/nangao/multi_explore/multi-robot-slam/build/robot_description -- -j8 -l8
[1.132s] Invoking command in '/home/nangao/multi_explore/multi-robot-slam/build/robot_description': CMAKE_PREFIX_PATH=${CMAKE_PREFIX_PATH}:/opt/ros/humble /usr/bin/cmake --install /home/nangao/multi_explore/multi-robot-slam/build/robot_description
[1.144s] -- Install configuration: ""
[1.146s] -- Installing: /home/nangao/multi_explore/multi-robot-slam/install/robot_description/share/robot_description/launch
[1.146s] -- Installing: /home/nangao/multi_explore/multi-robot-slam/install/robot_description/share/robot_description/launch/bringup.launch.py
[1.146s] -- Installing: /home/nangao/multi_explore/multi-robot-slam/install/robot_description/share/robot_description/launch/multi_robot_gazebo.launch.py
[1.146s] -- Installing: /home/nangao/multi_explore/multi-robot-slam/install/robot_description/share/robot_description/urdf
[1.146s] -- Installing: /home/nangao/multi_explore/multi-robot-slam/install/robot_description/share/robot_description/urdf/actuator
[1.146s] -- Installing: /home/nangao/multi_explore/multi-robot-slam/install/robot_description/share/robot_description/urdf/actuator/caster.urdf.xacro
[1.146s] -- Installing: /home/nangao/multi_explore/multi-robot-slam/install/robot_description/share/robot_description/urdf/actuator/wheel.urdf.xacro
[1.146s] -- Installing: /home/nangao/multi_explore/multi-robot-slam/install/robot_description/share/robot_description/urdf/plugins
[1.146s] -- Installing: /home/nangao/multi_explore/multi-robot-slam/install/robot_description/share/robot_description/urdf/plugins/gazebo_sensor_plugin.xacro
[1.146s] -- Installing: /home/nangao/multi_explore/multi-robot-slam/install/robot_description/share/robot_description/urdf/plugins/gazebo_control_plugin.xacro
[1.146s] -- Installing: /home/nangao/multi_explore/multi-robot-slam/install/robot_description/share/robot_description/urdf/base.urdf.xacro
[1.146s] -- Installing: /home/nangao/multi_explore/multi-robot-slam/install/robot_description/share/robot_description/urdf/sensor
[1.147s] -- Installing: /home/nangao/multi_explore/multi-robot-slam/install/robot_description/share/robot_description/urdf/sensor/imu.urdf.xacro
[1.148s] -- Installing: /home/nangao/multi_explore/multi-robot-slam/install/robot_description/share/robot_description/urdf/sensor/laser.urdf.xacro
[1.148s] -- Installing: /home/nangao/multi_explore/multi-robot-slam/install/robot_description/share/robot_description/urdf/sensor/uwb.urdf.xacro
[1.148s] -- Installing: /home/nangao/multi_explore/multi-robot-slam/install/robot_description/share/robot_description/urdf/explorer_robot.urdf.xacro
[1.148s] -- Installing: /home/nangao/multi_explore/multi-robot-slam/install/robot_description/share/robot_description/urdf/common_inertial.xacro
[1.148s] -- Installing: /home/nangao/multi_explore/multi-robot-slam/install/robot_description/share/robot_description/config
[1.148s] -- Installing: /home/nangao/multi_explore/multi-robot-slam/install/robot_description/share/robot_description/config/multi_robot.rviz
[1.148s] -- Installing: /home/nangao/multi_explore/multi-robot-slam/install/robot_description/share/robot_description/world
[1.148s] -- Installing: /home/nangao/multi_explore/multi-robot-slam/install/robot_description/share/robot_description/world/exploration_world.world
[1.148s] -- Installing: /home/nangao/multi_explore/multi-robot-slam/install/robot_description/share/ament_index/resource_index/package_run_dependencies/robot_description
[1.148s] -- Installing: /home/nangao/multi_explore/multi-robot-slam/install/robot_description/share/ament_index/resource_index/parent_prefix_path/robot_description
[1.148s] -- Installing: /home/nangao/multi_explore/multi-robot-slam/install/robot_description/share/robot_description/environment/ament_prefix_path.sh
[1.148s] -- Installing: /home/nangao/multi_explore/multi-robot-slam/install/robot_description/share/robot_description/environment/ament_prefix_path.dsv
[1.149s] -- Installing: /home/nangao/multi_explore/multi-robot-slam/install/robot_description/share/robot_description/environment/path.sh
[1.149s] -- Installing: /home/nangao/multi_explore/multi-robot-slam/install/robot_description/share/robot_description/environment/path.dsv
[1.149s] -- Installing: /home/nangao/multi_explore/multi-robot-slam/install/robot_description/share/robot_description/local_setup.bash
[1.149s] -- Installing: /home/nangao/multi_explore/multi-robot-slam/install/robot_description/share/robot_description/local_setup.sh
[1.149s] -- Installing: /home/nangao/multi_explore/multi-robot-slam/install/robot_description/share/robot_description/local_setup.zsh
[1.149s] -- Installing: /home/nangao/multi_explore/multi-robot-slam/install/robot_description/share/robot_description/local_setup.dsv
[1.149s] -- Installing: /home/nangao/multi_explore/multi-robot-slam/install/robot_description/share/robot_description/package.dsv
[1.149s] -- Installing: /home/nangao/multi_explore/multi-robot-slam/install/robot_description/share/ament_index/resource_index/packages/robot_description
[1.149s] -- Installing: /home/nangao/multi_explore/multi-robot-slam/install/robot_description/share/robot_description/cmake/robot_descriptionConfig.cmake
[1.149s] -- Installing: /home/nangao/multi_explore/multi-robot-slam/install/robot_description/share/robot_description/cmake/robot_descriptionConfig-version.cmake
[1.149s] -- Installing: /home/nangao/multi_explore/multi-robot-slam/install/robot_description/share/robot_description/package.xml
[1.152s] Invoked command in '/home/nangao/multi_explore/multi-robot-slam/build/robot_description' returned '0': CMAKE_PREFIX_PATH=${CMAKE_PREFIX_PATH}:/opt/ros/humble /usr/bin/cmake --install /home/nangao/multi_explore/multi-robot-slam/build/robot_description
